[0.658s] Invoking command in '/home/hotaka/R1_ros_ws/src/RSPkg': PYTHONPATH=/home/hotaka/R1_ros_ws/build/RSPkg/prefix_override:/usr/lib/python3/dist-packages/colcon_core/task/python/colcon_distutils_commands:/home/hotaka/R1_ros_ws/install/RSPkg/lib/python3.10/site-packages:${PYTHONPATH} /usr/bin/python3 -W ignore:setup.py install is deprecated setup.py egg_info --egg-base ../../build/RSPkg build --build-base /home/hotaka/R1_ros_ws/build/RSPkg/build install --record /home/hotaka/R1_ros_ws/build/RSPkg/install.log --single-version-externally-managed install_data
[0.797s] running egg_info
[0.797s] writing ../../build/RSPkg/RSPkg.egg-info/PKG-INFO
[0.798s] writing dependency_links to ../../build/RSPkg/RSPkg.egg-info/dependency_links.txt
[0.798s] writing entry points to ../../build/RSPkg/RSPkg.egg-info/entry_points.txt
[0.798s] writing requirements to ../../build/RSPkg/RSPkg.egg-info/requires.txt
[0.798s] writing top-level names to ../../build/RSPkg/RSPkg.egg-info/top_level.txt
[0.799s] reading manifest file '../../build/RSPkg/RSPkg.egg-info/SOURCES.txt'
[0.799s] writing manifest file '../../build/RSPkg/RSPkg.egg-info/SOURCES.txt'
[0.799s] running build
[0.799s] running build_py
[0.800s] running install
[0.800s] running install_lib
[0.800s] running install_data
[0.800s] running install_egg_info
[0.801s] removing '/home/hotaka/R1_ros_ws/install/RSPkg/lib/python3.10/site-packages/RSPkg-0.0.0-py3.10.egg-info' (and everything under it)
[0.802s] Copying ../../build/RSPkg/RSPkg.egg-info to /home/hotaka/R1_ros_ws/install/RSPkg/lib/python3.10/site-packages/RSPkg-0.0.0-py3.10.egg-info
[0.802s] running install_scripts
[0.827s] Installing RS_node script to /home/hotaka/R1_ros_ws/install/RSPkg/lib/RSPkg
[0.827s] writing list of installed files to '/home/hotaka/R1_ros_ws/build/RSPkg/install.log'
[0.855s] Invoked command in '/home/hotaka/R1_ros_ws/src/RSPkg' returned '0': PYTHONPATH=/home/hotaka/R1_ros_ws/build/RSPkg/prefix_override:/usr/lib/python3/dist-packages/colcon_core/task/python/colcon_distutils_commands:/home/hotaka/R1_ros_ws/install/RSPkg/lib/python3.10/site-packages:${PYTHONPATH} /usr/bin/python3 -W ignore:setup.py install is deprecated setup.py egg_info --egg-base ../../build/RSPkg build --build-base /home/hotaka/R1_ros_ws/build/RSPkg/build install --record /home/hotaka/R1_ros_ws/build/RSPkg/install.log --single-version-externally-managed install_data
