[1.122s] Invoking command in '/home/hotaka/R1_ros_ws/src/DebugPkg': PYTHONPATH=/home/hotaka/R1_ros_ws/build/DebugPkg/prefix_override:/home/hotaka/R1_ros_ws/install/DebugPkg/lib/python3.10/site-packages:${PYTHONPATH} /usr/bin/python3 -W ignore:setup.py install is deprecated setup.py egg_info --egg-base ../../build/DebugPkg build --build-base /home/hotaka/R1_ros_ws/build/DebugPkg/build install --record /home/hotaka/R1_ros_ws/build/DebugPkg/install.log --single-version-externally-managed install_data
[1.416s] running egg_info
[1.417s] writing ../../build/DebugPkg/DebugPkg.egg-info/PKG-INFO
[1.417s] writing dependency_links to ../../build/DebugPkg/DebugPkg.egg-info/dependency_links.txt
[1.417s] writing entry points to ../../build/DebugPkg/DebugPkg.egg-info/entry_points.txt
[1.417s] writing requirements to ../../build/DebugPkg/DebugPkg.egg-info/requires.txt
[1.417s] writing top-level names to ../../build/DebugPkg/DebugPkg.egg-info/top_level.txt
[1.419s] reading manifest file '../../build/DebugPkg/DebugPkg.egg-info/SOURCES.txt'
[1.420s] writing manifest file '../../build/DebugPkg/DebugPkg.egg-info/SOURCES.txt'
[1.420s] running build
[1.420s] running build_py
[1.420s] copying DebugPkg/debug_GUI.py -> /home/hotaka/R1_ros_ws/build/DebugPkg/build/lib/DebugPkg
[1.421s] running install
[1.421s] running install_lib
[1.422s] copying /home/hotaka/R1_ros_ws/build/DebugPkg/build/lib/DebugPkg/debug_GUI.py -> /home/hotaka/R1_ros_ws/install/DebugPkg/lib/python3.10/site-packages/DebugPkg
[1.422s] byte-compiling /home/hotaka/R1_ros_ws/install/DebugPkg/lib/python3.10/site-packages/DebugPkg/debug_GUI.py to debug_GUI.cpython-310.pyc
[1.423s] running install_data
[1.423s] running install_egg_info
[1.425s] removing '/home/hotaka/R1_ros_ws/install/DebugPkg/lib/python3.10/site-packages/DebugPkg-0.0.0-py3.10.egg-info' (and everything under it)
[1.425s] Copying ../../build/DebugPkg/DebugPkg.egg-info to /home/hotaka/R1_ros_ws/install/DebugPkg/lib/python3.10/site-packages/DebugPkg-0.0.0-py3.10.egg-info
[1.426s] running install_scripts
[1.447s] Installing debug_node script to /home/hotaka/R1_ros_ws/install/DebugPkg/lib/DebugPkg
[1.447s] writing list of installed files to '/home/hotaka/R1_ros_ws/build/DebugPkg/install.log'
[1.478s] Invoked command in '/home/hotaka/R1_ros_ws/src/DebugPkg' returned '0': PYTHONPATH=/home/hotaka/R1_ros_ws/build/DebugPkg/prefix_override:/home/hotaka/R1_ros_ws/install/DebugPkg/lib/python3.10/site-packages:${PYTHONPATH} /usr/bin/python3 -W ignore:setup.py install is deprecated setup.py egg_info --egg-base ../../build/DebugPkg build --build-base /home/hotaka/R1_ros_ws/build/DebugPkg/build install --record /home/hotaka/R1_ros_ws/build/DebugPkg/install.log --single-version-externally-managed install_data
