[0.690s] Invoking command in '/home/hotaka/2024_RoboconB_Repository/program/R1_ros_ws/src/SerialPkg': PYTHONPATH=/home/hotaka/2024_RoboconB_Repository/program/R1_ros_ws/build/SerialPkg/prefix_override:/home/hotaka/2024_RoboconB_Repository/program/R1_ros_ws/install/SerialPkg/lib/python3.10/site-packages:${PYTHONPATH} /usr/bin/python3 -W ignore:setup.py install is deprecated setup.py egg_info --egg-base ../../build/SerialPkg build --build-base /home/hotaka/2024_RoboconB_Repository/program/R1_ros_ws/build/SerialPkg/build install --record /home/hotaka/2024_RoboconB_Repository/program/R1_ros_ws/build/SerialPkg/install.log --single-version-externally-managed install_data
[0.867s] running egg_info
[0.868s] writing ../../build/SerialPkg/SerialPkg.egg-info/PKG-INFO
[0.868s] writing dependency_links to ../../build/SerialPkg/SerialPkg.egg-info/dependency_links.txt
[0.868s] writing entry points to ../../build/SerialPkg/SerialPkg.egg-info/entry_points.txt
[0.868s] writing requirements to ../../build/SerialPkg/SerialPkg.egg-info/requires.txt
[0.868s] writing top-level names to ../../build/SerialPkg/SerialPkg.egg-info/top_level.txt
[0.869s] reading manifest file '../../build/SerialPkg/SerialPkg.egg-info/SOURCES.txt'
[0.869s] adding license file 'LICENSE'
[0.870s] writing manifest file '../../build/SerialPkg/SerialPkg.egg-info/SOURCES.txt'
[0.870s] running build
[0.870s] running build_py
[0.870s] copying SerialPkg/serial_node.py -> /home/hotaka/2024_RoboconB_Repository/program/R1_ros_ws/build/SerialPkg/build/lib/SerialPkg
[0.870s] copying SerialPkg/IM920_node.py -> /home/hotaka/2024_RoboconB_Repository/program/R1_ros_ws/build/SerialPkg/build/lib/SerialPkg
[0.870s] copying SerialPkg/IM920sL.py -> /home/hotaka/2024_RoboconB_Repository/program/R1_ros_ws/build/SerialPkg/build/lib/SerialPkg
[0.871s] running install
[0.871s] running install_lib
[0.871s] copying /home/hotaka/2024_RoboconB_Repository/program/R1_ros_ws/build/SerialPkg/build/lib/SerialPkg/serial_node.py -> /home/hotaka/2024_RoboconB_Repository/program/R1_ros_ws/install/SerialPkg/lib/python3.10/site-packages/SerialPkg
[0.871s] copying /home/hotaka/2024_RoboconB_Repository/program/R1_ros_ws/build/SerialPkg/build/lib/SerialPkg/IM920_node.py -> /home/hotaka/2024_RoboconB_Repository/program/R1_ros_ws/install/SerialPkg/lib/python3.10/site-packages/SerialPkg
[0.871s] copying /home/hotaka/2024_RoboconB_Repository/program/R1_ros_ws/build/SerialPkg/build/lib/SerialPkg/IM920sL.py -> /home/hotaka/2024_RoboconB_Repository/program/R1_ros_ws/install/SerialPkg/lib/python3.10/site-packages/SerialPkg
[0.872s] byte-compiling /home/hotaka/2024_RoboconB_Repository/program/R1_ros_ws/install/SerialPkg/lib/python3.10/site-packages/SerialPkg/serial_node.py to serial_node.cpython-310.pyc
[0.872s] byte-compiling /home/hotaka/2024_RoboconB_Repository/program/R1_ros_ws/install/SerialPkg/lib/python3.10/site-packages/SerialPkg/IM920_node.py to IM920_node.cpython-310.pyc
[0.873s] byte-compiling /home/hotaka/2024_RoboconB_Repository/program/R1_ros_ws/install/SerialPkg/lib/python3.10/site-packages/SerialPkg/IM920sL.py to IM920sL.cpython-310.pyc
[0.873s] running install_data
[0.873s] running install_egg_info
[0.874s] removing '/home/hotaka/2024_RoboconB_Repository/program/R1_ros_ws/install/SerialPkg/lib/python3.10/site-packages/SerialPkg-0.0.0-py3.10.egg-info' (and everything under it)
[0.874s] Copying ../../build/SerialPkg/SerialPkg.egg-info to /home/hotaka/2024_RoboconB_Repository/program/R1_ros_ws/install/SerialPkg/lib/python3.10/site-packages/SerialPkg-0.0.0-py3.10.egg-info
[0.875s] running install_scripts
[0.890s] Installing serial_node = SerialPkg.serial_node:mainIM920_node script to /home/hotaka/2024_RoboconB_Repository/program/R1_ros_ws/install/SerialPkg/lib/SerialPkg
[0.890s] writing list of installed files to '/home/hotaka/2024_RoboconB_Repository/program/R1_ros_ws/build/SerialPkg/install.log'
[0.918s] Invoked command in '/home/hotaka/2024_RoboconB_Repository/program/R1_ros_ws/src/SerialPkg' returned '0': PYTHONPATH=/home/hotaka/2024_RoboconB_Repository/program/R1_ros_ws/build/SerialPkg/prefix_override:/home/hotaka/2024_RoboconB_Repository/program/R1_ros_ws/install/SerialPkg/lib/python3.10/site-packages:${PYTHONPATH} /usr/bin/python3 -W ignore:setup.py install is deprecated setup.py egg_info --egg-base ../../build/SerialPkg build --build-base /home/hotaka/2024_RoboconB_Repository/program/R1_ros_ws/build/SerialPkg/build install --record /home/hotaka/2024_RoboconB_Repository/program/R1_ros_ws/build/SerialPkg/install.log --single-version-externally-managed install_data
