[0.553s] Invoking command in '/home/hotaka/2024_RoboconB_Repository/program/R1_ros_ws/src/SerialPkg': PYTHONPATH=/home/hotaka/2024_RoboconB_Repository/program/R1_ros_ws/build/SerialPkg/prefix_override:/home/hotaka/2024_RoboconB_Repository/program/R1_ros_ws/install/SerialPkg/lib/python3.10/site-packages:${PYTHONPATH} /usr/bin/python3 -W ignore:setup.py install is deprecated setup.py egg_info --egg-base ../../build/SerialPkg build --build-base /home/hotaka/2024_RoboconB_Repository/program/R1_ros_ws/build/SerialPkg/build install --record /home/hotaka/2024_RoboconB_Repository/program/R1_ros_ws/build/SerialPkg/install.log --single-version-externally-managed install_data
[0.698s] running egg_info
[0.699s] writing ../../build/SerialPkg/SerialPkg.egg-info/PKG-INFO
[0.699s] writing dependency_links to ../../build/SerialPkg/SerialPkg.egg-info/dependency_links.txt
[0.699s] writing entry points to ../../build/SerialPkg/SerialPkg.egg-info/entry_points.txt
[0.699s] writing requirements to ../../build/SerialPkg/SerialPkg.egg-info/requires.txt
[0.699s] writing top-level names to ../../build/SerialPkg/SerialPkg.egg-info/top_level.txt
[0.701s] reading manifest file '../../build/SerialPkg/SerialPkg.egg-info/SOURCES.txt'
[0.701s] adding license file 'LICENSE'
[0.701s] writing manifest file '../../build/SerialPkg/SerialPkg.egg-info/SOURCES.txt'
[0.701s] running build
[0.701s] running build_py
[0.702s] running install
[0.702s] running install_lib
[0.704s] running install_data
[0.704s] running install_egg_info
[0.707s] removing '/home/hotaka/2024_RoboconB_Repository/program/R1_ros_ws/install/SerialPkg/lib/python3.10/site-packages/SerialPkg-0.0.0-py3.10.egg-info' (and everything under it)
[0.707s] Copying ../../build/SerialPkg/SerialPkg.egg-info to /home/hotaka/2024_RoboconB_Repository/program/R1_ros_ws/install/SerialPkg/lib/python3.10/site-packages/SerialPkg-0.0.0-py3.10.egg-info
[0.708s] running install_scripts
[0.730s] Installing IM920_node script to /home/hotaka/2024_RoboconB_Repository/program/R1_ros_ws/install/SerialPkg/lib/SerialPkg
[0.730s] Installing serial_node script to /home/hotaka/2024_RoboconB_Repository/program/R1_ros_ws/install/SerialPkg/lib/SerialPkg
[0.730s] writing list of installed files to '/home/hotaka/2024_RoboconB_Repository/program/R1_ros_ws/build/SerialPkg/install.log'
[0.757s] Invoked command in '/home/hotaka/2024_RoboconB_Repository/program/R1_ros_ws/src/SerialPkg' returned '0': PYTHONPATH=/home/hotaka/2024_RoboconB_Repository/program/R1_ros_ws/build/SerialPkg/prefix_override:/home/hotaka/2024_RoboconB_Repository/program/R1_ros_ws/install/SerialPkg/lib/python3.10/site-packages:${PYTHONPATH} /usr/bin/python3 -W ignore:setup.py install is deprecated setup.py egg_info --egg-base ../../build/SerialPkg build --build-base /home/hotaka/2024_RoboconB_Repository/program/R1_ros_ws/build/SerialPkg/build install --record /home/hotaka/2024_RoboconB_Repository/program/R1_ros_ws/build/SerialPkg/install.log --single-version-externally-managed install_data
