[0.069s] DEBUG:colcon:Command line arguments: ['/usr/bin/colcon', 'build']
[0.069s] DEBUG:colcon:Parsed command line arguments: Namespace(log_base=None, log_level=None, verb_name='build', build_base='build', install_base='install', merge_install=False, symlink_install=False, test_result_base=None, continue_on_error=False, executor='parallel', parallel_workers=8, event_handlers=None, ignore_user_meta=False, metas=['./colcon.meta'], base_paths=['.'], packages_ignore=None, packages_ignore_regex=None, paths=None, packages_up_to=None, packages_up_to_regex=None, packages_above=None, packages_above_and_dependencies=None, packages_above_depth=None, packages_select_by_dep=None, packages_skip_by_dep=None, packages_skip_up_to=None, packages_select_build_failed=False, packages_skip_build_finished=False, packages_select_test_failures=False, packages_skip_test_passed=False, packages_select=None, packages_skip=None, packages_select_regex=None, packages_skip_regex=None, packages_start=None, packages_end=None, allow_overriding=[], cmake_args=None, cmake_target=None, cmake_target_skip_unavailable=False, cmake_clean_cache=False, cmake_clean_first=False, cmake_force_configure=False, ament_cmake_args=None, catkin_cmake_args=None, catkin_skip_building_tests=False, mixin_files=None, mixin=None, verb_parser=<colcon_mixin.mixin.mixin_argument.MixinArgumentDecorator object at 0x79b766302470>, verb_extension=<colcon_core.verb.build.BuildVerb object at 0x79b76640ab00>, main=<bound method BuildVerb.main of <colcon_core.verb.build.BuildVerb object at 0x79b76640ab00>>, mixin_verb=('build',))
[0.154s] Level 1:colcon.colcon_core.package_discovery:discover_packages(colcon_meta) check parameters
[0.155s] Level 1:colcon.colcon_core.package_discovery:discover_packages(recursive) check parameters
[0.155s] Level 1:colcon.colcon_core.package_discovery:discover_packages(ignore) check parameters
[0.155s] Level 1:colcon.colcon_core.package_discovery:discover_packages(path) check parameters
[0.155s] Level 1:colcon.colcon_core.package_discovery:discover_packages(colcon_meta) discover
[0.155s] Level 1:colcon.colcon_core.package_discovery:discover_packages(recursive) discover
[0.155s] INFO:colcon.colcon_core.package_discovery:Crawling recursively for packages in '/home/hotaka/2024_RoboconB_Repository/program/R1_ros_ws'
[0.155s] Level 1:colcon.colcon_core.package_identification:_identify(.) by extensions ['ignore', 'ignore_ament_install']
[0.155s] Level 1:colcon.colcon_core.package_identification:_identify(.) by extension 'ignore'
[0.155s] Level 1:colcon.colcon_core.package_identification:_identify(.) by extension 'ignore_ament_install'
[0.155s] Level 1:colcon.colcon_core.package_identification:_identify(.) by extensions ['colcon_pkg']
[0.155s] Level 1:colcon.colcon_core.package_identification:_identify(.) by extension 'colcon_pkg'
[0.155s] Level 1:colcon.colcon_core.package_identification:_identify(.) by extensions ['colcon_meta']
[0.155s] Level 1:colcon.colcon_core.package_identification:_identify(.) by extension 'colcon_meta'
[0.155s] Level 1:colcon.colcon_core.package_identification:_identify(.) by extensions ['ros']
[0.155s] Level 1:colcon.colcon_core.package_identification:_identify(.) by extension 'ros'
[0.163s] Level 1:colcon.colcon_core.package_identification:_identify(.) by extensions ['cmake', 'python']
[0.163s] Level 1:colcon.colcon_core.package_identification:_identify(.) by extension 'cmake'
[0.163s] Level 1:colcon.colcon_core.package_identification:_identify(.) by extension 'python'
[0.163s] Level 1:colcon.colcon_core.package_identification:_identify(.) by extensions ['python_setup_py']
[0.163s] Level 1:colcon.colcon_core.package_identification:_identify(.) by extension 'python_setup_py'
[0.163s] Level 1:colcon.colcon_core.package_identification:_identify(build) by extensions ['ignore', 'ignore_ament_install']
[0.163s] Level 1:colcon.colcon_core.package_identification:_identify(build) by extension 'ignore'
[0.163s] Level 1:colcon.colcon_core.package_identification:_identify(build) ignored
[0.163s] Level 1:colcon.colcon_core.package_identification:_identify(install) by extensions ['ignore', 'ignore_ament_install']
[0.163s] Level 1:colcon.colcon_core.package_identification:_identify(install) by extension 'ignore'
[0.163s] Level 1:colcon.colcon_core.package_identification:_identify(install) ignored
[0.163s] Level 1:colcon.colcon_core.package_identification:_identify(log) by extensions ['ignore', 'ignore_ament_install']
[0.163s] Level 1:colcon.colcon_core.package_identification:_identify(log) by extension 'ignore'
[0.164s] Level 1:colcon.colcon_core.package_identification:_identify(log) ignored
[0.164s] Level 1:colcon.colcon_core.package_identification:_identify(src) by extensions ['ignore', 'ignore_ament_install']
[0.164s] Level 1:colcon.colcon_core.package_identification:_identify(src) by extension 'ignore'
[0.164s] Level 1:colcon.colcon_core.package_identification:_identify(src) by extension 'ignore_ament_install'
[0.164s] Level 1:colcon.colcon_core.package_identification:_identify(src) by extensions ['colcon_pkg']
[0.164s] Level 1:colcon.colcon_core.package_identification:_identify(src) by extension 'colcon_pkg'
[0.164s] Level 1:colcon.colcon_core.package_identification:_identify(src) by extensions ['colcon_meta']
[0.164s] Level 1:colcon.colcon_core.package_identification:_identify(src) by extension 'colcon_meta'
[0.164s] Level 1:colcon.colcon_core.package_identification:_identify(src) by extensions ['ros']
[0.164s] Level 1:colcon.colcon_core.package_identification:_identify(src) by extension 'ros'
[0.164s] Level 1:colcon.colcon_core.package_identification:_identify(src) by extensions ['cmake', 'python']
[0.164s] Level 1:colcon.colcon_core.package_identification:_identify(src) by extension 'cmake'
[0.164s] Level 1:colcon.colcon_core.package_identification:_identify(src) by extension 'python'
[0.164s] Level 1:colcon.colcon_core.package_identification:_identify(src) by extensions ['python_setup_py']
[0.164s] Level 1:colcon.colcon_core.package_identification:_identify(src) by extension 'python_setup_py'
[0.164s] Level 1:colcon.colcon_core.package_identification:_identify(src/CalcuPkg) by extensions ['ignore', 'ignore_ament_install']
[0.164s] Level 1:colcon.colcon_core.package_identification:_identify(src/CalcuPkg) by extension 'ignore'
[0.164s] Level 1:colcon.colcon_core.package_identification:_identify(src/CalcuPkg) by extension 'ignore_ament_install'
[0.164s] Level 1:colcon.colcon_core.package_identification:_identify(src/CalcuPkg) by extensions ['colcon_pkg']
[0.164s] Level 1:colcon.colcon_core.package_identification:_identify(src/CalcuPkg) by extension 'colcon_pkg'
[0.164s] Level 1:colcon.colcon_core.package_identification:_identify(src/CalcuPkg) by extensions ['colcon_meta']
[0.164s] Level 1:colcon.colcon_core.package_identification:_identify(src/CalcuPkg) by extension 'colcon_meta'
[0.165s] Level 1:colcon.colcon_core.package_identification:_identify(src/CalcuPkg) by extensions ['ros']
[0.165s] Level 1:colcon.colcon_core.package_identification:_identify(src/CalcuPkg) by extension 'ros'
[0.166s] DEBUG:colcon.colcon_core.package_identification:Package 'src/CalcuPkg' with type 'ros.ament_python' and name 'CalcuPkg'
[0.166s] Level 1:colcon.colcon_core.package_identification:_identify(src/SerialPkg) by extensions ['ignore', 'ignore_ament_install']
[0.167s] Level 1:colcon.colcon_core.package_identification:_identify(src/SerialPkg) by extension 'ignore'
[0.167s] Level 1:colcon.colcon_core.package_identification:_identify(src/SerialPkg) by extension 'ignore_ament_install'
[0.167s] Level 1:colcon.colcon_core.package_identification:_identify(src/SerialPkg) by extensions ['colcon_pkg']
[0.167s] Level 1:colcon.colcon_core.package_identification:_identify(src/SerialPkg) by extension 'colcon_pkg'
[0.167s] Level 1:colcon.colcon_core.package_identification:_identify(src/SerialPkg) by extensions ['colcon_meta']
[0.167s] Level 1:colcon.colcon_core.package_identification:_identify(src/SerialPkg) by extension 'colcon_meta'
[0.167s] Level 1:colcon.colcon_core.package_identification:_identify(src/SerialPkg) by extensions ['ros']
[0.167s] Level 1:colcon.colcon_core.package_identification:_identify(src/SerialPkg) by extension 'ros'
[0.167s] DEBUG:colcon.colcon_core.package_identification:Package 'src/SerialPkg' with type 'ros.ament_python' and name 'SerialPkg'
[0.167s] Level 1:colcon.colcon_core.package_discovery:discover_packages(recursive) using defaults
[0.167s] Level 1:colcon.colcon_core.package_discovery:discover_packages(ignore) discover
[0.167s] Level 1:colcon.colcon_core.package_discovery:discover_packages(ignore) using defaults
[0.167s] Level 1:colcon.colcon_core.package_discovery:discover_packages(path) discover
[0.167s] Level 1:colcon.colcon_core.package_discovery:discover_packages(path) using defaults
[0.185s] Level 1:colcon.colcon_core.package_discovery:discover_packages(prefix_path) check parameters
[0.185s] Level 1:colcon.colcon_core.package_discovery:discover_packages(prefix_path) discover
[0.187s] DEBUG:colcon.colcon_installed_package_information.package_discovery:Found 3 installed packages in /home/hotaka/2024_RoboconB_Repository/program/R1_ros_ws/install
[0.187s] Level 1:colcon.colcon_core.package_discovery:discover_packages(prefix_path) using defaults
[0.188s] Level 5:colcon.colcon_core.verb:set package 'CalcuPkg' build argument 'cmake_args' from command line to 'None'
[0.188s] Level 5:colcon.colcon_core.verb:set package 'CalcuPkg' build argument 'cmake_target' from command line to 'None'
[0.188s] Level 5:colcon.colcon_core.verb:set package 'CalcuPkg' build argument 'cmake_target_skip_unavailable' from command line to 'False'
[0.188s] Level 5:colcon.colcon_core.verb:set package 'CalcuPkg' build argument 'cmake_clean_cache' from command line to 'False'
[0.188s] Level 5:colcon.colcon_core.verb:set package 'CalcuPkg' build argument 'cmake_clean_first' from command line to 'False'
[0.188s] Level 5:colcon.colcon_core.verb:set package 'CalcuPkg' build argument 'cmake_force_configure' from command line to 'False'
[0.188s] Level 5:colcon.colcon_core.verb:set package 'CalcuPkg' build argument 'ament_cmake_args' from command line to 'None'
[0.188s] Level 5:colcon.colcon_core.verb:set package 'CalcuPkg' build argument 'catkin_cmake_args' from command line to 'None'
[0.188s] Level 5:colcon.colcon_core.verb:set package 'CalcuPkg' build argument 'catkin_skip_building_tests' from command line to 'False'
[0.189s] DEBUG:colcon.colcon_core.verb:Building package 'CalcuPkg' with the following arguments: {'ament_cmake_args': None, 'build_base': '/home/hotaka/2024_RoboconB_Repository/program/R1_ros_ws/build/CalcuPkg', 'catkin_cmake_args': None, 'catkin_skip_building_tests': False, 'cmake_args': None, 'cmake_clean_cache': False, 'cmake_clean_first': False, 'cmake_force_configure': False, 'cmake_target': None, 'cmake_target_skip_unavailable': False, 'install_base': '/home/hotaka/2024_RoboconB_Repository/program/R1_ros_ws/install/CalcuPkg', 'merge_install': False, 'path': '/home/hotaka/2024_RoboconB_Repository/program/R1_ros_ws/src/CalcuPkg', 'symlink_install': False, 'test_result_base': None}
[0.189s] Level 5:colcon.colcon_core.verb:set package 'SerialPkg' build argument 'cmake_args' from command line to 'None'
[0.189s] Level 5:colcon.colcon_core.verb:set package 'SerialPkg' build argument 'cmake_target' from command line to 'None'
[0.189s] Level 5:colcon.colcon_core.verb:set package 'SerialPkg' build argument 'cmake_target_skip_unavailable' from command line to 'False'
[0.189s] Level 5:colcon.colcon_core.verb:set package 'SerialPkg' build argument 'cmake_clean_cache' from command line to 'False'
[0.189s] Level 5:colcon.colcon_core.verb:set package 'SerialPkg' build argument 'cmake_clean_first' from command line to 'False'
[0.189s] Level 5:colcon.colcon_core.verb:set package 'SerialPkg' build argument 'cmake_force_configure' from command line to 'False'
[0.189s] Level 5:colcon.colcon_core.verb:set package 'SerialPkg' build argument 'ament_cmake_args' from command line to 'None'
[0.189s] Level 5:colcon.colcon_core.verb:set package 'SerialPkg' build argument 'catkin_cmake_args' from command line to 'None'
[0.189s] Level 5:colcon.colcon_core.verb:set package 'SerialPkg' build argument 'catkin_skip_building_tests' from command line to 'False'
[0.189s] DEBUG:colcon.colcon_core.verb:Building package 'SerialPkg' with the following arguments: {'ament_cmake_args': None, 'build_base': '/home/hotaka/2024_RoboconB_Repository/program/R1_ros_ws/build/SerialPkg', 'catkin_cmake_args': None, 'catkin_skip_building_tests': False, 'cmake_args': None, 'cmake_clean_cache': False, 'cmake_clean_first': False, 'cmake_force_configure': False, 'cmake_target': None, 'cmake_target_skip_unavailable': False, 'install_base': '/home/hotaka/2024_RoboconB_Repository/program/R1_ros_ws/install/SerialPkg', 'merge_install': False, 'path': '/home/hotaka/2024_RoboconB_Repository/program/R1_ros_ws/src/SerialPkg', 'symlink_install': False, 'test_result_base': None}
[0.189s] INFO:colcon.colcon_core.executor:Executing jobs using 'parallel' executor
[0.190s] DEBUG:colcon.colcon_parallel_executor.executor.parallel:run_until_complete
[0.191s] INFO:colcon.colcon_ros.task.ament_python.build:Building ROS package in '/home/hotaka/2024_RoboconB_Repository/program/R1_ros_ws/src/CalcuPkg' with build type 'ament_python'
[0.191s] Level 1:colcon.colcon_core.shell:create_environment_hook('CalcuPkg', 'ament_prefix_path')
[0.192s] INFO:colcon.colcon_core.plugin_system:Skipping extension 'colcon_core.shell.bat': Not used on non-Windows systems
[0.192s] INFO:colcon.colcon_core.shell:Creating environment hook '/home/hotaka/2024_RoboconB_Repository/program/R1_ros_ws/install/CalcuPkg/share/CalcuPkg/hook/ament_prefix_path.ps1'
[0.193s] INFO:colcon.colcon_core.shell:Creating environment descriptor '/home/hotaka/2024_RoboconB_Repository/program/R1_ros_ws/install/CalcuPkg/share/CalcuPkg/hook/ament_prefix_path.dsv'
[0.193s] INFO:colcon.colcon_core.shell:Creating environment hook '/home/hotaka/2024_RoboconB_Repository/program/R1_ros_ws/install/CalcuPkg/share/CalcuPkg/hook/ament_prefix_path.sh'
[0.194s] INFO:colcon.colcon_core.shell:Skip shell extension 'powershell' for command environment: Not usable outside of PowerShell
[0.194s] DEBUG:colcon.colcon_core.shell:Skip shell extension 'dsv' for command environment
[0.195s] INFO:colcon.colcon_ros.task.ament_python.build:Building ROS package in '/home/hotaka/2024_RoboconB_Repository/program/R1_ros_ws/src/SerialPkg' with build type 'ament_python'
[0.195s] Level 1:colcon.colcon_core.shell:create_environment_hook('SerialPkg', 'ament_prefix_path')
[0.195s] INFO:colcon.colcon_core.shell:Creating environment hook '/home/hotaka/2024_RoboconB_Repository/program/R1_ros_ws/install/SerialPkg/share/SerialPkg/hook/ament_prefix_path.ps1'
[0.196s] INFO:colcon.colcon_core.shell:Creating environment descriptor '/home/hotaka/2024_RoboconB_Repository/program/R1_ros_ws/install/SerialPkg/share/SerialPkg/hook/ament_prefix_path.dsv'
[0.196s] INFO:colcon.colcon_core.shell:Creating environment hook '/home/hotaka/2024_RoboconB_Repository/program/R1_ros_ws/install/SerialPkg/share/SerialPkg/hook/ament_prefix_path.sh'
[0.196s] INFO:colcon.colcon_core.shell:Skip shell extension 'powershell' for command environment: Not usable outside of PowerShell
[0.196s] DEBUG:colcon.colcon_core.shell:Skip shell extension 'dsv' for command environment
[0.349s] INFO:colcon.colcon_core.task.python.build:Building Python package in '/home/hotaka/2024_RoboconB_Repository/program/R1_ros_ws/src/CalcuPkg'
[0.349s] INFO:colcon.colcon_core.shell:Skip shell extension 'powershell' for command environment: Not usable outside of PowerShell
[0.349s] DEBUG:colcon.colcon_core.shell:Skip shell extension 'dsv' for command environment
[0.496s] INFO:colcon.colcon_core.task.python.build:Building Python package in '/home/hotaka/2024_RoboconB_Repository/program/R1_ros_ws/src/SerialPkg'
[0.496s] INFO:colcon.colcon_core.shell:Skip shell extension 'powershell' for command environment: Not usable outside of PowerShell
[0.496s] DEBUG:colcon.colcon_core.shell:Skip shell extension 'dsv' for command environment
[0.746s] DEBUG:colcon.colcon_core.event_handler.log_command:Invoking command in '/home/hotaka/2024_RoboconB_Repository/program/R1_ros_ws/src/CalcuPkg': PYTHONPATH=/home/hotaka/2024_RoboconB_Repository/program/R1_ros_ws/build/CalcuPkg/prefix_override:/home/hotaka/2024_RoboconB_Repository/program/R1_ros_ws/install/CalcuPkg/lib/python3.10/site-packages:${PYTHONPATH} /usr/bin/python3 -W ignore:setup.py install is deprecated setup.py egg_info --egg-base ../../build/CalcuPkg build --build-base /home/hotaka/2024_RoboconB_Repository/program/R1_ros_ws/build/CalcuPkg/build install --record /home/hotaka/2024_RoboconB_Repository/program/R1_ros_ws/build/CalcuPkg/install.log --single-version-externally-managed install_data
[0.748s] DEBUG:colcon.colcon_core.event_handler.log_command:Invoking command in '/home/hotaka/2024_RoboconB_Repository/program/R1_ros_ws/src/SerialPkg': PYTHONPATH=/home/hotaka/2024_RoboconB_Repository/program/R1_ros_ws/build/SerialPkg/prefix_override:/home/hotaka/2024_RoboconB_Repository/program/R1_ros_ws/install/SerialPkg/lib/python3.10/site-packages:${PYTHONPATH} /usr/bin/python3 -W ignore:setup.py install is deprecated setup.py egg_info --egg-base ../../build/SerialPkg build --build-base /home/hotaka/2024_RoboconB_Repository/program/R1_ros_ws/build/SerialPkg/build install --record /home/hotaka/2024_RoboconB_Repository/program/R1_ros_ws/build/SerialPkg/install.log --single-version-externally-managed install_data
[0.931s] DEBUG:colcon.colcon_core.event_handler.log_command:Invoked command in '/home/hotaka/2024_RoboconB_Repository/program/R1_ros_ws/src/CalcuPkg' returned '0': PYTHONPATH=/home/hotaka/2024_RoboconB_Repository/program/R1_ros_ws/build/CalcuPkg/prefix_override:/home/hotaka/2024_RoboconB_Repository/program/R1_ros_ws/install/CalcuPkg/lib/python3.10/site-packages:${PYTHONPATH} /usr/bin/python3 -W ignore:setup.py install is deprecated setup.py egg_info --egg-base ../../build/CalcuPkg build --build-base /home/hotaka/2024_RoboconB_Repository/program/R1_ros_ws/build/CalcuPkg/build install --record /home/hotaka/2024_RoboconB_Repository/program/R1_ros_ws/build/CalcuPkg/install.log --single-version-externally-managed install_data
[0.933s] Level 1:colcon.colcon_core.environment:checking '/home/hotaka/2024_RoboconB_Repository/program/R1_ros_ws/install/CalcuPkg' for CMake module files
[0.934s] Level 1:colcon.colcon_core.environment:checking '/home/hotaka/2024_RoboconB_Repository/program/R1_ros_ws/install/CalcuPkg' for CMake config files
[0.935s] Level 1:colcon.colcon_core.environment:checking '/home/hotaka/2024_RoboconB_Repository/program/R1_ros_ws/install/CalcuPkg/lib'
[0.935s] Level 1:colcon.colcon_core.environment:checking '/home/hotaka/2024_RoboconB_Repository/program/R1_ros_ws/install/CalcuPkg/bin'
[0.935s] Level 1:colcon.colcon_core.environment:checking '/home/hotaka/2024_RoboconB_Repository/program/R1_ros_ws/install/CalcuPkg/lib/pkgconfig/CalcuPkg.pc'
[0.935s] Level 1:colcon.colcon_core.environment:checking '/home/hotaka/2024_RoboconB_Repository/program/R1_ros_ws/install/CalcuPkg/lib/python3.10/site-packages'
[0.935s] Level 1:colcon.colcon_core.shell:create_environment_hook('CalcuPkg', 'pythonpath')
[0.935s] INFO:colcon.colcon_core.shell:Creating environment hook '/home/hotaka/2024_RoboconB_Repository/program/R1_ros_ws/install/CalcuPkg/share/CalcuPkg/hook/pythonpath.ps1'
[0.936s] INFO:colcon.colcon_core.shell:Creating environment descriptor '/home/hotaka/2024_RoboconB_Repository/program/R1_ros_ws/install/CalcuPkg/share/CalcuPkg/hook/pythonpath.dsv'
[0.936s] INFO:colcon.colcon_core.shell:Creating environment hook '/home/hotaka/2024_RoboconB_Repository/program/R1_ros_ws/install/CalcuPkg/share/CalcuPkg/hook/pythonpath.sh'
[0.936s] Level 1:colcon.colcon_core.environment:checking '/home/hotaka/2024_RoboconB_Repository/program/R1_ros_ws/install/CalcuPkg/bin'
[0.936s] Level 1:colcon.colcon_core.environment:create_environment_scripts_only(CalcuPkg)
[0.936s] INFO:colcon.colcon_core.shell:Creating package script '/home/hotaka/2024_RoboconB_Repository/program/R1_ros_ws/install/CalcuPkg/share/CalcuPkg/package.ps1'
[0.937s] INFO:colcon.colcon_core.shell:Creating package descriptor '/home/hotaka/2024_RoboconB_Repository/program/R1_ros_ws/install/CalcuPkg/share/CalcuPkg/package.dsv'
[0.937s] INFO:colcon.colcon_core.shell:Creating package script '/home/hotaka/2024_RoboconB_Repository/program/R1_ros_ws/install/CalcuPkg/share/CalcuPkg/package.sh'
[0.938s] INFO:colcon.colcon_core.shell:Creating package script '/home/hotaka/2024_RoboconB_Repository/program/R1_ros_ws/install/CalcuPkg/share/CalcuPkg/package.bash'
[0.939s] INFO:colcon.colcon_core.shell:Creating package script '/home/hotaka/2024_RoboconB_Repository/program/R1_ros_ws/install/CalcuPkg/share/CalcuPkg/package.zsh'
[0.939s] Level 1:colcon.colcon_core.environment:create_file_with_runtime_dependencies(/home/hotaka/2024_RoboconB_Repository/program/R1_ros_ws/install/CalcuPkg/share/colcon-core/packages/CalcuPkg)
[0.952s] Level 1:colcon.colcon_core.environment:checking '/home/hotaka/2024_RoboconB_Repository/program/R1_ros_ws/install/SerialPkg' for CMake module files
[0.952s] DEBUG:colcon.colcon_core.event_handler.log_command:Invoked command in '/home/hotaka/2024_RoboconB_Repository/program/R1_ros_ws/src/SerialPkg' returned '0': PYTHONPATH=/home/hotaka/2024_RoboconB_Repository/program/R1_ros_ws/build/SerialPkg/prefix_override:/home/hotaka/2024_RoboconB_Repository/program/R1_ros_ws/install/SerialPkg/lib/python3.10/site-packages:${PYTHONPATH} /usr/bin/python3 -W ignore:setup.py install is deprecated setup.py egg_info --egg-base ../../build/SerialPkg build --build-base /home/hotaka/2024_RoboconB_Repository/program/R1_ros_ws/build/SerialPkg/build install --record /home/hotaka/2024_RoboconB_Repository/program/R1_ros_ws/build/SerialPkg/install.log --single-version-externally-managed install_data
[0.953s] Level 1:colcon.colcon_core.environment:checking '/home/hotaka/2024_RoboconB_Repository/program/R1_ros_ws/install/SerialPkg' for CMake config files
[0.953s] Level 1:colcon.colcon_core.environment:checking '/home/hotaka/2024_RoboconB_Repository/program/R1_ros_ws/install/SerialPkg/lib'
[0.954s] Level 1:colcon.colcon_core.environment:checking '/home/hotaka/2024_RoboconB_Repository/program/R1_ros_ws/install/SerialPkg/bin'
[0.954s] Level 1:colcon.colcon_core.environment:checking '/home/hotaka/2024_RoboconB_Repository/program/R1_ros_ws/install/SerialPkg/lib/pkgconfig/SerialPkg.pc'
[0.954s] Level 1:colcon.colcon_core.environment:checking '/home/hotaka/2024_RoboconB_Repository/program/R1_ros_ws/install/SerialPkg/lib/python3.10/site-packages'
[0.954s] Level 1:colcon.colcon_core.shell:create_environment_hook('SerialPkg', 'pythonpath')
[0.954s] INFO:colcon.colcon_core.shell:Creating environment hook '/home/hotaka/2024_RoboconB_Repository/program/R1_ros_ws/install/SerialPkg/share/SerialPkg/hook/pythonpath.ps1'
[0.955s] INFO:colcon.colcon_core.shell:Creating environment descriptor '/home/hotaka/2024_RoboconB_Repository/program/R1_ros_ws/install/SerialPkg/share/SerialPkg/hook/pythonpath.dsv'
[0.956s] INFO:colcon.colcon_core.shell:Creating environment hook '/home/hotaka/2024_RoboconB_Repository/program/R1_ros_ws/install/SerialPkg/share/SerialPkg/hook/pythonpath.sh'
[0.956s] Level 1:colcon.colcon_core.environment:checking '/home/hotaka/2024_RoboconB_Repository/program/R1_ros_ws/install/SerialPkg/bin'
[0.956s] Level 1:colcon.colcon_core.environment:create_environment_scripts_only(SerialPkg)
[0.956s] INFO:colcon.colcon_core.shell:Creating package script '/home/hotaka/2024_RoboconB_Repository/program/R1_ros_ws/install/SerialPkg/share/SerialPkg/package.ps1'
[0.957s] INFO:colcon.colcon_core.shell:Creating package descriptor '/home/hotaka/2024_RoboconB_Repository/program/R1_ros_ws/install/SerialPkg/share/SerialPkg/package.dsv'
[0.957s] INFO:colcon.colcon_core.shell:Creating package script '/home/hotaka/2024_RoboconB_Repository/program/R1_ros_ws/install/SerialPkg/share/SerialPkg/package.sh'
[0.957s] INFO:colcon.colcon_core.shell:Creating package script '/home/hotaka/2024_RoboconB_Repository/program/R1_ros_ws/install/SerialPkg/share/SerialPkg/package.bash'
[0.957s] INFO:colcon.colcon_core.shell:Creating package script '/home/hotaka/2024_RoboconB_Repository/program/R1_ros_ws/install/SerialPkg/share/SerialPkg/package.zsh'
[0.958s] Level 1:colcon.colcon_core.environment:create_file_with_runtime_dependencies(/home/hotaka/2024_RoboconB_Repository/program/R1_ros_ws/install/SerialPkg/share/colcon-core/packages/SerialPkg)
[0.958s] DEBUG:colcon.colcon_parallel_executor.executor.parallel:closing loop
[0.958s] DEBUG:colcon.colcon_parallel_executor.executor.parallel:loop closed
[0.958s] DEBUG:colcon.colcon_parallel_executor.executor.parallel:run_until_complete finished with '0'
[0.958s] DEBUG:colcon.colcon_core.event_reactor:joining thread
[0.962s] INFO:colcon.colcon_core.plugin_system:Skipping extension 'colcon_notification.desktop_notification.terminal_notifier': Not used on non-Darwin systems
[0.962s] INFO:colcon.colcon_core.plugin_system:Skipping extension 'colcon_notification.desktop_notification.win32': Not used on non-Windows systems
[0.962s] INFO:colcon.colcon_notification.desktop_notification:Sending desktop notification using 'notify2'
[0.975s] DEBUG:colcon.colcon_core.event_reactor:joined thread
[0.975s] INFO:colcon.colcon_core.shell:Creating prefix script '/home/hotaka/2024_RoboconB_Repository/program/R1_ros_ws/install/local_setup.ps1'
[0.976s] INFO:colcon.colcon_core.shell:Creating prefix util module '/home/hotaka/2024_RoboconB_Repository/program/R1_ros_ws/install/_local_setup_util_ps1.py'
[0.977s] INFO:colcon.colcon_core.shell:Creating prefix chain script '/home/hotaka/2024_RoboconB_Repository/program/R1_ros_ws/install/setup.ps1'
[0.978s] INFO:colcon.colcon_core.shell:Creating prefix script '/home/hotaka/2024_RoboconB_Repository/program/R1_ros_ws/install/local_setup.sh'
[0.978s] INFO:colcon.colcon_core.shell:Creating prefix util module '/home/hotaka/2024_RoboconB_Repository/program/R1_ros_ws/install/_local_setup_util_sh.py'
[0.978s] INFO:colcon.colcon_core.shell:Creating prefix chain script '/home/hotaka/2024_RoboconB_Repository/program/R1_ros_ws/install/setup.sh'
[0.979s] INFO:colcon.colcon_core.shell:Creating prefix script '/home/hotaka/2024_RoboconB_Repository/program/R1_ros_ws/install/local_setup.bash'
[0.979s] INFO:colcon.colcon_core.shell:Creating prefix chain script '/home/hotaka/2024_RoboconB_Repository/program/R1_ros_ws/install/setup.bash'
[0.981s] INFO:colcon.colcon_core.shell:Creating prefix script '/home/hotaka/2024_RoboconB_Repository/program/R1_ros_ws/install/local_setup.zsh'
[0.981s] INFO:colcon.colcon_core.shell:Creating prefix chain script '/home/hotaka/2024_RoboconB_Repository/program/R1_ros_ws/install/setup.zsh'
