running egg_info
writing ../../build/SerialPkg/SerialPkg.egg-info/PKG-INFO
writing dependency_links to ../../build/SerialPkg/SerialPkg.egg-info/dependency_links.txt
writing entry points to ../../build/SerialPkg/SerialPkg.egg-info/entry_points.txt
writing requirements to ../../build/SerialPkg/SerialPkg.egg-info/requires.txt
writing top-level names to ../../build/SerialPkg/SerialPkg.egg-info/top_level.txt
reading manifest file '../../build/SerialPkg/SerialPkg.egg-info/SOURCES.txt'
writing manifest file '../../build/SerialPkg/SerialPkg.egg-info/SOURCES.txt'
running build
running build_py
copying SerialPkg/IM920_node.py -> /home/hotaka/R1_ros_ws/build/SerialPkg/build/lib/SerialPkg
running install
running install_lib
copying /home/hotaka/R1_ros_ws/build/SerialPkg/build/lib/SerialPkg/IM920_node.py -> /home/hotaka/R1_ros_ws/install/SerialPkg/lib/python3.10/site-packages/SerialPkg
byte-compiling /home/hotaka/R1_ros_ws/install/SerialPkg/lib/python3.10/site-packages/SerialPkg/IM920_node.py to IM920_node.cpython-310.pyc
running install_data
running install_egg_info
removing '/home/hotaka/R1_ros_ws/install/SerialPkg/lib/python3.10/site-packages/SerialPkg-0.0.0-py3.10.egg-info' (and everything under it)
Copying ../../build/SerialPkg/SerialPkg.egg-info to /home/hotaka/R1_ros_ws/install/SerialPkg/lib/python3.10/site-packages/SerialPkg-0.0.0-py3.10.egg-info
running install_scripts
Installing IM920_node script to /home/hotaka/R1_ros_ws/install/SerialPkg/lib/SerialPkg
Installing serial_node script to /home/hotaka/R1_ros_ws/install/SerialPkg/lib/SerialPkg
writing list of installed files to '/home/hotaka/R1_ros_ws/build/SerialPkg/install.log'
