[0.082s] DEBUG:colcon:Command line arguments: ['/usr/bin/colcon', 'build']
[0.082s] DEBUG:colcon:Parsed command line arguments: Namespace(log_base=None, log_level=None, verb_name='build', build_base='build', install_base='install', merge_install=False, symlink_install=False, test_result_base=None, continue_on_error=False, executor='parallel', parallel_workers=8, event_handlers=None, ignore_user_meta=False, metas=['./colcon.meta'], base_paths=['.'], packages_ignore=None, packages_ignore_regex=None, paths=None, packages_up_to=None, packages_up_to_regex=None, packages_above=None, packages_above_and_dependencies=None, packages_above_depth=None, packages_select_by_dep=None, packages_skip_by_dep=None, packages_skip_up_to=None, packages_select_build_failed=False, packages_skip_build_finished=False, packages_select_test_failures=False, packages_skip_test_passed=False, packages_select=None, packages_skip=None, packages_select_regex=None, packages_skip_regex=None, packages_start=None, packages_end=None, allow_overriding=[], cmake_args=None, cmake_target=None, cmake_target_skip_unavailable=False, cmake_clean_cache=False, cmake_clean_first=False, cmake_force_configure=False, ament_cmake_args=None, catkin_cmake_args=None, catkin_skip_building_tests=False, mixin_files=None, mixin=None, verb_parser=<colcon_mixin.mixin.mixin_argument.MixinArgumentDecorator object at 0x7cc445837400>, verb_extension=<colcon_core.verb.build.BuildVerb object at 0x7cc44592b970>, main=<bound method BuildVerb.main of <colcon_core.verb.build.BuildVerb object at 0x7cc44592b970>>, mixin_verb=('build',))
[0.205s] Level 1:colcon.colcon_core.package_discovery:discover_packages(colcon_meta) check parameters
[0.205s] Level 1:colcon.colcon_core.package_discovery:discover_packages(recursive) check parameters
[0.205s] Level 1:colcon.colcon_core.package_discovery:discover_packages(ignore) check parameters
[0.205s] Level 1:colcon.colcon_core.package_discovery:discover_packages(path) check parameters
[0.205s] Level 1:colcon.colcon_core.package_discovery:discover_packages(colcon_meta) discover
[0.205s] Level 1:colcon.colcon_core.package_discovery:discover_packages(recursive) discover
[0.205s] INFO:colcon.colcon_core.package_discovery:Crawling recursively for packages in '/home/hotaka/robocon2024'
[0.205s] Level 1:colcon.colcon_core.package_identification:_identify(.) by extensions ['ignore', 'ignore_ament_install']
[0.205s] Level 1:colcon.colcon_core.package_identification:_identify(.) by extension 'ignore'
[0.205s] Level 1:colcon.colcon_core.package_identification:_identify(.) by extension 'ignore_ament_install'
[0.205s] Level 1:colcon.colcon_core.package_identification:_identify(.) by extensions ['colcon_pkg']
[0.205s] Level 1:colcon.colcon_core.package_identification:_identify(.) by extension 'colcon_pkg'
[0.205s] Level 1:colcon.colcon_core.package_identification:_identify(.) by extensions ['colcon_meta']
[0.205s] Level 1:colcon.colcon_core.package_identification:_identify(.) by extension 'colcon_meta'
[0.205s] Level 1:colcon.colcon_core.package_identification:_identify(.) by extensions ['ros']
[0.205s] Level 1:colcon.colcon_core.package_identification:_identify(.) by extension 'ros'
[0.213s] Level 1:colcon.colcon_core.package_identification:_identify(.) by extensions ['cmake', 'python']
[0.213s] Level 1:colcon.colcon_core.package_identification:_identify(.) by extension 'cmake'
[0.213s] Level 1:colcon.colcon_core.package_identification:_identify(.) by extension 'python'
[0.213s] Level 1:colcon.colcon_core.package_identification:_identify(.) by extensions ['python_setup_py']
[0.213s] Level 1:colcon.colcon_core.package_identification:_identify(.) by extension 'python_setup_py'
[0.214s] Level 1:colcon.colcon_core.package_identification:_identify(build) by extensions ['ignore', 'ignore_ament_install']
[0.214s] Level 1:colcon.colcon_core.package_identification:_identify(build) by extension 'ignore'
[0.214s] Level 1:colcon.colcon_core.package_identification:_identify(build) ignored
[0.214s] Level 1:colcon.colcon_core.package_identification:_identify(install) by extensions ['ignore', 'ignore_ament_install']
[0.214s] Level 1:colcon.colcon_core.package_identification:_identify(install) by extension 'ignore'
[0.214s] Level 1:colcon.colcon_core.package_identification:_identify(install) ignored
[0.214s] Level 1:colcon.colcon_core.package_identification:_identify(log) by extensions ['ignore', 'ignore_ament_install']
[0.214s] Level 1:colcon.colcon_core.package_identification:_identify(log) by extension 'ignore'
[0.214s] Level 1:colcon.colcon_core.package_identification:_identify(log) ignored
[0.214s] Level 1:colcon.colcon_core.package_identification:_identify(src) by extensions ['ignore', 'ignore_ament_install']
[0.214s] Level 1:colcon.colcon_core.package_identification:_identify(src) by extension 'ignore'
[0.214s] Level 1:colcon.colcon_core.package_identification:_identify(src) by extension 'ignore_ament_install'
[0.214s] Level 1:colcon.colcon_core.package_identification:_identify(src) by extensions ['colcon_pkg']
[0.214s] Level 1:colcon.colcon_core.package_identification:_identify(src) by extension 'colcon_pkg'
[0.214s] Level 1:colcon.colcon_core.package_identification:_identify(src) by extensions ['colcon_meta']
[0.214s] Level 1:colcon.colcon_core.package_identification:_identify(src) by extension 'colcon_meta'
[0.214s] Level 1:colcon.colcon_core.package_identification:_identify(src) by extensions ['ros']
[0.214s] Level 1:colcon.colcon_core.package_identification:_identify(src) by extension 'ros'
[0.214s] Level 1:colcon.colcon_core.package_identification:_identify(src) by extensions ['cmake', 'python']
[0.214s] Level 1:colcon.colcon_core.package_identification:_identify(src) by extension 'cmake'
[0.214s] Level 1:colcon.colcon_core.package_identification:_identify(src) by extension 'python'
[0.214s] Level 1:colcon.colcon_core.package_identification:_identify(src) by extensions ['python_setup_py']
[0.214s] Level 1:colcon.colcon_core.package_identification:_identify(src) by extension 'python_setup_py'
[0.215s] Level 1:colcon.colcon_core.package_identification:_identify(src/SerialPkg) by extensions ['ignore', 'ignore_ament_install']
[0.215s] Level 1:colcon.colcon_core.package_identification:_identify(src/SerialPkg) by extension 'ignore'
[0.215s] Level 1:colcon.colcon_core.package_identification:_identify(src/SerialPkg) by extension 'ignore_ament_install'
[0.215s] Level 1:colcon.colcon_core.package_identification:_identify(src/SerialPkg) by extensions ['colcon_pkg']
[0.215s] Level 1:colcon.colcon_core.package_identification:_identify(src/SerialPkg) by extension 'colcon_pkg'
[0.215s] Level 1:colcon.colcon_core.package_identification:_identify(src/SerialPkg) by extensions ['colcon_meta']
[0.215s] Level 1:colcon.colcon_core.package_identification:_identify(src/SerialPkg) by extension 'colcon_meta'
[0.215s] Level 1:colcon.colcon_core.package_identification:_identify(src/SerialPkg) by extensions ['ros']
[0.215s] Level 1:colcon.colcon_core.package_identification:_identify(src/SerialPkg) by extension 'ros'
[0.216s] DEBUG:colcon.colcon_core.package_identification:Package 'src/SerialPkg' with type 'ros.ament_python' and name 'SerialPkg'
[0.216s] Level 1:colcon.colcon_core.package_discovery:discover_packages(recursive) using defaults
[0.217s] Level 1:colcon.colcon_core.package_discovery:discover_packages(ignore) discover
[0.217s] Level 1:colcon.colcon_core.package_discovery:discover_packages(ignore) using defaults
[0.217s] Level 1:colcon.colcon_core.package_discovery:discover_packages(path) discover
[0.217s] Level 1:colcon.colcon_core.package_discovery:discover_packages(path) using defaults
[0.247s] Level 1:colcon.colcon_core.package_discovery:discover_packages(prefix_path) check parameters
[0.247s] Level 1:colcon.colcon_core.package_discovery:discover_packages(prefix_path) discover
[0.248s] WARNING:colcon.colcon_core.prefix_path.colcon:The path '/home/hotaka/robocon2024/src/install' in the environment variable COLCON_PREFIX_PATH doesn't exist
[0.248s] WARNING:colcon.colcon_ros.prefix_path.ament:The path '/home/hotaka/robocon2024/src/install/SerialPkg' in the environment variable AMENT_PREFIX_PATH doesn't exist
[0.248s] WARNING:colcon.colcon_ros.prefix_path.ament:The path '/home/hotaka/robocon2024/src/install/R1_pkg' in the environment variable AMENT_PREFIX_PATH doesn't exist
[0.249s] DEBUG:colcon.colcon_installed_package_information.package_discovery:Found 1 installed packages in /home/hotaka/robocon2024/install
[0.250s] DEBUG:colcon.colcon_installed_package_information.package_discovery:Found 351 installed packages in /opt/ros/humble
[0.251s] Level 1:colcon.colcon_core.package_discovery:discover_packages(prefix_path) using defaults
[0.288s] Level 5:colcon.colcon_core.verb:set package 'SerialPkg' build argument 'cmake_args' from command line to 'None'
[0.288s] Level 5:colcon.colcon_core.verb:set package 'SerialPkg' build argument 'cmake_target' from command line to 'None'
[0.288s] Level 5:colcon.colcon_core.verb:set package 'SerialPkg' build argument 'cmake_target_skip_unavailable' from command line to 'False'
[0.288s] Level 5:colcon.colcon_core.verb:set package 'SerialPkg' build argument 'cmake_clean_cache' from command line to 'False'
[0.288s] Level 5:colcon.colcon_core.verb:set package 'SerialPkg' build argument 'cmake_clean_first' from command line to 'False'
[0.288s] Level 5:colcon.colcon_core.verb:set package 'SerialPkg' build argument 'cmake_force_configure' from command line to 'False'
[0.288s] Level 5:colcon.colcon_core.verb:set package 'SerialPkg' build argument 'ament_cmake_args' from command line to 'None'
[0.288s] Level 5:colcon.colcon_core.verb:set package 'SerialPkg' build argument 'catkin_cmake_args' from command line to 'None'
[0.288s] Level 5:colcon.colcon_core.verb:set package 'SerialPkg' build argument 'catkin_skip_building_tests' from command line to 'False'
[0.288s] DEBUG:colcon.colcon_core.verb:Building package 'SerialPkg' with the following arguments: {'ament_cmake_args': None, 'build_base': '/home/hotaka/robocon2024/build/SerialPkg', 'catkin_cmake_args': None, 'catkin_skip_building_tests': False, 'cmake_args': None, 'cmake_clean_cache': False, 'cmake_clean_first': False, 'cmake_force_configure': False, 'cmake_target': None, 'cmake_target_skip_unavailable': False, 'install_base': '/home/hotaka/robocon2024/install/SerialPkg', 'merge_install': False, 'path': '/home/hotaka/robocon2024/src/SerialPkg', 'symlink_install': False, 'test_result_base': None}
[0.288s] INFO:colcon.colcon_core.executor:Executing jobs using 'parallel' executor
[0.289s] DEBUG:colcon.colcon_parallel_executor.executor.parallel:run_until_complete
[0.289s] INFO:colcon.colcon_ros.task.ament_python.build:Building ROS package in '/home/hotaka/robocon2024/src/SerialPkg' with build type 'ament_python'
[0.289s] Level 1:colcon.colcon_core.shell:create_environment_hook('SerialPkg', 'ament_prefix_path')
[0.291s] INFO:colcon.colcon_core.plugin_system:Skipping extension 'colcon_core.shell.bat': Not used on non-Windows systems
[0.291s] INFO:colcon.colcon_core.shell:Creating environment hook '/home/hotaka/robocon2024/install/SerialPkg/share/SerialPkg/hook/ament_prefix_path.ps1'
[0.292s] INFO:colcon.colcon_core.shell:Creating environment descriptor '/home/hotaka/robocon2024/install/SerialPkg/share/SerialPkg/hook/ament_prefix_path.dsv'
[0.292s] INFO:colcon.colcon_core.shell:Creating environment hook '/home/hotaka/robocon2024/install/SerialPkg/share/SerialPkg/hook/ament_prefix_path.sh'
[0.292s] INFO:colcon.colcon_core.shell:Skip shell extension 'powershell' for command environment: Not usable outside of PowerShell
[0.292s] DEBUG:colcon.colcon_core.shell:Skip shell extension 'dsv' for command environment
[0.486s] INFO:colcon.colcon_core.task.python.build:Building Python package in '/home/hotaka/robocon2024/src/SerialPkg'
[0.487s] INFO:colcon.colcon_core.shell:Skip shell extension 'powershell' for command environment: Not usable outside of PowerShell
[0.487s] DEBUG:colcon.colcon_core.shell:Skip shell extension 'dsv' for command environment
[0.763s] DEBUG:colcon.colcon_core.event_handler.log_command:Invoking command in '/home/hotaka/robocon2024/src/SerialPkg': PYTHONPATH=/home/hotaka/robocon2024/build/SerialPkg/prefix_override:/home/hotaka/robocon2024/install/SerialPkg/lib/python3.10/site-packages:${PYTHONPATH} /usr/bin/python3 -W ignore:setup.py install is deprecated setup.py egg_info --egg-base ../../build/SerialPkg build --build-base /home/hotaka/robocon2024/build/SerialPkg/build install --record /home/hotaka/robocon2024/build/SerialPkg/install.log --single-version-externally-managed install_data
[0.986s] DEBUG:colcon.colcon_core.event_handler.log_command:Invoked command in '/home/hotaka/robocon2024/src/SerialPkg' returned '0': PYTHONPATH=/home/hotaka/robocon2024/build/SerialPkg/prefix_override:/home/hotaka/robocon2024/install/SerialPkg/lib/python3.10/site-packages:${PYTHONPATH} /usr/bin/python3 -W ignore:setup.py install is deprecated setup.py egg_info --egg-base ../../build/SerialPkg build --build-base /home/hotaka/robocon2024/build/SerialPkg/build install --record /home/hotaka/robocon2024/build/SerialPkg/install.log --single-version-externally-managed install_data
[0.988s] Level 1:colcon.colcon_core.environment:checking '/home/hotaka/robocon2024/install/SerialPkg' for CMake module files
[0.988s] Level 1:colcon.colcon_core.environment:checking '/home/hotaka/robocon2024/install/SerialPkg' for CMake config files
[0.989s] Level 1:colcon.colcon_core.environment:checking '/home/hotaka/robocon2024/install/SerialPkg/lib'
[0.989s] Level 1:colcon.colcon_core.environment:checking '/home/hotaka/robocon2024/install/SerialPkg/bin'
[0.989s] Level 1:colcon.colcon_core.environment:checking '/home/hotaka/robocon2024/install/SerialPkg/lib/pkgconfig/SerialPkg.pc'
[0.989s] Level 1:colcon.colcon_core.environment:checking '/home/hotaka/robocon2024/install/SerialPkg/lib/python3.10/site-packages'
[0.989s] Level 1:colcon.colcon_core.shell:create_environment_hook('SerialPkg', 'pythonpath')
[0.989s] INFO:colcon.colcon_core.shell:Creating environment hook '/home/hotaka/robocon2024/install/SerialPkg/share/SerialPkg/hook/pythonpath.ps1'
[0.990s] INFO:colcon.colcon_core.shell:Creating environment descriptor '/home/hotaka/robocon2024/install/SerialPkg/share/SerialPkg/hook/pythonpath.dsv'
[0.990s] INFO:colcon.colcon_core.shell:Creating environment hook '/home/hotaka/robocon2024/install/SerialPkg/share/SerialPkg/hook/pythonpath.sh'
[0.990s] Level 1:colcon.colcon_core.environment:checking '/home/hotaka/robocon2024/install/SerialPkg/bin'
[0.990s] Level 1:colcon.colcon_core.environment:create_environment_scripts_only(SerialPkg)
[0.991s] INFO:colcon.colcon_core.shell:Creating package script '/home/hotaka/robocon2024/install/SerialPkg/share/SerialPkg/package.ps1'
[0.991s] INFO:colcon.colcon_core.shell:Creating package descriptor '/home/hotaka/robocon2024/install/SerialPkg/share/SerialPkg/package.dsv'
[0.991s] INFO:colcon.colcon_core.shell:Creating package script '/home/hotaka/robocon2024/install/SerialPkg/share/SerialPkg/package.sh'
[0.992s] INFO:colcon.colcon_core.shell:Creating package script '/home/hotaka/robocon2024/install/SerialPkg/share/SerialPkg/package.bash'
[0.992s] INFO:colcon.colcon_core.shell:Creating package script '/home/hotaka/robocon2024/install/SerialPkg/share/SerialPkg/package.zsh'
[0.993s] Level 1:colcon.colcon_core.environment:create_file_with_runtime_dependencies(/home/hotaka/robocon2024/install/SerialPkg/share/colcon-core/packages/SerialPkg)
[0.993s] DEBUG:colcon.colcon_parallel_executor.executor.parallel:closing loop
[0.993s] DEBUG:colcon.colcon_parallel_executor.executor.parallel:loop closed
[0.993s] DEBUG:colcon.colcon_parallel_executor.executor.parallel:run_until_complete finished with '0'
[0.993s] DEBUG:colcon.colcon_core.event_reactor:joining thread
[0.997s] INFO:colcon.colcon_core.plugin_system:Skipping extension 'colcon_notification.desktop_notification.terminal_notifier': Not used on non-Darwin systems
[0.997s] INFO:colcon.colcon_core.plugin_system:Skipping extension 'colcon_notification.desktop_notification.win32': Not used on non-Windows systems
[0.997s] INFO:colcon.colcon_notification.desktop_notification:Sending desktop notification using 'notify2'
[1.009s] DEBUG:colcon.colcon_core.event_reactor:joined thread
[1.009s] INFO:colcon.colcon_core.shell:Creating prefix script '/home/hotaka/robocon2024/install/local_setup.ps1'
[1.010s] INFO:colcon.colcon_core.shell:Creating prefix util module '/home/hotaka/robocon2024/install/_local_setup_util_ps1.py'
[1.011s] INFO:colcon.colcon_core.shell:Creating prefix chain script '/home/hotaka/robocon2024/install/setup.ps1'
[1.012s] INFO:colcon.colcon_core.shell:Creating prefix script '/home/hotaka/robocon2024/install/local_setup.sh'
[1.012s] INFO:colcon.colcon_core.shell:Creating prefix util module '/home/hotaka/robocon2024/install/_local_setup_util_sh.py'
[1.013s] INFO:colcon.colcon_core.shell:Creating prefix chain script '/home/hotaka/robocon2024/install/setup.sh'
[1.013s] INFO:colcon.colcon_core.shell:Creating prefix script '/home/hotaka/robocon2024/install/local_setup.bash'
[1.013s] INFO:colcon.colcon_core.shell:Creating prefix chain script '/home/hotaka/robocon2024/install/setup.bash'
[1.014s] INFO:colcon.colcon_core.shell:Creating prefix script '/home/hotaka/robocon2024/install/local_setup.zsh'
[1.014s] INFO:colcon.colcon_core.shell:Creating prefix chain script '/home/hotaka/robocon2024/install/setup.zsh'
