[0.905s] Invoking command in '/home/hotaka/2024_RoboconB_Repository/program/R1_ros_ws/src/RSPkg': PYTHONPATH=/home/hotaka/2024_RoboconB_Repository/program/R1_ros_ws/build/RSPkg/prefix_override:/home/hotaka/2024_RoboconB_Repository/program/R1_ros_ws/install/RSPkg/lib/python3.10/site-packages:${PYTHONPATH} /usr/bin/python3 -W ignore:setup.py install is deprecated setup.py egg_info --egg-base ../../build/RSPkg build --build-base /home/hotaka/2024_RoboconB_Repository/program/R1_ros_ws/build/RSPkg/build install --record /home/hotaka/2024_RoboconB_Repository/program/R1_ros_ws/build/RSPkg/install.log --single-version-externally-managed install_data
[1.095s] running egg_info
[1.095s] creating ../../build/RSPkg/RSPkg.egg-info
[1.096s] writing ../../build/RSPkg/RSPkg.egg-info/PKG-INFO
[1.096s] writing dependency_links to ../../build/RSPkg/RSPkg.egg-info/dependency_links.txt
[1.096s] writing entry points to ../../build/RSPkg/RSPkg.egg-info/entry_points.txt
[1.096s] writing requirements to ../../build/RSPkg/RSPkg.egg-info/requires.txt
[1.096s] writing top-level names to ../../build/RSPkg/RSPkg.egg-info/top_level.txt
[1.096s] writing manifest file '../../build/RSPkg/RSPkg.egg-info/SOURCES.txt'
[1.097s] reading manifest file '../../build/RSPkg/RSPkg.egg-info/SOURCES.txt'
[1.097s] adding license file 'LICENSE'
[1.098s] writing manifest file '../../build/RSPkg/RSPkg.egg-info/SOURCES.txt'
[1.098s] running build
[1.098s] running build_py
[1.098s] creating /home/hotaka/2024_RoboconB_Repository/program/R1_ros_ws/build/RSPkg/build
[1.099s] creating /home/hotaka/2024_RoboconB_Repository/program/R1_ros_ws/build/RSPkg/build/lib
[1.099s] creating /home/hotaka/2024_RoboconB_Repository/program/R1_ros_ws/build/RSPkg/build/lib/RSPkg
[1.099s] copying RSPkg/RS_node.py -> /home/hotaka/2024_RoboconB_Repository/program/R1_ros_ws/build/RSPkg/build/lib/RSPkg
[1.099s] copying RSPkg/__init__.py -> /home/hotaka/2024_RoboconB_Repository/program/R1_ros_ws/build/RSPkg/build/lib/RSPkg
[1.099s] running install
[1.099s] running install_lib
[1.100s] creating /home/hotaka/2024_RoboconB_Repository/program/R1_ros_ws/install/RSPkg/lib/python3.10/site-packages/RSPkg
[1.100s] copying /home/hotaka/2024_RoboconB_Repository/program/R1_ros_ws/build/RSPkg/build/lib/RSPkg/RS_node.py -> /home/hotaka/2024_RoboconB_Repository/program/R1_ros_ws/install/RSPkg/lib/python3.10/site-packages/RSPkg
[1.100s] copying /home/hotaka/2024_RoboconB_Repository/program/R1_ros_ws/build/RSPkg/build/lib/RSPkg/__init__.py -> /home/hotaka/2024_RoboconB_Repository/program/R1_ros_ws/install/RSPkg/lib/python3.10/site-packages/RSPkg
[1.100s] byte-compiling /home/hotaka/2024_RoboconB_Repository/program/R1_ros_ws/install/RSPkg/lib/python3.10/site-packages/RSPkg/RS_node.py to RS_node.cpython-310.pyc
[1.100s] byte-compiling /home/hotaka/2024_RoboconB_Repository/program/R1_ros_ws/install/RSPkg/lib/python3.10/site-packages/RSPkg/__init__.py to __init__.cpython-310.pyc
[1.100s] running install_data
[1.100s] creating /home/hotaka/2024_RoboconB_Repository/program/R1_ros_ws/install/RSPkg/share/ament_index
[1.101s] creating /home/hotaka/2024_RoboconB_Repository/program/R1_ros_ws/install/RSPkg/share/ament_index/resource_index
[1.101s] creating /home/hotaka/2024_RoboconB_Repository/program/R1_ros_ws/install/RSPkg/share/ament_index/resource_index/packages
[1.101s] copying resource/RSPkg -> /home/hotaka/2024_RoboconB_Repository/program/R1_ros_ws/install/RSPkg/share/ament_index/resource_index/packages
[1.101s] copying package.xml -> /home/hotaka/2024_RoboconB_Repository/program/R1_ros_ws/install/RSPkg/share/RSPkg
[1.101s] running install_egg_info
[1.102s] Copying ../../build/RSPkg/RSPkg.egg-info to /home/hotaka/2024_RoboconB_Repository/program/R1_ros_ws/install/RSPkg/lib/python3.10/site-packages/RSPkg-0.0.0-py3.10.egg-info
[1.103s] running install_scripts
[1.127s] Installing RS_node script to /home/hotaka/2024_RoboconB_Repository/program/R1_ros_ws/install/RSPkg/lib/RSPkg
[1.127s] writing list of installed files to '/home/hotaka/2024_RoboconB_Repository/program/R1_ros_ws/build/RSPkg/install.log'
[1.162s] Invoked command in '/home/hotaka/2024_RoboconB_Repository/program/R1_ros_ws/src/RSPkg' returned '0': PYTHONPATH=/home/hotaka/2024_RoboconB_Repository/program/R1_ros_ws/build/RSPkg/prefix_override:/home/hotaka/2024_RoboconB_Repository/program/R1_ros_ws/install/RSPkg/lib/python3.10/site-packages:${PYTHONPATH} /usr/bin/python3 -W ignore:setup.py install is deprecated setup.py egg_info --egg-base ../../build/RSPkg build --build-base /home/hotaka/2024_RoboconB_Repository/program/R1_ros_ws/build/RSPkg/build install --record /home/hotaka/2024_RoboconB_Repository/program/R1_ros_ws/build/RSPkg/install.log --single-version-externally-managed install_data
