[1.976s] Invoking command in '/home/hotaka/R1_ros_ws/src/RSPkg': PYTHONPATH=/home/hotaka/R1_ros_ws/build/RSPkg/prefix_override:/home/hotaka/R1_ros_ws/install/RSPkg/lib/python3.10/site-packages:${PYTHONPATH} /usr/bin/python3 -W ignore:setup.py install is deprecated setup.py egg_info --egg-base ../../build/RSPkg build --build-base /home/hotaka/R1_ros_ws/build/RSPkg/build install --record /home/hotaka/R1_ros_ws/build/RSPkg/install.log --single-version-externally-managed install_data
[2.418s] running egg_info
[2.419s] writing ../../build/RSPkg/RSPkg.egg-info/PKG-INFO
[2.419s] writing dependency_links to ../../build/RSPkg/RSPkg.egg-info/dependency_links.txt
[2.420s] writing entry points to ../../build/RSPkg/RSPkg.egg-info/entry_points.txt
[2.420s] writing requirements to ../../build/RSPkg/RSPkg.egg-info/requires.txt
[2.420s] writing top-level names to ../../build/RSPkg/RSPkg.egg-info/top_level.txt
[2.423s] reading manifest file '../../build/RSPkg/RSPkg.egg-info/SOURCES.txt'
[2.425s] writing manifest file '../../build/RSPkg/RSPkg.egg-info/SOURCES.txt'
[2.425s] running build
[2.425s] running build_py
[2.426s] running install
[2.426s] running install_lib
[2.429s] running install_data
[2.429s] running install_egg_info
[2.433s] removing '/home/hotaka/R1_ros_ws/install/RSPkg/lib/python3.10/site-packages/RSPkg-0.0.0-py3.10.egg-info' (and everything under it)
[2.433s] Copying ../../build/RSPkg/RSPkg.egg-info to /home/hotaka/R1_ros_ws/install/RSPkg/lib/python3.10/site-packages/RSPkg-0.0.0-py3.10.egg-info
[2.435s] running install_scripts
[2.477s] Installing RS_node script to /home/hotaka/R1_ros_ws/install/RSPkg/lib/RSPkg
[2.477s] writing list of installed files to '/home/hotaka/R1_ros_ws/build/RSPkg/install.log'
[2.541s] Invoked command in '/home/hotaka/R1_ros_ws/src/RSPkg' returned '0': PYTHONPATH=/home/hotaka/R1_ros_ws/build/RSPkg/prefix_override:/home/hotaka/R1_ros_ws/install/RSPkg/lib/python3.10/site-packages:${PYTHONPATH} /usr/bin/python3 -W ignore:setup.py install is deprecated setup.py egg_info --egg-base ../../build/RSPkg build --build-base /home/hotaka/R1_ros_ws/build/RSPkg/build install --record /home/hotaka/R1_ros_ws/build/RSPkg/install.log --single-version-externally-managed install_data
