[2.293s] Invoking command in '/home/hotaka/R1_ros_ws/src/DebugPkg': PYTHONPATH=/home/hotaka/R1_ros_ws/build/DebugPkg/prefix_override:/home/hotaka/R1_ros_ws/install/DebugPkg/lib/python3.10/site-packages:${PYTHONPATH} /usr/bin/python3 -W ignore:setup.py install is deprecated setup.py egg_info --egg-base ../../build/DebugPkg build --build-base /home/hotaka/R1_ros_ws/build/DebugPkg/build install --record /home/hotaka/R1_ros_ws/build/DebugPkg/install.log --single-version-externally-managed install_data
[2.820s] running egg_info
[2.821s] writing ../../build/DebugPkg/DebugPkg.egg-info/PKG-INFO
[2.822s] writing dependency_links to ../../build/DebugPkg/DebugPkg.egg-info/dependency_links.txt
[2.822s] writing entry points to ../../build/DebugPkg/DebugPkg.egg-info/entry_points.txt
[2.823s] writing requirements to ../../build/DebugPkg/DebugPkg.egg-info/requires.txt
[2.823s] writing top-level names to ../../build/DebugPkg/DebugPkg.egg-info/top_level.txt
[2.828s] reading manifest file '../../build/DebugPkg/DebugPkg.egg-info/SOURCES.txt'
[2.830s] writing manifest file '../../build/DebugPkg/DebugPkg.egg-info/SOURCES.txt'
[2.830s] running build
[2.830s] running build_py
[2.832s] copying DebugPkg/debug_node.py -> /home/hotaka/R1_ros_ws/build/DebugPkg/build/lib/DebugPkg
[2.833s] running install
[2.833s] running install_lib
[2.835s] copying /home/hotaka/R1_ros_ws/build/DebugPkg/build/lib/DebugPkg/debug_node.py -> /home/hotaka/R1_ros_ws/install/DebugPkg/lib/python3.10/site-packages/DebugPkg
[2.835s] byte-compiling /home/hotaka/R1_ros_ws/install/DebugPkg/lib/python3.10/site-packages/DebugPkg/debug_node.py to debug_node.cpython-310.pyc
[2.837s] running install_data
[2.838s] running install_egg_info
[2.845s] removing '/home/hotaka/R1_ros_ws/install/DebugPkg/lib/python3.10/site-packages/DebugPkg-0.0.0-py3.10.egg-info' (and everything under it)
[2.853s] Copying ../../build/DebugPkg/DebugPkg.egg-info to /home/hotaka/R1_ros_ws/install/DebugPkg/lib/python3.10/site-packages/DebugPkg-0.0.0-py3.10.egg-info
[2.854s] running install_scripts
[2.891s] Installing debug_node script to /home/hotaka/R1_ros_ws/install/DebugPkg/lib/DebugPkg
[2.892s] writing list of installed files to '/home/hotaka/R1_ros_ws/build/DebugPkg/install.log'
[2.939s] Invoked command in '/home/hotaka/R1_ros_ws/src/DebugPkg' returned '0': PYTHONPATH=/home/hotaka/R1_ros_ws/build/DebugPkg/prefix_override:/home/hotaka/R1_ros_ws/install/DebugPkg/lib/python3.10/site-packages:${PYTHONPATH} /usr/bin/python3 -W ignore:setup.py install is deprecated setup.py egg_info --egg-base ../../build/DebugPkg build --build-base /home/hotaka/R1_ros_ws/build/DebugPkg/build install --record /home/hotaka/R1_ros_ws/build/DebugPkg/install.log --single-version-externally-managed install_data
