[0.665s] Invoking command in '/home/hotaka/2024_RoboconB_Repository/program/R1_ros_ws/src/CalcuPkg': PYTHONPATH=/home/hotaka/2024_RoboconB_Repository/program/R1_ros_ws/build/CalcuPkg/prefix_override:/home/hotaka/2024_RoboconB_Repository/program/R1_ros_ws/install/CalcuPkg/lib/python3.10/site-packages:${PYTHONPATH} /usr/bin/python3 -W ignore:setup.py install is deprecated setup.py egg_info --egg-base ../../build/CalcuPkg build --build-base /home/hotaka/2024_RoboconB_Repository/program/R1_ros_ws/build/CalcuPkg/build install --record /home/hotaka/2024_RoboconB_Repository/program/R1_ros_ws/build/CalcuPkg/install.log --single-version-externally-managed install_data
[0.840s] running egg_info
[0.841s] writing ../../build/CalcuPkg/CalcuPkg.egg-info/PKG-INFO
[0.841s] writing dependency_links to ../../build/CalcuPkg/CalcuPkg.egg-info/dependency_links.txt
[0.841s] writing entry points to ../../build/CalcuPkg/CalcuPkg.egg-info/entry_points.txt
[0.841s] writing requirements to ../../build/CalcuPkg/CalcuPkg.egg-info/requires.txt
[0.841s] writing top-level names to ../../build/CalcuPkg/CalcuPkg.egg-info/top_level.txt
[0.842s] reading manifest file '../../build/CalcuPkg/CalcuPkg.egg-info/SOURCES.txt'
[0.843s] adding license file 'LICENSE'
[0.843s] writing manifest file '../../build/CalcuPkg/CalcuPkg.egg-info/SOURCES.txt'
[0.843s] running build
[0.843s] running build_py
[0.844s] running install
[0.844s] running install_lib
[0.845s] running install_data
[0.845s] running install_egg_info
[0.846s] removing '/home/hotaka/2024_RoboconB_Repository/program/R1_ros_ws/install/CalcuPkg/lib/python3.10/site-packages/CalcuPkg-0.0.0-py3.10.egg-info' (and everything under it)
[0.846s] Copying ../../build/CalcuPkg/CalcuPkg.egg-info to /home/hotaka/2024_RoboconB_Repository/program/R1_ros_ws/install/CalcuPkg/lib/python3.10/site-packages/CalcuPkg-0.0.0-py3.10.egg-info
[0.847s] running install_scripts
[0.863s] Installing calcu_node script to /home/hotaka/2024_RoboconB_Repository/program/R1_ros_ws/install/CalcuPkg/lib/CalcuPkg
[0.863s] writing list of installed files to '/home/hotaka/2024_RoboconB_Repository/program/R1_ros_ws/build/CalcuPkg/install.log'
[0.894s] Invoked command in '/home/hotaka/2024_RoboconB_Repository/program/R1_ros_ws/src/CalcuPkg' returned '0': PYTHONPATH=/home/hotaka/2024_RoboconB_Repository/program/R1_ros_ws/build/CalcuPkg/prefix_override:/home/hotaka/2024_RoboconB_Repository/program/R1_ros_ws/install/CalcuPkg/lib/python3.10/site-packages:${PYTHONPATH} /usr/bin/python3 -W ignore:setup.py install is deprecated setup.py egg_info --egg-base ../../build/CalcuPkg build --build-base /home/hotaka/2024_RoboconB_Repository/program/R1_ros_ws/build/CalcuPkg/build install --record /home/hotaka/2024_RoboconB_Repository/program/R1_ros_ws/build/CalcuPkg/install.log --single-version-externally-managed install_data
