/home/hotaka/R1_ros_ws/install/CalcuPkg/lib/python3.10/site-packages/CalcuPkg/calcu_node.py
/home/hotaka/R1_ros_ws/install/CalcuPkg/lib/python3.10/site-packages/CalcuPkg/pos_node.py
/home/hotaka/R1_ros_ws/install/CalcuPkg/lib/python3.10/site-packages/CalcuPkg/__init__.py
/home/hotaka/R1_ros_ws/install/CalcuPkg/lib/python3.10/site-packages/CalcuPkg/debug_node.py
/home/hotaka/R1_ros_ws/install/CalcuPkg/lib/python3.10/site-packages/CalcuPkg/__pycache__/calcu_node.cpython-310.pyc
/home/hotaka/R1_ros_ws/install/CalcuPkg/lib/python3.10/site-packages/CalcuPkg/__pycache__/pos_node.cpython-310.pyc
/home/hotaka/R1_ros_ws/install/CalcuPkg/lib/python3.10/site-packages/CalcuPkg/__pycache__/__init__.cpython-310.pyc
/home/hotaka/R1_ros_ws/install/CalcuPkg/lib/python3.10/site-packages/CalcuPkg/__pycache__/debug_node.cpython-310.pyc
/home/hotaka/R1_ros_ws/install/CalcuPkg/share/ament_index/resource_index/packages/CalcuPkg
/home/hotaka/R1_ros_ws/install/CalcuPkg/share/CalcuPkg/package.xml
/home/hotaka/R1_ros_ws/install/CalcuPkg/lib/python3.10/site-packages/CalcuPkg-0.0.0-py3.10.egg-info/entry_points.txt
/home/hotaka/R1_ros_ws/install/CalcuPkg/lib/python3.10/site-packages/CalcuPkg-0.0.0-py3.10.egg-info/requires.txt
/home/hotaka/R1_ros_ws/install/CalcuPkg/lib/python3.10/site-packages/CalcuPkg-0.0.0-py3.10.egg-info/dependency_links.txt
/home/hotaka/R1_ros_ws/install/CalcuPkg/lib/python3.10/site-packages/CalcuPkg-0.0.0-py3.10.egg-info/zip-safe
/home/hotaka/R1_ros_ws/install/CalcuPkg/lib/python3.10/site-packages/CalcuPkg-0.0.0-py3.10.egg-info/PKG-INFO
/home/hotaka/R1_ros_ws/install/CalcuPkg/lib/python3.10/site-packages/CalcuPkg-0.0.0-py3.10.egg-info/SOURCES.txt
/home/hotaka/R1_ros_ws/install/CalcuPkg/lib/python3.10/site-packages/CalcuPkg-0.0.0-py3.10.egg-info/top_level.txt
/home/hotaka/R1_ros_ws/install/CalcuPkg/lib/CalcuPkg/calcu_node
/home/hotaka/R1_ros_ws/install/CalcuPkg/lib/CalcuPkg/debug_node
/home/hotaka/R1_ros_ws/install/CalcuPkg/lib/CalcuPkg/pos_node
