[0.643s] Invoking command in '/home/hotaka/2024_RoboconB_Repository/program/R1_ros_ws/src/CalcuPkg': PYTHONPATH=/home/hotaka/2024_RoboconB_Repository/program/R1_ros_ws/build/CalcuPkg/prefix_override:/home/hotaka/2024_RoboconB_Repository/program/R1_ros_ws/install/CalcuPkg/lib/python3.10/site-packages:${PYTHONPATH} /usr/bin/python3 -W ignore:setup.py install is deprecated setup.py egg_info --egg-base ../../build/CalcuPkg build --build-base /home/hotaka/2024_RoboconB_Repository/program/R1_ros_ws/build/CalcuPkg/build install --record /home/hotaka/2024_RoboconB_Repository/program/R1_ros_ws/build/CalcuPkg/install.log --single-version-externally-managed install_data
[0.806s] running egg_info
[0.806s] writing ../../build/CalcuPkg/CalcuPkg.egg-info/PKG-INFO
[0.806s] writing dependency_links to ../../build/CalcuPkg/CalcuPkg.egg-info/dependency_links.txt
[0.807s] writing entry points to ../../build/CalcuPkg/CalcuPkg.egg-info/entry_points.txt
[0.807s] writing requirements to ../../build/CalcuPkg/CalcuPkg.egg-info/requires.txt
[0.807s] writing top-level names to ../../build/CalcuPkg/CalcuPkg.egg-info/top_level.txt
[0.808s] reading manifest file '../../build/CalcuPkg/CalcuPkg.egg-info/SOURCES.txt'
[0.808s] adding license file 'LICENSE'
[0.809s] writing manifest file '../../build/CalcuPkg/CalcuPkg.egg-info/SOURCES.txt'
[0.809s] running build
[0.809s] running build_py
[0.809s] running install
[0.810s] running install_lib
[0.811s] running install_data
[0.811s] running install_egg_info
[0.812s] removing '/home/hotaka/2024_RoboconB_Repository/program/R1_ros_ws/install/CalcuPkg/lib/python3.10/site-packages/CalcuPkg-0.0.0-py3.10.egg-info' (and everything under it)
[0.813s] Copying ../../build/CalcuPkg/CalcuPkg.egg-info to /home/hotaka/2024_RoboconB_Repository/program/R1_ros_ws/install/CalcuPkg/lib/python3.10/site-packages/CalcuPkg-0.0.0-py3.10.egg-info
[0.813s] running install_scripts
[0.830s] Installing calcu_node script to /home/hotaka/2024_RoboconB_Repository/program/R1_ros_ws/install/CalcuPkg/lib/CalcuPkg
[0.831s] writing list of installed files to '/home/hotaka/2024_RoboconB_Repository/program/R1_ros_ws/build/CalcuPkg/install.log'
[0.868s] Invoked command in '/home/hotaka/2024_RoboconB_Repository/program/R1_ros_ws/src/CalcuPkg' returned '0': PYTHONPATH=/home/hotaka/2024_RoboconB_Repository/program/R1_ros_ws/build/CalcuPkg/prefix_override:/home/hotaka/2024_RoboconB_Repository/program/R1_ros_ws/install/CalcuPkg/lib/python3.10/site-packages:${PYTHONPATH} /usr/bin/python3 -W ignore:setup.py install is deprecated setup.py egg_info --egg-base ../../build/CalcuPkg build --build-base /home/hotaka/2024_RoboconB_Repository/program/R1_ros_ws/build/CalcuPkg/build install --record /home/hotaka/2024_RoboconB_Repository/program/R1_ros_ws/build/CalcuPkg/install.log --single-version-externally-managed install_data
