[3.302s] Invoking command in '/home/hotaka/R1_ros_ws/src/SerialPkg': PYTHONPATH=/home/hotaka/R1_ros_ws/build/SerialPkg/prefix_override:/home/hotaka/R1_ros_ws/install/SerialPkg/lib/python3.10/site-packages:${PYTHONPATH} /usr/bin/python3 -W ignore:setup.py install is deprecated setup.py egg_info --egg-base ../../build/SerialPkg build --build-base /home/hotaka/R1_ros_ws/build/SerialPkg/build install --record /home/hotaka/R1_ros_ws/build/SerialPkg/install.log --single-version-externally-managed install_data
[4.067s] running egg_info
[4.069s] writing ../../build/SerialPkg/SerialPkg.egg-info/PKG-INFO
[4.069s] writing dependency_links to ../../build/SerialPkg/SerialPkg.egg-info/dependency_links.txt
[4.073s] writing entry points to ../../build/SerialPkg/SerialPkg.egg-info/entry_points.txt
[4.073s] writing requirements to ../../build/SerialPkg/SerialPkg.egg-info/requires.txt
[4.073s] writing top-level names to ../../build/SerialPkg/SerialPkg.egg-info/top_level.txt
[4.079s] reading manifest file '../../build/SerialPkg/SerialPkg.egg-info/SOURCES.txt'
[4.087s] writing manifest file '../../build/SerialPkg/SerialPkg.egg-info/SOURCES.txt'
[4.087s] running build
[4.088s] running build_py
[4.088s] running install
[4.089s] running install_lib
[4.092s] running install_data
[4.092s] running install_egg_info
[4.102s] removing '/home/hotaka/R1_ros_ws/install/SerialPkg/lib/python3.10/site-packages/SerialPkg-0.0.0-py3.10.egg-info' (and everything under it)
[4.102s] Copying ../../build/SerialPkg/SerialPkg.egg-info to /home/hotaka/R1_ros_ws/install/SerialPkg/lib/python3.10/site-packages/SerialPkg-0.0.0-py3.10.egg-info
[4.104s] running install_scripts
[4.181s] Installing IM920_node script to /home/hotaka/R1_ros_ws/install/SerialPkg/lib/SerialPkg
[4.181s] Installing serial_node script to /home/hotaka/R1_ros_ws/install/SerialPkg/lib/SerialPkg
[4.181s] writing list of installed files to '/home/hotaka/R1_ros_ws/build/SerialPkg/install.log'
[4.257s] Invoked command in '/home/hotaka/R1_ros_ws/src/SerialPkg' returned '0': PYTHONPATH=/home/hotaka/R1_ros_ws/build/SerialPkg/prefix_override:/home/hotaka/R1_ros_ws/install/SerialPkg/lib/python3.10/site-packages:${PYTHONPATH} /usr/bin/python3 -W ignore:setup.py install is deprecated setup.py egg_info --egg-base ../../build/SerialPkg build --build-base /home/hotaka/R1_ros_ws/build/SerialPkg/build install --record /home/hotaka/R1_ros_ws/build/SerialPkg/install.log --single-version-externally-managed install_data
