[1.082s] Invoking command in '/home/hotaka/R1_ros_ws/src/DebugPkg': PYTHONPATH=/home/hotaka/R1_ros_ws/build/DebugPkg/prefix_override:/home/hotaka/R1_ros_ws/install/DebugPkg/lib/python3.10/site-packages:${PYTHONPATH} /usr/bin/python3 -W ignore:setup.py install is deprecated setup.py egg_info --egg-base ../../build/DebugPkg build --build-base /home/hotaka/R1_ros_ws/build/DebugPkg/build install --record /home/hotaka/R1_ros_ws/build/DebugPkg/install.log --single-version-externally-managed install_data
[1.278s] running egg_info
[1.278s] creating ../../build/DebugPkg/DebugPkg.egg-info
[1.278s] writing ../../build/DebugPkg/DebugPkg.egg-info/PKG-INFO
[1.279s] writing dependency_links to ../../build/DebugPkg/DebugPkg.egg-info/dependency_links.txt
[1.279s] writing entry points to ../../build/DebugPkg/DebugPkg.egg-info/entry_points.txt
[1.279s] writing requirements to ../../build/DebugPkg/DebugPkg.egg-info/requires.txt
[1.280s] writing top-level names to ../../build/DebugPkg/DebugPkg.egg-info/top_level.txt
[1.280s] writing manifest file '../../build/DebugPkg/DebugPkg.egg-info/SOURCES.txt'
[1.281s] reading manifest file '../../build/DebugPkg/DebugPkg.egg-info/SOURCES.txt'
[1.282s] writing manifest file '../../build/DebugPkg/DebugPkg.egg-info/SOURCES.txt'
[1.282s] running build
[1.282s] running build_py
[1.283s] creating /home/hotaka/R1_ros_ws/build/DebugPkg/build
[1.283s] creating /home/hotaka/R1_ros_ws/build/DebugPkg/build/lib
[1.283s] creating /home/hotaka/R1_ros_ws/build/DebugPkg/build/lib/DebugPkg
[1.283s] copying DebugPkg/__init__.py -> /home/hotaka/R1_ros_ws/build/DebugPkg/build/lib/DebugPkg
[1.283s] copying DebugPkg/debug_node.py -> /home/hotaka/R1_ros_ws/build/DebugPkg/build/lib/DebugPkg
[1.283s] running install
[1.284s] running install_lib
[1.284s] creating /home/hotaka/R1_ros_ws/install/DebugPkg/lib/python3.10/site-packages/DebugPkg
[1.284s] copying /home/hotaka/R1_ros_ws/build/DebugPkg/build/lib/DebugPkg/__init__.py -> /home/hotaka/R1_ros_ws/install/DebugPkg/lib/python3.10/site-packages/DebugPkg
[1.284s] copying /home/hotaka/R1_ros_ws/build/DebugPkg/build/lib/DebugPkg/debug_node.py -> /home/hotaka/R1_ros_ws/install/DebugPkg/lib/python3.10/site-packages/DebugPkg
[1.285s] byte-compiling /home/hotaka/R1_ros_ws/install/DebugPkg/lib/python3.10/site-packages/DebugPkg/__init__.py to __init__.cpython-310.pyc
[1.285s] byte-compiling /home/hotaka/R1_ros_ws/install/DebugPkg/lib/python3.10/site-packages/DebugPkg/debug_node.py to debug_node.cpython-310.pyc
[1.285s] running install_data
[1.285s] creating /home/hotaka/R1_ros_ws/install/DebugPkg/share/ament_index
[1.286s] creating /home/hotaka/R1_ros_ws/install/DebugPkg/share/ament_index/resource_index
[1.286s] creating /home/hotaka/R1_ros_ws/install/DebugPkg/share/ament_index/resource_index/packages
[1.286s] copying resource/DebugPkg -> /home/hotaka/R1_ros_ws/install/DebugPkg/share/ament_index/resource_index/packages
[1.286s] copying package.xml -> /home/hotaka/R1_ros_ws/install/DebugPkg/share/DebugPkg
[1.286s] running install_egg_info
[1.289s] Copying ../../build/DebugPkg/DebugPkg.egg-info to /home/hotaka/R1_ros_ws/install/DebugPkg/lib/python3.10/site-packages/DebugPkg-0.0.0-py3.10.egg-info
[1.289s] running install_scripts
[1.308s] Installing debug_node script to /home/hotaka/R1_ros_ws/install/DebugPkg/lib/DebugPkg
[1.308s] writing list of installed files to '/home/hotaka/R1_ros_ws/build/DebugPkg/install.log'
[1.370s] Invoked command in '/home/hotaka/R1_ros_ws/src/DebugPkg' returned '0': PYTHONPATH=/home/hotaka/R1_ros_ws/build/DebugPkg/prefix_override:/home/hotaka/R1_ros_ws/install/DebugPkg/lib/python3.10/site-packages:${PYTHONPATH} /usr/bin/python3 -W ignore:setup.py install is deprecated setup.py egg_info --egg-base ../../build/DebugPkg build --build-base /home/hotaka/R1_ros_ws/build/DebugPkg/build install --record /home/hotaka/R1_ros_ws/build/DebugPkg/install.log --single-version-externally-managed install_data
