[0.473s] Invoking command in '/home/hotaka/robocon2024/src/SerialPkg': PYTHONPATH=/home/hotaka/robocon2024/build/SerialPkg/prefix_override:/home/hotaka/robocon2024/install/SerialPkg/lib/python3.10/site-packages:${PYTHONPATH} /usr/bin/python3 -W ignore:setup.py install is deprecated setup.py egg_info --egg-base ../../build/SerialPkg build --build-base /home/hotaka/robocon2024/build/SerialPkg/build install --record /home/hotaka/robocon2024/build/SerialPkg/install.log --single-version-externally-managed install_data
[0.652s] running egg_info
[0.652s] creating ../../build/SerialPkg/SerialPkg.egg-info
[0.653s] writing ../../build/SerialPkg/SerialPkg.egg-info/PKG-INFO
[0.653s] writing dependency_links to ../../build/SerialPkg/SerialPkg.egg-info/dependency_links.txt
[0.653s] writing entry points to ../../build/SerialPkg/SerialPkg.egg-info/entry_points.txt
[0.653s] writing requirements to ../../build/SerialPkg/SerialPkg.egg-info/requires.txt
[0.653s] writing top-level names to ../../build/SerialPkg/SerialPkg.egg-info/top_level.txt
[0.653s] writing manifest file '../../build/SerialPkg/SerialPkg.egg-info/SOURCES.txt'
[0.654s] reading manifest file '../../build/SerialPkg/SerialPkg.egg-info/SOURCES.txt'
[0.654s] adding license file 'LICENSE'
[0.655s] writing manifest file '../../build/SerialPkg/SerialPkg.egg-info/SOURCES.txt'
[0.655s] running build
[0.655s] running build_py
[0.655s] creating /home/hotaka/robocon2024/build/SerialPkg/build
[0.655s] creating /home/hotaka/robocon2024/build/SerialPkg/build/lib
[0.655s] creating /home/hotaka/robocon2024/build/SerialPkg/build/lib/SerialPkg
[0.655s] copying SerialPkg/serial.py -> /home/hotaka/robocon2024/build/SerialPkg/build/lib/SerialPkg
[0.655s] copying SerialPkg/my_serial.py -> /home/hotaka/robocon2024/build/SerialPkg/build/lib/SerialPkg
[0.655s] copying SerialPkg/__init__.py -> /home/hotaka/robocon2024/build/SerialPkg/build/lib/SerialPkg
[0.655s] running install
[0.655s] running install_lib
[0.656s] creating /home/hotaka/robocon2024/install/SerialPkg/lib/python3.10/site-packages/SerialPkg
[0.656s] copying /home/hotaka/robocon2024/build/SerialPkg/build/lib/SerialPkg/serial.py -> /home/hotaka/robocon2024/install/SerialPkg/lib/python3.10/site-packages/SerialPkg
[0.656s] copying /home/hotaka/robocon2024/build/SerialPkg/build/lib/SerialPkg/my_serial.py -> /home/hotaka/robocon2024/install/SerialPkg/lib/python3.10/site-packages/SerialPkg
[0.656s] copying /home/hotaka/robocon2024/build/SerialPkg/build/lib/SerialPkg/__init__.py -> /home/hotaka/robocon2024/install/SerialPkg/lib/python3.10/site-packages/SerialPkg
[0.657s] byte-compiling /home/hotaka/robocon2024/install/SerialPkg/lib/python3.10/site-packages/SerialPkg/serial.py to serial.cpython-310.pyc
[0.657s] byte-compiling /home/hotaka/robocon2024/install/SerialPkg/lib/python3.10/site-packages/SerialPkg/my_serial.py to my_serial.cpython-310.pyc
[0.658s] byte-compiling /home/hotaka/robocon2024/install/SerialPkg/lib/python3.10/site-packages/SerialPkg/__init__.py to __init__.cpython-310.pyc
[0.658s] running install_data
[0.658s] creating /home/hotaka/robocon2024/install/SerialPkg/share/ament_index
[0.658s] creating /home/hotaka/robocon2024/install/SerialPkg/share/ament_index/resource_index
[0.658s] creating /home/hotaka/robocon2024/install/SerialPkg/share/ament_index/resource_index/packages
[0.658s] copying resource/SerialPkg -> /home/hotaka/robocon2024/install/SerialPkg/share/ament_index/resource_index/packages
[0.658s] copying package.xml -> /home/hotaka/robocon2024/install/SerialPkg/share/SerialPkg
[0.658s] running install_egg_info
[0.659s] Copying ../../build/SerialPkg/SerialPkg.egg-info to /home/hotaka/robocon2024/install/SerialPkg/lib/python3.10/site-packages/SerialPkg-0.0.0-py3.10.egg-info
[0.660s] running install_scripts
[0.676s] Installing serial_node script to /home/hotaka/robocon2024/install/SerialPkg/lib/SerialPkg
[0.676s] writing list of installed files to '/home/hotaka/robocon2024/build/SerialPkg/install.log'
[0.697s] Invoked command in '/home/hotaka/robocon2024/src/SerialPkg' returned '0': PYTHONPATH=/home/hotaka/robocon2024/build/SerialPkg/prefix_override:/home/hotaka/robocon2024/install/SerialPkg/lib/python3.10/site-packages:${PYTHONPATH} /usr/bin/python3 -W ignore:setup.py install is deprecated setup.py egg_info --egg-base ../../build/SerialPkg build --build-base /home/hotaka/robocon2024/build/SerialPkg/build install --record /home/hotaka/robocon2024/build/SerialPkg/install.log --single-version-externally-managed install_data
