[0.083s] DEBUG:colcon:Command line arguments: ['/usr/bin/colcon', 'build']
[0.083s] DEBUG:colcon:Parsed command line arguments: Namespace(log_base=None, log_level=None, verb_name='build', build_base='build', install_base='install', merge_install=False, symlink_install=False, test_result_base=None, continue_on_error=False, executor='parallel', parallel_workers=8, event_handlers=None, ignore_user_meta=False, metas=['./colcon.meta'], base_paths=['.'], packages_ignore=None, packages_ignore_regex=None, paths=None, packages_up_to=None, packages_up_to_regex=None, packages_above=None, packages_above_and_dependencies=None, packages_above_depth=None, packages_select_by_dep=None, packages_skip_by_dep=None, packages_skip_up_to=None, packages_select_build_failed=False, packages_skip_build_finished=False, packages_select_test_failures=False, packages_skip_test_passed=False, packages_select=None, packages_skip=None, packages_select_regex=None, packages_skip_regex=None, packages_start=None, packages_end=None, allow_overriding=[], cmake_args=None, cmake_target=None, cmake_target_skip_unavailable=False, cmake_clean_cache=False, cmake_clean_first=False, cmake_force_configure=False, ament_cmake_args=None, catkin_cmake_args=None, catkin_skip_building_tests=False, mixin_files=None, mixin=None, verb_parser=<colcon_mixin.mixin.mixin_argument.MixinArgumentDecorator object at 0x7eb59333b040>, verb_extension=<colcon_core.verb.build.BuildVerb object at 0x7eb59342f640>, main=<bound method BuildVerb.main of <colcon_core.verb.build.BuildVerb object at 0x7eb59342f640>>, mixin_verb=('build',))
[0.213s] Level 1:colcon.colcon_core.package_discovery:discover_packages(colcon_meta) check parameters
[0.213s] Level 1:colcon.colcon_core.package_discovery:discover_packages(recursive) check parameters
[0.213s] Level 1:colcon.colcon_core.package_discovery:discover_packages(ignore) check parameters
[0.213s] Level 1:colcon.colcon_core.package_discovery:discover_packages(path) check parameters
[0.213s] Level 1:colcon.colcon_core.package_discovery:discover_packages(colcon_meta) discover
[0.213s] Level 1:colcon.colcon_core.package_discovery:discover_packages(recursive) discover
[0.213s] INFO:colcon.colcon_core.package_discovery:Crawling recursively for packages in '/home/hotaka/2024_RoboconB_Repository/program/R1_ros_ws'
[0.213s] Level 1:colcon.colcon_core.package_identification:_identify(.) by extensions ['ignore', 'ignore_ament_install']
[0.214s] Level 1:colcon.colcon_core.package_identification:_identify(.) by extension 'ignore'
[0.214s] Level 1:colcon.colcon_core.package_identification:_identify(.) by extension 'ignore_ament_install'
[0.214s] Level 1:colcon.colcon_core.package_identification:_identify(.) by extensions ['colcon_pkg']
[0.214s] Level 1:colcon.colcon_core.package_identification:_identify(.) by extension 'colcon_pkg'
[0.214s] Level 1:colcon.colcon_core.package_identification:_identify(.) by extensions ['colcon_meta']
[0.214s] Level 1:colcon.colcon_core.package_identification:_identify(.) by extension 'colcon_meta'
[0.214s] Level 1:colcon.colcon_core.package_identification:_identify(.) by extensions ['ros']
[0.214s] Level 1:colcon.colcon_core.package_identification:_identify(.) by extension 'ros'
[0.221s] Level 1:colcon.colcon_core.package_identification:_identify(.) by extensions ['cmake', 'python']
[0.221s] Level 1:colcon.colcon_core.package_identification:_identify(.) by extension 'cmake'
[0.221s] Level 1:colcon.colcon_core.package_identification:_identify(.) by extension 'python'
[0.221s] Level 1:colcon.colcon_core.package_identification:_identify(.) by extensions ['python_setup_py']
[0.221s] Level 1:colcon.colcon_core.package_identification:_identify(.) by extension 'python_setup_py'
[0.221s] Level 1:colcon.colcon_core.package_identification:_identify(build) by extensions ['ignore', 'ignore_ament_install']
[0.221s] Level 1:colcon.colcon_core.package_identification:_identify(build) by extension 'ignore'
[0.221s] Level 1:colcon.colcon_core.package_identification:_identify(build) ignored
[0.221s] Level 1:colcon.colcon_core.package_identification:_identify(install) by extensions ['ignore', 'ignore_ament_install']
[0.222s] Level 1:colcon.colcon_core.package_identification:_identify(install) by extension 'ignore'
[0.222s] Level 1:colcon.colcon_core.package_identification:_identify(install) ignored
[0.222s] Level 1:colcon.colcon_core.package_identification:_identify(log) by extensions ['ignore', 'ignore_ament_install']
[0.222s] Level 1:colcon.colcon_core.package_identification:_identify(log) by extension 'ignore'
[0.222s] Level 1:colcon.colcon_core.package_identification:_identify(log) ignored
[0.222s] Level 1:colcon.colcon_core.package_identification:_identify(src) by extensions ['ignore', 'ignore_ament_install']
[0.222s] Level 1:colcon.colcon_core.package_identification:_identify(src) by extension 'ignore'
[0.222s] Level 1:colcon.colcon_core.package_identification:_identify(src) by extension 'ignore_ament_install'
[0.222s] Level 1:colcon.colcon_core.package_identification:_identify(src) by extensions ['colcon_pkg']
[0.222s] Level 1:colcon.colcon_core.package_identification:_identify(src) by extension 'colcon_pkg'
[0.222s] Level 1:colcon.colcon_core.package_identification:_identify(src) by extensions ['colcon_meta']
[0.222s] Level 1:colcon.colcon_core.package_identification:_identify(src) by extension 'colcon_meta'
[0.222s] Level 1:colcon.colcon_core.package_identification:_identify(src) by extensions ['ros']
[0.222s] Level 1:colcon.colcon_core.package_identification:_identify(src) by extension 'ros'
[0.222s] Level 1:colcon.colcon_core.package_identification:_identify(src) by extensions ['cmake', 'python']
[0.222s] Level 1:colcon.colcon_core.package_identification:_identify(src) by extension 'cmake'
[0.222s] Level 1:colcon.colcon_core.package_identification:_identify(src) by extension 'python'
[0.222s] Level 1:colcon.colcon_core.package_identification:_identify(src) by extensions ['python_setup_py']
[0.222s] Level 1:colcon.colcon_core.package_identification:_identify(src) by extension 'python_setup_py'
[0.222s] Level 1:colcon.colcon_core.package_identification:_identify(src/CalcuPkg) by extensions ['ignore', 'ignore_ament_install']
[0.222s] Level 1:colcon.colcon_core.package_identification:_identify(src/CalcuPkg) by extension 'ignore'
[0.222s] Level 1:colcon.colcon_core.package_identification:_identify(src/CalcuPkg) by extension 'ignore_ament_install'
[0.222s] Level 1:colcon.colcon_core.package_identification:_identify(src/CalcuPkg) by extensions ['colcon_pkg']
[0.222s] Level 1:colcon.colcon_core.package_identification:_identify(src/CalcuPkg) by extension 'colcon_pkg'
[0.222s] Level 1:colcon.colcon_core.package_identification:_identify(src/CalcuPkg) by extensions ['colcon_meta']
[0.222s] Level 1:colcon.colcon_core.package_identification:_identify(src/CalcuPkg) by extension 'colcon_meta'
[0.223s] Level 1:colcon.colcon_core.package_identification:_identify(src/CalcuPkg) by extensions ['ros']
[0.223s] Level 1:colcon.colcon_core.package_identification:_identify(src/CalcuPkg) by extension 'ros'
[0.224s] DEBUG:colcon.colcon_core.package_identification:Package 'src/CalcuPkg' with type 'ros.ament_python' and name 'CalcuPkg'
[0.224s] Level 1:colcon.colcon_core.package_identification:_identify(src/RSPkg) by extensions ['ignore', 'ignore_ament_install']
[0.224s] Level 1:colcon.colcon_core.package_identification:_identify(src/RSPkg) by extension 'ignore'
[0.224s] Level 1:colcon.colcon_core.package_identification:_identify(src/RSPkg) by extension 'ignore_ament_install'
[0.224s] Level 1:colcon.colcon_core.package_identification:_identify(src/RSPkg) by extensions ['colcon_pkg']
[0.224s] Level 1:colcon.colcon_core.package_identification:_identify(src/RSPkg) by extension 'colcon_pkg'
[0.224s] Level 1:colcon.colcon_core.package_identification:_identify(src/RSPkg) by extensions ['colcon_meta']
[0.224s] Level 1:colcon.colcon_core.package_identification:_identify(src/RSPkg) by extension 'colcon_meta'
[0.224s] Level 1:colcon.colcon_core.package_identification:_identify(src/RSPkg) by extensions ['ros']
[0.224s] Level 1:colcon.colcon_core.package_identification:_identify(src/RSPkg) by extension 'ros'
[0.225s] DEBUG:colcon.colcon_core.package_identification:Package 'src/RSPkg' with type 'ros.ament_python' and name 'RSPkg'
[0.225s] Level 1:colcon.colcon_core.package_identification:_identify(src/SerialPkg) by extensions ['ignore', 'ignore_ament_install']
[0.225s] Level 1:colcon.colcon_core.package_identification:_identify(src/SerialPkg) by extension 'ignore'
[0.225s] Level 1:colcon.colcon_core.package_identification:_identify(src/SerialPkg) by extension 'ignore_ament_install'
[0.225s] Level 1:colcon.colcon_core.package_identification:_identify(src/SerialPkg) by extensions ['colcon_pkg']
[0.225s] Level 1:colcon.colcon_core.package_identification:_identify(src/SerialPkg) by extension 'colcon_pkg'
[0.225s] Level 1:colcon.colcon_core.package_identification:_identify(src/SerialPkg) by extensions ['colcon_meta']
[0.225s] Level 1:colcon.colcon_core.package_identification:_identify(src/SerialPkg) by extension 'colcon_meta'
[0.225s] Level 1:colcon.colcon_core.package_identification:_identify(src/SerialPkg) by extensions ['ros']
[0.225s] Level 1:colcon.colcon_core.package_identification:_identify(src/SerialPkg) by extension 'ros'
[0.225s] DEBUG:colcon.colcon_core.package_identification:Package 'src/SerialPkg' with type 'ros.ament_python' and name 'SerialPkg'
[0.225s] Level 1:colcon.colcon_core.package_discovery:discover_packages(recursive) using defaults
[0.226s] Level 1:colcon.colcon_core.package_discovery:discover_packages(ignore) discover
[0.226s] Level 1:colcon.colcon_core.package_discovery:discover_packages(ignore) using defaults
[0.226s] Level 1:colcon.colcon_core.package_discovery:discover_packages(path) discover
[0.226s] Level 1:colcon.colcon_core.package_discovery:discover_packages(path) using defaults
[0.258s] Level 1:colcon.colcon_core.package_discovery:discover_packages(prefix_path) check parameters
[0.258s] Level 1:colcon.colcon_core.package_discovery:discover_packages(prefix_path) discover
[0.259s] DEBUG:colcon.colcon_installed_package_information.package_discovery:Found 4 installed packages in /home/hotaka/2024_RoboconB_Repository/program/R1_ros_ws/install
[0.260s] DEBUG:colcon.colcon_installed_package_information.package_discovery:Found 351 installed packages in /opt/ros/humble
[0.262s] Level 1:colcon.colcon_core.package_discovery:discover_packages(prefix_path) using defaults
[0.295s] Level 5:colcon.colcon_core.verb:set package 'CalcuPkg' build argument 'cmake_args' from command line to 'None'
[0.295s] Level 5:colcon.colcon_core.verb:set package 'CalcuPkg' build argument 'cmake_target' from command line to 'None'
[0.295s] Level 5:colcon.colcon_core.verb:set package 'CalcuPkg' build argument 'cmake_target_skip_unavailable' from command line to 'False'
[0.295s] Level 5:colcon.colcon_core.verb:set package 'CalcuPkg' build argument 'cmake_clean_cache' from command line to 'False'
[0.295s] Level 5:colcon.colcon_core.verb:set package 'CalcuPkg' build argument 'cmake_clean_first' from command line to 'False'
[0.295s] Level 5:colcon.colcon_core.verb:set package 'CalcuPkg' build argument 'cmake_force_configure' from command line to 'False'
[0.296s] Level 5:colcon.colcon_core.verb:set package 'CalcuPkg' build argument 'ament_cmake_args' from command line to 'None'
[0.296s] Level 5:colcon.colcon_core.verb:set package 'CalcuPkg' build argument 'catkin_cmake_args' from command line to 'None'
[0.296s] Level 5:colcon.colcon_core.verb:set package 'CalcuPkg' build argument 'catkin_skip_building_tests' from command line to 'False'
[0.296s] DEBUG:colcon.colcon_core.verb:Building package 'CalcuPkg' with the following arguments: {'ament_cmake_args': None, 'build_base': '/home/hotaka/2024_RoboconB_Repository/program/R1_ros_ws/build/CalcuPkg', 'catkin_cmake_args': None, 'catkin_skip_building_tests': False, 'cmake_args': None, 'cmake_clean_cache': False, 'cmake_clean_first': False, 'cmake_force_configure': False, 'cmake_target': None, 'cmake_target_skip_unavailable': False, 'install_base': '/home/hotaka/2024_RoboconB_Repository/program/R1_ros_ws/install/CalcuPkg', 'merge_install': False, 'path': '/home/hotaka/2024_RoboconB_Repository/program/R1_ros_ws/src/CalcuPkg', 'symlink_install': False, 'test_result_base': None}
[0.296s] Level 5:colcon.colcon_core.verb:set package 'RSPkg' build argument 'cmake_args' from command line to 'None'
[0.296s] Level 5:colcon.colcon_core.verb:set package 'RSPkg' build argument 'cmake_target' from command line to 'None'
[0.296s] Level 5:colcon.colcon_core.verb:set package 'RSPkg' build argument 'cmake_target_skip_unavailable' from command line to 'False'
[0.296s] Level 5:colcon.colcon_core.verb:set package 'RSPkg' build argument 'cmake_clean_cache' from command line to 'False'
[0.296s] Level 5:colcon.colcon_core.verb:set package 'RSPkg' build argument 'cmake_clean_first' from command line to 'False'
[0.296s] Level 5:colcon.colcon_core.verb:set package 'RSPkg' build argument 'cmake_force_configure' from command line to 'False'
[0.296s] Level 5:colcon.colcon_core.verb:set package 'RSPkg' build argument 'ament_cmake_args' from command line to 'None'
[0.296s] Level 5:colcon.colcon_core.verb:set package 'RSPkg' build argument 'catkin_cmake_args' from command line to 'None'
[0.296s] Level 5:colcon.colcon_core.verb:set package 'RSPkg' build argument 'catkin_skip_building_tests' from command line to 'False'
[0.296s] DEBUG:colcon.colcon_core.verb:Building package 'RSPkg' with the following arguments: {'ament_cmake_args': None, 'build_base': '/home/hotaka/2024_RoboconB_Repository/program/R1_ros_ws/build/RSPkg', 'catkin_cmake_args': None, 'catkin_skip_building_tests': False, 'cmake_args': None, 'cmake_clean_cache': False, 'cmake_clean_first': False, 'cmake_force_configure': False, 'cmake_target': None, 'cmake_target_skip_unavailable': False, 'install_base': '/home/hotaka/2024_RoboconB_Repository/program/R1_ros_ws/install/RSPkg', 'merge_install': False, 'path': '/home/hotaka/2024_RoboconB_Repository/program/R1_ros_ws/src/RSPkg', 'symlink_install': False, 'test_result_base': None}
[0.296s] Level 5:colcon.colcon_core.verb:set package 'SerialPkg' build argument 'cmake_args' from command line to 'None'
[0.296s] Level 5:colcon.colcon_core.verb:set package 'SerialPkg' build argument 'cmake_target' from command line to 'None'
[0.296s] Level 5:colcon.colcon_core.verb:set package 'SerialPkg' build argument 'cmake_target_skip_unavailable' from command line to 'False'
[0.296s] Level 5:colcon.colcon_core.verb:set package 'SerialPkg' build argument 'cmake_clean_cache' from command line to 'False'
[0.296s] Level 5:colcon.colcon_core.verb:set package 'SerialPkg' build argument 'cmake_clean_first' from command line to 'False'
[0.296s] Level 5:colcon.colcon_core.verb:set package 'SerialPkg' build argument 'cmake_force_configure' from command line to 'False'
[0.296s] Level 5:colcon.colcon_core.verb:set package 'SerialPkg' build argument 'ament_cmake_args' from command line to 'None'
[0.296s] Level 5:colcon.colcon_core.verb:set package 'SerialPkg' build argument 'catkin_cmake_args' from command line to 'None'
[0.296s] Level 5:colcon.colcon_core.verb:set package 'SerialPkg' build argument 'catkin_skip_building_tests' from command line to 'False'
[0.296s] DEBUG:colcon.colcon_core.verb:Building package 'SerialPkg' with the following arguments: {'ament_cmake_args': None, 'build_base': '/home/hotaka/2024_RoboconB_Repository/program/R1_ros_ws/build/SerialPkg', 'catkin_cmake_args': None, 'catkin_skip_building_tests': False, 'cmake_args': None, 'cmake_clean_cache': False, 'cmake_clean_first': False, 'cmake_force_configure': False, 'cmake_target': None, 'cmake_target_skip_unavailable': False, 'install_base': '/home/hotaka/2024_RoboconB_Repository/program/R1_ros_ws/install/SerialPkg', 'merge_install': False, 'path': '/home/hotaka/2024_RoboconB_Repository/program/R1_ros_ws/src/SerialPkg', 'symlink_install': False, 'test_result_base': None}
[0.296s] INFO:colcon.colcon_core.executor:Executing jobs using 'parallel' executor
[0.297s] DEBUG:colcon.colcon_parallel_executor.executor.parallel:run_until_complete
[0.298s] INFO:colcon.colcon_ros.task.ament_python.build:Building ROS package in '/home/hotaka/2024_RoboconB_Repository/program/R1_ros_ws/src/CalcuPkg' with build type 'ament_python'
[0.298s] Level 1:colcon.colcon_core.shell:create_environment_hook('CalcuPkg', 'ament_prefix_path')
[0.300s] INFO:colcon.colcon_core.plugin_system:Skipping extension 'colcon_core.shell.bat': Not used on non-Windows systems
[0.300s] INFO:colcon.colcon_core.shell:Creating environment hook '/home/hotaka/2024_RoboconB_Repository/program/R1_ros_ws/install/CalcuPkg/share/CalcuPkg/hook/ament_prefix_path.ps1'
[0.300s] INFO:colcon.colcon_core.shell:Creating environment descriptor '/home/hotaka/2024_RoboconB_Repository/program/R1_ros_ws/install/CalcuPkg/share/CalcuPkg/hook/ament_prefix_path.dsv'
[0.301s] INFO:colcon.colcon_core.shell:Creating environment hook '/home/hotaka/2024_RoboconB_Repository/program/R1_ros_ws/install/CalcuPkg/share/CalcuPkg/hook/ament_prefix_path.sh'
[0.301s] INFO:colcon.colcon_core.shell:Skip shell extension 'powershell' for command environment: Not usable outside of PowerShell
[0.301s] DEBUG:colcon.colcon_core.shell:Skip shell extension 'dsv' for command environment
[0.304s] INFO:colcon.colcon_ros.task.ament_python.build:Building ROS package in '/home/hotaka/2024_RoboconB_Repository/program/R1_ros_ws/src/RSPkg' with build type 'ament_python'
[0.304s] Level 1:colcon.colcon_core.shell:create_environment_hook('RSPkg', 'ament_prefix_path')
[0.304s] INFO:colcon.colcon_core.shell:Creating environment hook '/home/hotaka/2024_RoboconB_Repository/program/R1_ros_ws/install/RSPkg/share/RSPkg/hook/ament_prefix_path.ps1'
[0.305s] INFO:colcon.colcon_core.shell:Creating environment descriptor '/home/hotaka/2024_RoboconB_Repository/program/R1_ros_ws/install/RSPkg/share/RSPkg/hook/ament_prefix_path.dsv'
[0.305s] INFO:colcon.colcon_core.shell:Creating environment hook '/home/hotaka/2024_RoboconB_Repository/program/R1_ros_ws/install/RSPkg/share/RSPkg/hook/ament_prefix_path.sh'
[0.306s] INFO:colcon.colcon_core.shell:Skip shell extension 'powershell' for command environment: Not usable outside of PowerShell
[0.306s] DEBUG:colcon.colcon_core.shell:Skip shell extension 'dsv' for command environment
[0.309s] INFO:colcon.colcon_ros.task.ament_python.build:Building ROS package in '/home/hotaka/2024_RoboconB_Repository/program/R1_ros_ws/src/SerialPkg' with build type 'ament_python'
[0.309s] Level 1:colcon.colcon_core.shell:create_environment_hook('SerialPkg', 'ament_prefix_path')
[0.310s] INFO:colcon.colcon_core.shell:Creating environment hook '/home/hotaka/2024_RoboconB_Repository/program/R1_ros_ws/install/SerialPkg/share/SerialPkg/hook/ament_prefix_path.ps1'
[0.311s] INFO:colcon.colcon_core.shell:Creating environment descriptor '/home/hotaka/2024_RoboconB_Repository/program/R1_ros_ws/install/SerialPkg/share/SerialPkg/hook/ament_prefix_path.dsv'
[0.312s] INFO:colcon.colcon_core.shell:Creating environment hook '/home/hotaka/2024_RoboconB_Repository/program/R1_ros_ws/install/SerialPkg/share/SerialPkg/hook/ament_prefix_path.sh'
[0.313s] INFO:colcon.colcon_core.shell:Skip shell extension 'powershell' for command environment: Not usable outside of PowerShell
[0.313s] DEBUG:colcon.colcon_core.shell:Skip shell extension 'dsv' for command environment
[0.510s] INFO:colcon.colcon_core.task.python.build:Building Python package in '/home/hotaka/2024_RoboconB_Repository/program/R1_ros_ws/src/CalcuPkg'
[0.511s] INFO:colcon.colcon_core.shell:Skip shell extension 'powershell' for command environment: Not usable outside of PowerShell
[0.511s] DEBUG:colcon.colcon_core.shell:Skip shell extension 'dsv' for command environment
[0.697s] INFO:colcon.colcon_core.task.python.build:Building Python package in '/home/hotaka/2024_RoboconB_Repository/program/R1_ros_ws/src/RSPkg'
[0.697s] INFO:colcon.colcon_core.shell:Skip shell extension 'powershell' for command environment: Not usable outside of PowerShell
[0.697s] DEBUG:colcon.colcon_core.shell:Skip shell extension 'dsv' for command environment
[0.887s] INFO:colcon.colcon_core.task.python.build:Building Python package in '/home/hotaka/2024_RoboconB_Repository/program/R1_ros_ws/src/SerialPkg'
[0.887s] INFO:colcon.colcon_core.shell:Skip shell extension 'powershell' for command environment: Not usable outside of PowerShell
[0.887s] DEBUG:colcon.colcon_core.shell:Skip shell extension 'dsv' for command environment
[1.216s] DEBUG:colcon.colcon_core.event_handler.log_command:Invoking command in '/home/hotaka/2024_RoboconB_Repository/program/R1_ros_ws/src/SerialPkg': PYTHONPATH=/home/hotaka/2024_RoboconB_Repository/program/R1_ros_ws/build/SerialPkg/prefix_override:/home/hotaka/2024_RoboconB_Repository/program/R1_ros_ws/install/SerialPkg/lib/python3.10/site-packages:${PYTHONPATH} /usr/bin/python3 -W ignore:setup.py install is deprecated setup.py egg_info --egg-base ../../build/SerialPkg build --build-base /home/hotaka/2024_RoboconB_Repository/program/R1_ros_ws/build/SerialPkg/build install --record /home/hotaka/2024_RoboconB_Repository/program/R1_ros_ws/build/SerialPkg/install.log --single-version-externally-managed install_data
[1.220s] DEBUG:colcon.colcon_core.event_handler.log_command:Invoking command in '/home/hotaka/2024_RoboconB_Repository/program/R1_ros_ws/src/CalcuPkg': PYTHONPATH=/home/hotaka/2024_RoboconB_Repository/program/R1_ros_ws/build/CalcuPkg/prefix_override:/home/hotaka/2024_RoboconB_Repository/program/R1_ros_ws/install/CalcuPkg/lib/python3.10/site-packages:${PYTHONPATH} /usr/bin/python3 -W ignore:setup.py install is deprecated setup.py egg_info --egg-base ../../build/CalcuPkg build --build-base /home/hotaka/2024_RoboconB_Repository/program/R1_ros_ws/build/CalcuPkg/build install --record /home/hotaka/2024_RoboconB_Repository/program/R1_ros_ws/build/CalcuPkg/install.log --single-version-externally-managed install_data
[1.221s] DEBUG:colcon.colcon_core.event_handler.log_command:Invoking command in '/home/hotaka/2024_RoboconB_Repository/program/R1_ros_ws/src/RSPkg': PYTHONPATH=/home/hotaka/2024_RoboconB_Repository/program/R1_ros_ws/build/RSPkg/prefix_override:/home/hotaka/2024_RoboconB_Repository/program/R1_ros_ws/install/RSPkg/lib/python3.10/site-packages:${PYTHONPATH} /usr/bin/python3 -W ignore:setup.py install is deprecated setup.py egg_info --egg-base ../../build/RSPkg build --build-base /home/hotaka/2024_RoboconB_Repository/program/R1_ros_ws/build/RSPkg/build install --record /home/hotaka/2024_RoboconB_Repository/program/R1_ros_ws/build/RSPkg/install.log --single-version-externally-managed install_data
[1.472s] DEBUG:colcon.colcon_core.event_handler.log_command:Invoked command in '/home/hotaka/2024_RoboconB_Repository/program/R1_ros_ws/src/RSPkg' returned '0': PYTHONPATH=/home/hotaka/2024_RoboconB_Repository/program/R1_ros_ws/build/RSPkg/prefix_override:/home/hotaka/2024_RoboconB_Repository/program/R1_ros_ws/install/RSPkg/lib/python3.10/site-packages:${PYTHONPATH} /usr/bin/python3 -W ignore:setup.py install is deprecated setup.py egg_info --egg-base ../../build/RSPkg build --build-base /home/hotaka/2024_RoboconB_Repository/program/R1_ros_ws/build/RSPkg/build install --record /home/hotaka/2024_RoboconB_Repository/program/R1_ros_ws/build/RSPkg/install.log --single-version-externally-managed install_data
[1.474s] Level 1:colcon.colcon_core.environment:checking '/home/hotaka/2024_RoboconB_Repository/program/R1_ros_ws/install/RSPkg' for CMake module files
[1.475s] Level 1:colcon.colcon_core.environment:checking '/home/hotaka/2024_RoboconB_Repository/program/R1_ros_ws/install/RSPkg' for CMake config files
[1.475s] Level 1:colcon.colcon_core.environment:checking '/home/hotaka/2024_RoboconB_Repository/program/R1_ros_ws/install/RSPkg/lib'
[1.475s] Level 1:colcon.colcon_core.environment:checking '/home/hotaka/2024_RoboconB_Repository/program/R1_ros_ws/install/RSPkg/bin'
[1.475s] Level 1:colcon.colcon_core.environment:checking '/home/hotaka/2024_RoboconB_Repository/program/R1_ros_ws/install/RSPkg/lib/pkgconfig/RSPkg.pc'
[1.476s] Level 1:colcon.colcon_core.environment:checking '/home/hotaka/2024_RoboconB_Repository/program/R1_ros_ws/install/RSPkg/lib/python3.10/site-packages'
[1.476s] Level 1:colcon.colcon_core.shell:create_environment_hook('RSPkg', 'pythonpath')
[1.476s] INFO:colcon.colcon_core.shell:Creating environment hook '/home/hotaka/2024_RoboconB_Repository/program/R1_ros_ws/install/RSPkg/share/RSPkg/hook/pythonpath.ps1'
[1.476s] INFO:colcon.colcon_core.shell:Creating environment descriptor '/home/hotaka/2024_RoboconB_Repository/program/R1_ros_ws/install/RSPkg/share/RSPkg/hook/pythonpath.dsv'
[1.476s] INFO:colcon.colcon_core.shell:Creating environment hook '/home/hotaka/2024_RoboconB_Repository/program/R1_ros_ws/install/RSPkg/share/RSPkg/hook/pythonpath.sh'
[1.477s] Level 1:colcon.colcon_core.environment:checking '/home/hotaka/2024_RoboconB_Repository/program/R1_ros_ws/install/RSPkg/bin'
[1.477s] Level 1:colcon.colcon_core.environment:create_environment_scripts_only(RSPkg)
[1.477s] INFO:colcon.colcon_core.shell:Creating package script '/home/hotaka/2024_RoboconB_Repository/program/R1_ros_ws/install/RSPkg/share/RSPkg/package.ps1'
[1.478s] INFO:colcon.colcon_core.shell:Creating package descriptor '/home/hotaka/2024_RoboconB_Repository/program/R1_ros_ws/install/RSPkg/share/RSPkg/package.dsv'
[1.478s] INFO:colcon.colcon_core.shell:Creating package script '/home/hotaka/2024_RoboconB_Repository/program/R1_ros_ws/install/RSPkg/share/RSPkg/package.sh'
[1.479s] INFO:colcon.colcon_core.shell:Creating package script '/home/hotaka/2024_RoboconB_Repository/program/R1_ros_ws/install/RSPkg/share/RSPkg/package.bash'
[1.479s] INFO:colcon.colcon_core.shell:Creating package script '/home/hotaka/2024_RoboconB_Repository/program/R1_ros_ws/install/RSPkg/share/RSPkg/package.zsh'
[1.480s] Level 1:colcon.colcon_core.environment:create_file_with_runtime_dependencies(/home/hotaka/2024_RoboconB_Repository/program/R1_ros_ws/install/RSPkg/share/colcon-core/packages/RSPkg)
[1.481s] Level 1:colcon.colcon_core.environment:checking '/home/hotaka/2024_RoboconB_Repository/program/R1_ros_ws/install/CalcuPkg' for CMake module files
[1.482s] DEBUG:colcon.colcon_core.event_handler.log_command:Invoked command in '/home/hotaka/2024_RoboconB_Repository/program/R1_ros_ws/src/CalcuPkg' returned '0': PYTHONPATH=/home/hotaka/2024_RoboconB_Repository/program/R1_ros_ws/build/CalcuPkg/prefix_override:/home/hotaka/2024_RoboconB_Repository/program/R1_ros_ws/install/CalcuPkg/lib/python3.10/site-packages:${PYTHONPATH} /usr/bin/python3 -W ignore:setup.py install is deprecated setup.py egg_info --egg-base ../../build/CalcuPkg build --build-base /home/hotaka/2024_RoboconB_Repository/program/R1_ros_ws/build/CalcuPkg/build install --record /home/hotaka/2024_RoboconB_Repository/program/R1_ros_ws/build/CalcuPkg/install.log --single-version-externally-managed install_data
[1.482s] Level 1:colcon.colcon_core.environment:checking '/home/hotaka/2024_RoboconB_Repository/program/R1_ros_ws/install/CalcuPkg' for CMake config files
[1.482s] Level 1:colcon.colcon_core.environment:checking '/home/hotaka/2024_RoboconB_Repository/program/R1_ros_ws/install/CalcuPkg/lib'
[1.482s] Level 1:colcon.colcon_core.environment:checking '/home/hotaka/2024_RoboconB_Repository/program/R1_ros_ws/install/CalcuPkg/bin'
[1.482s] Level 1:colcon.colcon_core.environment:checking '/home/hotaka/2024_RoboconB_Repository/program/R1_ros_ws/install/CalcuPkg/lib/pkgconfig/CalcuPkg.pc'
[1.482s] Level 1:colcon.colcon_core.environment:checking '/home/hotaka/2024_RoboconB_Repository/program/R1_ros_ws/install/CalcuPkg/lib/python3.10/site-packages'
[1.482s] Level 1:colcon.colcon_core.shell:create_environment_hook('CalcuPkg', 'pythonpath')
[1.483s] INFO:colcon.colcon_core.shell:Creating environment hook '/home/hotaka/2024_RoboconB_Repository/program/R1_ros_ws/install/CalcuPkg/share/CalcuPkg/hook/pythonpath.ps1'
[1.483s] INFO:colcon.colcon_core.shell:Creating environment descriptor '/home/hotaka/2024_RoboconB_Repository/program/R1_ros_ws/install/CalcuPkg/share/CalcuPkg/hook/pythonpath.dsv'
[1.483s] INFO:colcon.colcon_core.shell:Creating environment hook '/home/hotaka/2024_RoboconB_Repository/program/R1_ros_ws/install/CalcuPkg/share/CalcuPkg/hook/pythonpath.sh'
[1.483s] Level 1:colcon.colcon_core.environment:checking '/home/hotaka/2024_RoboconB_Repository/program/R1_ros_ws/install/CalcuPkg/bin'
[1.483s] Level 1:colcon.colcon_core.environment:create_environment_scripts_only(CalcuPkg)
[1.484s] INFO:colcon.colcon_core.shell:Creating package script '/home/hotaka/2024_RoboconB_Repository/program/R1_ros_ws/install/CalcuPkg/share/CalcuPkg/package.ps1'
[1.484s] INFO:colcon.colcon_core.shell:Creating package descriptor '/home/hotaka/2024_RoboconB_Repository/program/R1_ros_ws/install/CalcuPkg/share/CalcuPkg/package.dsv'
[1.484s] INFO:colcon.colcon_core.shell:Creating package script '/home/hotaka/2024_RoboconB_Repository/program/R1_ros_ws/install/CalcuPkg/share/CalcuPkg/package.sh'
[1.484s] INFO:colcon.colcon_core.shell:Creating package script '/home/hotaka/2024_RoboconB_Repository/program/R1_ros_ws/install/CalcuPkg/share/CalcuPkg/package.bash'
[1.485s] INFO:colcon.colcon_core.shell:Creating package script '/home/hotaka/2024_RoboconB_Repository/program/R1_ros_ws/install/CalcuPkg/share/CalcuPkg/package.zsh'
[1.485s] Level 1:colcon.colcon_core.environment:create_file_with_runtime_dependencies(/home/hotaka/2024_RoboconB_Repository/program/R1_ros_ws/install/CalcuPkg/share/colcon-core/packages/CalcuPkg)
[1.485s] Level 1:colcon.colcon_core.environment:checking '/home/hotaka/2024_RoboconB_Repository/program/R1_ros_ws/install/SerialPkg' for CMake module files
[1.486s] DEBUG:colcon.colcon_core.event_handler.log_command:Invoked command in '/home/hotaka/2024_RoboconB_Repository/program/R1_ros_ws/src/SerialPkg' returned '0': PYTHONPATH=/home/hotaka/2024_RoboconB_Repository/program/R1_ros_ws/build/SerialPkg/prefix_override:/home/hotaka/2024_RoboconB_Repository/program/R1_ros_ws/install/SerialPkg/lib/python3.10/site-packages:${PYTHONPATH} /usr/bin/python3 -W ignore:setup.py install is deprecated setup.py egg_info --egg-base ../../build/SerialPkg build --build-base /home/hotaka/2024_RoboconB_Repository/program/R1_ros_ws/build/SerialPkg/build install --record /home/hotaka/2024_RoboconB_Repository/program/R1_ros_ws/build/SerialPkg/install.log --single-version-externally-managed install_data
[1.486s] Level 1:colcon.colcon_core.environment:checking '/home/hotaka/2024_RoboconB_Repository/program/R1_ros_ws/install/SerialPkg' for CMake config files
[1.487s] Level 1:colcon.colcon_core.environment:checking '/home/hotaka/2024_RoboconB_Repository/program/R1_ros_ws/install/SerialPkg/lib'
[1.487s] Level 1:colcon.colcon_core.environment:checking '/home/hotaka/2024_RoboconB_Repository/program/R1_ros_ws/install/SerialPkg/bin'
[1.487s] Level 1:colcon.colcon_core.environment:checking '/home/hotaka/2024_RoboconB_Repository/program/R1_ros_ws/install/SerialPkg/lib/pkgconfig/SerialPkg.pc'
[1.487s] Level 1:colcon.colcon_core.environment:checking '/home/hotaka/2024_RoboconB_Repository/program/R1_ros_ws/install/SerialPkg/lib/python3.10/site-packages'
[1.487s] Level 1:colcon.colcon_core.shell:create_environment_hook('SerialPkg', 'pythonpath')
[1.487s] INFO:colcon.colcon_core.shell:Creating environment hook '/home/hotaka/2024_RoboconB_Repository/program/R1_ros_ws/install/SerialPkg/share/SerialPkg/hook/pythonpath.ps1'
[1.487s] INFO:colcon.colcon_core.shell:Creating environment descriptor '/home/hotaka/2024_RoboconB_Repository/program/R1_ros_ws/install/SerialPkg/share/SerialPkg/hook/pythonpath.dsv'
[1.488s] INFO:colcon.colcon_core.shell:Creating environment hook '/home/hotaka/2024_RoboconB_Repository/program/R1_ros_ws/install/SerialPkg/share/SerialPkg/hook/pythonpath.sh'
[1.488s] Level 1:colcon.colcon_core.environment:checking '/home/hotaka/2024_RoboconB_Repository/program/R1_ros_ws/install/SerialPkg/bin'
[1.488s] Level 1:colcon.colcon_core.environment:create_environment_scripts_only(SerialPkg)
[1.488s] INFO:colcon.colcon_core.shell:Creating package script '/home/hotaka/2024_RoboconB_Repository/program/R1_ros_ws/install/SerialPkg/share/SerialPkg/package.ps1'
[1.489s] INFO:colcon.colcon_core.shell:Creating package descriptor '/home/hotaka/2024_RoboconB_Repository/program/R1_ros_ws/install/SerialPkg/share/SerialPkg/package.dsv'
[1.489s] INFO:colcon.colcon_core.shell:Creating package script '/home/hotaka/2024_RoboconB_Repository/program/R1_ros_ws/install/SerialPkg/share/SerialPkg/package.sh'
[1.489s] INFO:colcon.colcon_core.shell:Creating package script '/home/hotaka/2024_RoboconB_Repository/program/R1_ros_ws/install/SerialPkg/share/SerialPkg/package.bash'
[1.489s] INFO:colcon.colcon_core.shell:Creating package script '/home/hotaka/2024_RoboconB_Repository/program/R1_ros_ws/install/SerialPkg/share/SerialPkg/package.zsh'
[1.489s] Level 1:colcon.colcon_core.environment:create_file_with_runtime_dependencies(/home/hotaka/2024_RoboconB_Repository/program/R1_ros_ws/install/SerialPkg/share/colcon-core/packages/SerialPkg)
[1.490s] DEBUG:colcon.colcon_parallel_executor.executor.parallel:closing loop
[1.490s] DEBUG:colcon.colcon_parallel_executor.executor.parallel:loop closed
[1.490s] DEBUG:colcon.colcon_parallel_executor.executor.parallel:run_until_complete finished with '0'
[1.490s] DEBUG:colcon.colcon_core.event_reactor:joining thread
[1.497s] INFO:colcon.colcon_core.plugin_system:Skipping extension 'colcon_notification.desktop_notification.terminal_notifier': Not used on non-Darwin systems
[1.497s] INFO:colcon.colcon_core.plugin_system:Skipping extension 'colcon_notification.desktop_notification.win32': Not used on non-Windows systems
[1.497s] INFO:colcon.colcon_notification.desktop_notification:Sending desktop notification using 'notify2'
[1.526s] DEBUG:colcon.colcon_core.event_reactor:joined thread
[1.526s] INFO:colcon.colcon_core.shell:Creating prefix script '/home/hotaka/2024_RoboconB_Repository/program/R1_ros_ws/install/local_setup.ps1'
[1.528s] INFO:colcon.colcon_core.shell:Creating prefix util module '/home/hotaka/2024_RoboconB_Repository/program/R1_ros_ws/install/_local_setup_util_ps1.py'
[1.530s] INFO:colcon.colcon_core.shell:Creating prefix chain script '/home/hotaka/2024_RoboconB_Repository/program/R1_ros_ws/install/setup.ps1'
[1.531s] INFO:colcon.colcon_core.shell:Creating prefix script '/home/hotaka/2024_RoboconB_Repository/program/R1_ros_ws/install/local_setup.sh'
[1.532s] INFO:colcon.colcon_core.shell:Creating prefix util module '/home/hotaka/2024_RoboconB_Repository/program/R1_ros_ws/install/_local_setup_util_sh.py'
[1.533s] INFO:colcon.colcon_core.shell:Creating prefix chain script '/home/hotaka/2024_RoboconB_Repository/program/R1_ros_ws/install/setup.sh'
[1.535s] INFO:colcon.colcon_core.shell:Creating prefix script '/home/hotaka/2024_RoboconB_Repository/program/R1_ros_ws/install/local_setup.bash'
[1.536s] INFO:colcon.colcon_core.shell:Creating prefix chain script '/home/hotaka/2024_RoboconB_Repository/program/R1_ros_ws/install/setup.bash'
[1.537s] INFO:colcon.colcon_core.shell:Creating prefix script '/home/hotaka/2024_RoboconB_Repository/program/R1_ros_ws/install/local_setup.zsh'
[1.538s] INFO:colcon.colcon_core.shell:Creating prefix chain script '/home/hotaka/2024_RoboconB_Repository/program/R1_ros_ws/install/setup.zsh'
