[0.660s] Invoking command in '/home/hotaka/R1_ros_ws/src/SerialPkg': PYTHONPATH=/home/hotaka/R1_ros_ws/build/SerialPkg/prefix_override:/usr/lib/python3/dist-packages/colcon_core/task/python/colcon_distutils_commands:/home/hotaka/R1_ros_ws/install/SerialPkg/lib/python3.10/site-packages:${PYTHONPATH} /usr/bin/python3 -W ignore:setup.py install is deprecated setup.py egg_info --egg-base ../../build/SerialPkg build --build-base /home/hotaka/R1_ros_ws/build/SerialPkg/build install --record /home/hotaka/R1_ros_ws/build/SerialPkg/install.log --single-version-externally-managed install_data
[0.787s] running egg_info
[0.788s] writing ../../build/SerialPkg/SerialPkg.egg-info/PKG-INFO
[0.788s] writing dependency_links to ../../build/SerialPkg/SerialPkg.egg-info/dependency_links.txt
[0.788s] writing entry points to ../../build/SerialPkg/SerialPkg.egg-info/entry_points.txt
[0.788s] writing requirements to ../../build/SerialPkg/SerialPkg.egg-info/requires.txt
[0.788s] writing top-level names to ../../build/SerialPkg/SerialPkg.egg-info/top_level.txt
[0.789s] reading manifest file '../../build/SerialPkg/SerialPkg.egg-info/SOURCES.txt'
[0.789s] writing manifest file '../../build/SerialPkg/SerialPkg.egg-info/SOURCES.txt'
[0.789s] running build
[0.789s] running build_py
[0.789s] running install
[0.789s] running install_lib
[0.790s] running install_data
[0.790s] running install_egg_info
[0.791s] removing '/home/hotaka/R1_ros_ws/install/SerialPkg/lib/python3.10/site-packages/SerialPkg-0.0.0-py3.10.egg-info' (and everything under it)
[0.791s] Copying ../../build/SerialPkg/SerialPkg.egg-info to /home/hotaka/R1_ros_ws/install/SerialPkg/lib/python3.10/site-packages/SerialPkg-0.0.0-py3.10.egg-info
[0.791s] running install_scripts
[0.804s] Installing IM920_node script to /home/hotaka/R1_ros_ws/install/SerialPkg/lib/SerialPkg
[0.804s] Installing serial_node script to /home/hotaka/R1_ros_ws/install/SerialPkg/lib/SerialPkg
[0.804s] writing list of installed files to '/home/hotaka/R1_ros_ws/build/SerialPkg/install.log'
[0.820s] Invoked command in '/home/hotaka/R1_ros_ws/src/SerialPkg' returned '0': PYTHONPATH=/home/hotaka/R1_ros_ws/build/SerialPkg/prefix_override:/usr/lib/python3/dist-packages/colcon_core/task/python/colcon_distutils_commands:/home/hotaka/R1_ros_ws/install/SerialPkg/lib/python3.10/site-packages:${PYTHONPATH} /usr/bin/python3 -W ignore:setup.py install is deprecated setup.py egg_info --egg-base ../../build/SerialPkg build --build-base /home/hotaka/R1_ros_ws/build/SerialPkg/build install --record /home/hotaka/R1_ros_ws/build/SerialPkg/install.log --single-version-externally-managed install_data
