[0.908s] Invoking command in '/home/hotaka/R1_ros_ws/src/CalcuPkg': PYTHONPATH=/home/hotaka/R1_ros_ws/build/CalcuPkg/prefix_override:/home/hotaka/R1_ros_ws/install/CalcuPkg/lib/python3.10/site-packages:${PYTHONPATH} /usr/bin/python3 -W ignore:setup.py install is deprecated setup.py egg_info --egg-base ../../build/CalcuPkg build --build-base /home/hotaka/R1_ros_ws/build/CalcuPkg/build install --record /home/hotaka/R1_ros_ws/build/CalcuPkg/install.log --single-version-externally-managed install_data
[1.098s] running egg_info
[1.099s] writing ../../build/CalcuPkg/CalcuPkg.egg-info/PKG-INFO
[1.099s] writing dependency_links to ../../build/CalcuPkg/CalcuPkg.egg-info/dependency_links.txt
[1.099s] writing entry points to ../../build/CalcuPkg/CalcuPkg.egg-info/entry_points.txt
[1.099s] writing requirements to ../../build/CalcuPkg/CalcuPkg.egg-info/requires.txt
[1.100s] writing top-level names to ../../build/CalcuPkg/CalcuPkg.egg-info/top_level.txt
[1.102s] reading manifest file '../../build/CalcuPkg/CalcuPkg.egg-info/SOURCES.txt'
[1.102s] writing manifest file '../../build/CalcuPkg/CalcuPkg.egg-info/SOURCES.txt'
[1.103s] running build
[1.103s] running build_py
[1.103s] copying CalcuPkg/debug_node.py -> /home/hotaka/R1_ros_ws/build/CalcuPkg/build/lib/CalcuPkg
[1.103s] running install
[1.104s] running install_lib
[1.105s] copying /home/hotaka/R1_ros_ws/build/CalcuPkg/build/lib/CalcuPkg/debug_node.py -> /home/hotaka/R1_ros_ws/install/CalcuPkg/lib/python3.10/site-packages/CalcuPkg
[1.106s] byte-compiling /home/hotaka/R1_ros_ws/install/CalcuPkg/lib/python3.10/site-packages/CalcuPkg/debug_node.py to debug_node.cpython-310.pyc
[1.109s] running install_data
[1.109s] running install_egg_info
[1.112s] removing '/home/hotaka/R1_ros_ws/install/CalcuPkg/lib/python3.10/site-packages/CalcuPkg-0.0.0-py3.10.egg-info' (and everything under it)
[1.113s] Copying ../../build/CalcuPkg/CalcuPkg.egg-info to /home/hotaka/R1_ros_ws/install/CalcuPkg/lib/python3.10/site-packages/CalcuPkg-0.0.0-py3.10.egg-info
[1.114s] running install_scripts
[1.136s] Installing calcu_node script to /home/hotaka/R1_ros_ws/install/CalcuPkg/lib/CalcuPkg
[1.136s] Installing debug_node script to /home/hotaka/R1_ros_ws/install/CalcuPkg/lib/CalcuPkg
[1.137s] Installing pos_node script to /home/hotaka/R1_ros_ws/install/CalcuPkg/lib/CalcuPkg
[1.137s] writing list of installed files to '/home/hotaka/R1_ros_ws/build/CalcuPkg/install.log'
[1.173s] Invoked command in '/home/hotaka/R1_ros_ws/src/CalcuPkg' returned '0': PYTHONPATH=/home/hotaka/R1_ros_ws/build/CalcuPkg/prefix_override:/home/hotaka/R1_ros_ws/install/CalcuPkg/lib/python3.10/site-packages:${PYTHONPATH} /usr/bin/python3 -W ignore:setup.py install is deprecated setup.py egg_info --egg-base ../../build/CalcuPkg build --build-base /home/hotaka/R1_ros_ws/build/CalcuPkg/build install --record /home/hotaka/R1_ros_ws/build/CalcuPkg/install.log --single-version-externally-managed install_data
