[1.701s] Invoking command in '/home/hotaka/R1_ros_ws/src/SerialPkg': PYTHONPATH=/home/hotaka/R1_ros_ws/build/SerialPkg/prefix_override:/home/hotaka/R1_ros_ws/install/SerialPkg/lib/python3.10/site-packages:${PYTHONPATH} /usr/bin/python3 -W ignore:setup.py install is deprecated setup.py egg_info --egg-base ../../build/SerialPkg build --build-base /home/hotaka/R1_ros_ws/build/SerialPkg/build install --record /home/hotaka/R1_ros_ws/build/SerialPkg/install.log --single-version-externally-managed install_data
[2.094s] running egg_info
[2.096s] writing ../../build/SerialPkg/SerialPkg.egg-info/PKG-INFO
[2.096s] writing dependency_links to ../../build/SerialPkg/SerialPkg.egg-info/dependency_links.txt
[2.097s] writing entry points to ../../build/SerialPkg/SerialPkg.egg-info/entry_points.txt
[2.097s] writing requirements to ../../build/SerialPkg/SerialPkg.egg-info/requires.txt
[2.097s] writing top-level names to ../../build/SerialPkg/SerialPkg.egg-info/top_level.txt
[2.101s] reading manifest file '../../build/SerialPkg/SerialPkg.egg-info/SOURCES.txt'
[2.103s] writing manifest file '../../build/SerialPkg/SerialPkg.egg-info/SOURCES.txt'
[2.103s] running build
[2.103s] running build_py
[2.104s] running install
[2.105s] running install_lib
[2.108s] running install_data
[2.108s] running install_egg_info
[2.112s] removing '/home/hotaka/R1_ros_ws/install/SerialPkg/lib/python3.10/site-packages/SerialPkg-0.0.0-py3.10.egg-info' (and everything under it)
[2.114s] Copying ../../build/SerialPkg/SerialPkg.egg-info to /home/hotaka/R1_ros_ws/install/SerialPkg/lib/python3.10/site-packages/SerialPkg-0.0.0-py3.10.egg-info
[2.114s] running install_scripts
[2.148s] Installing IM920_node script to /home/hotaka/R1_ros_ws/install/SerialPkg/lib/SerialPkg
[2.149s] Installing serial_node script to /home/hotaka/R1_ros_ws/install/SerialPkg/lib/SerialPkg
[2.149s] writing list of installed files to '/home/hotaka/R1_ros_ws/build/SerialPkg/install.log'
[2.194s] Invoked command in '/home/hotaka/R1_ros_ws/src/SerialPkg' returned '0': PYTHONPATH=/home/hotaka/R1_ros_ws/build/SerialPkg/prefix_override:/home/hotaka/R1_ros_ws/install/SerialPkg/lib/python3.10/site-packages:${PYTHONPATH} /usr/bin/python3 -W ignore:setup.py install is deprecated setup.py egg_info --egg-base ../../build/SerialPkg build --build-base /home/hotaka/R1_ros_ws/build/SerialPkg/build install --record /home/hotaka/R1_ros_ws/build/SerialPkg/install.log --single-version-externally-managed install_data
