[0.148s] DEBUG:colcon:Command line arguments: ['/usr/bin/colcon', 'build']
[0.148s] DEBUG:colcon:Parsed command line arguments: Namespace(log_base=None, log_level=None, verb_name='build', build_base='build', install_base='install', merge_install=False, symlink_install=False, test_result_base=None, continue_on_error=False, executor='parallel', parallel_workers=8, event_handlers=None, ignore_user_meta=False, metas=['./colcon.meta'], base_paths=['.'], packages_ignore=None, packages_ignore_regex=None, paths=None, packages_up_to=None, packages_up_to_regex=None, packages_above=None, packages_above_and_dependencies=None, packages_above_depth=None, packages_select_by_dep=None, packages_skip_by_dep=None, packages_skip_up_to=None, packages_select_build_failed=False, packages_skip_build_finished=False, packages_select_test_failures=False, packages_skip_test_passed=False, packages_select=None, packages_skip=None, packages_select_regex=None, packages_skip_regex=None, packages_start=None, packages_end=None, allow_overriding=[], cmake_args=None, cmake_target=None, cmake_target_skip_unavailable=False, cmake_clean_cache=False, cmake_clean_first=False, cmake_force_configure=False, ament_cmake_args=None, catkin_cmake_args=None, catkin_skip_building_tests=False, mixin_files=None, mixin=None, verb_parser=<colcon_mixin.mixin.mixin_argument.MixinArgumentDecorator object at 0x7376f3b2f2e0>, verb_extension=<colcon_core.verb.build.BuildVerb object at 0x7376f3c1f8e0>, main=<bound method BuildVerb.main of <colcon_core.verb.build.BuildVerb object at 0x7376f3c1f8e0>>, mixin_verb=('build',))
[0.368s] Level 1:colcon.colcon_core.package_discovery:discover_packages(colcon_meta) check parameters
[0.368s] Level 1:colcon.colcon_core.package_discovery:discover_packages(recursive) check parameters
[0.369s] Level 1:colcon.colcon_core.package_discovery:discover_packages(ignore) check parameters
[0.369s] Level 1:colcon.colcon_core.package_discovery:discover_packages(path) check parameters
[0.369s] Level 1:colcon.colcon_core.package_discovery:discover_packages(colcon_meta) discover
[0.369s] Level 1:colcon.colcon_core.package_discovery:discover_packages(recursive) discover
[0.369s] INFO:colcon.colcon_core.package_discovery:Crawling recursively for packages in '/home/hotaka/R1_ros_ws'
[0.369s] Level 1:colcon.colcon_core.package_identification:_identify(.) by extensions ['ignore', 'ignore_ament_install']
[0.369s] Level 1:colcon.colcon_core.package_identification:_identify(.) by extension 'ignore'
[0.369s] Level 1:colcon.colcon_core.package_identification:_identify(.) by extension 'ignore_ament_install'
[0.369s] Level 1:colcon.colcon_core.package_identification:_identify(.) by extensions ['colcon_pkg']
[0.370s] Level 1:colcon.colcon_core.package_identification:_identify(.) by extension 'colcon_pkg'
[0.370s] Level 1:colcon.colcon_core.package_identification:_identify(.) by extensions ['colcon_meta']
[0.370s] Level 1:colcon.colcon_core.package_identification:_identify(.) by extension 'colcon_meta'
[0.370s] Level 1:colcon.colcon_core.package_identification:_identify(.) by extensions ['ros']
[0.370s] Level 1:colcon.colcon_core.package_identification:_identify(.) by extension 'ros'
[0.384s] Level 1:colcon.colcon_core.package_identification:_identify(.) by extensions ['cmake', 'python']
[0.384s] Level 1:colcon.colcon_core.package_identification:_identify(.) by extension 'cmake'
[0.384s] Level 1:colcon.colcon_core.package_identification:_identify(.) by extension 'python'
[0.385s] Level 1:colcon.colcon_core.package_identification:_identify(.) by extensions ['python_setup_py']
[0.385s] Level 1:colcon.colcon_core.package_identification:_identify(.) by extension 'python_setup_py'
[0.385s] Level 1:colcon.colcon_core.package_identification:_identify(build) by extensions ['ignore', 'ignore_ament_install']
[0.385s] Level 1:colcon.colcon_core.package_identification:_identify(build) by extension 'ignore'
[0.385s] Level 1:colcon.colcon_core.package_identification:_identify(build) ignored
[0.385s] Level 1:colcon.colcon_core.package_identification:_identify(install) by extensions ['ignore', 'ignore_ament_install']
[0.385s] Level 1:colcon.colcon_core.package_identification:_identify(install) by extension 'ignore'
[0.385s] Level 1:colcon.colcon_core.package_identification:_identify(install) ignored
[0.386s] Level 1:colcon.colcon_core.package_identification:_identify(log) by extensions ['ignore', 'ignore_ament_install']
[0.386s] Level 1:colcon.colcon_core.package_identification:_identify(log) by extension 'ignore'
[0.386s] Level 1:colcon.colcon_core.package_identification:_identify(log) ignored
[0.386s] Level 1:colcon.colcon_core.package_identification:_identify(src) by extensions ['ignore', 'ignore_ament_install']
[0.386s] Level 1:colcon.colcon_core.package_identification:_identify(src) by extension 'ignore'
[0.386s] Level 1:colcon.colcon_core.package_identification:_identify(src) by extension 'ignore_ament_install'
[0.386s] Level 1:colcon.colcon_core.package_identification:_identify(src) by extensions ['colcon_pkg']
[0.386s] Level 1:colcon.colcon_core.package_identification:_identify(src) by extension 'colcon_pkg'
[0.386s] Level 1:colcon.colcon_core.package_identification:_identify(src) by extensions ['colcon_meta']
[0.386s] Level 1:colcon.colcon_core.package_identification:_identify(src) by extension 'colcon_meta'
[0.387s] Level 1:colcon.colcon_core.package_identification:_identify(src) by extensions ['ros']
[0.387s] Level 1:colcon.colcon_core.package_identification:_identify(src) by extension 'ros'
[0.387s] Level 1:colcon.colcon_core.package_identification:_identify(src) by extensions ['cmake', 'python']
[0.387s] Level 1:colcon.colcon_core.package_identification:_identify(src) by extension 'cmake'
[0.387s] Level 1:colcon.colcon_core.package_identification:_identify(src) by extension 'python'
[0.387s] Level 1:colcon.colcon_core.package_identification:_identify(src) by extensions ['python_setup_py']
[0.387s] Level 1:colcon.colcon_core.package_identification:_identify(src) by extension 'python_setup_py'
[0.387s] Level 1:colcon.colcon_core.package_identification:_identify(src/CalcuPkg) by extensions ['ignore', 'ignore_ament_install']
[0.387s] Level 1:colcon.colcon_core.package_identification:_identify(src/CalcuPkg) by extension 'ignore'
[0.387s] Level 1:colcon.colcon_core.package_identification:_identify(src/CalcuPkg) by extension 'ignore_ament_install'
[0.387s] Level 1:colcon.colcon_core.package_identification:_identify(src/CalcuPkg) by extensions ['colcon_pkg']
[0.387s] Level 1:colcon.colcon_core.package_identification:_identify(src/CalcuPkg) by extension 'colcon_pkg'
[0.387s] Level 1:colcon.colcon_core.package_identification:_identify(src/CalcuPkg) by extensions ['colcon_meta']
[0.387s] Level 1:colcon.colcon_core.package_identification:_identify(src/CalcuPkg) by extension 'colcon_meta'
[0.387s] Level 1:colcon.colcon_core.package_identification:_identify(src/CalcuPkg) by extensions ['ros']
[0.387s] Level 1:colcon.colcon_core.package_identification:_identify(src/CalcuPkg) by extension 'ros'
[0.390s] DEBUG:colcon.colcon_core.package_identification:Package 'src/CalcuPkg' with type 'ros.ament_python' and name 'CalcuPkg'
[0.390s] Level 1:colcon.colcon_core.package_identification:_identify(src/DebugPkg) by extensions ['ignore', 'ignore_ament_install']
[0.390s] Level 1:colcon.colcon_core.package_identification:_identify(src/DebugPkg) by extension 'ignore'
[0.390s] Level 1:colcon.colcon_core.package_identification:_identify(src/DebugPkg) by extension 'ignore_ament_install'
[0.390s] Level 1:colcon.colcon_core.package_identification:_identify(src/DebugPkg) by extensions ['colcon_pkg']
[0.390s] Level 1:colcon.colcon_core.package_identification:_identify(src/DebugPkg) by extension 'colcon_pkg'
[0.390s] Level 1:colcon.colcon_core.package_identification:_identify(src/DebugPkg) by extensions ['colcon_meta']
[0.390s] Level 1:colcon.colcon_core.package_identification:_identify(src/DebugPkg) by extension 'colcon_meta'
[0.390s] Level 1:colcon.colcon_core.package_identification:_identify(src/DebugPkg) by extensions ['ros']
[0.390s] Level 1:colcon.colcon_core.package_identification:_identify(src/DebugPkg) by extension 'ros'
[0.391s] DEBUG:colcon.colcon_core.package_identification:Package 'src/DebugPkg' with type 'ros.ament_python' and name 'DebugPkg'
[0.391s] Level 1:colcon.colcon_core.package_identification:_identify(src/RSPkg) by extensions ['ignore', 'ignore_ament_install']
[0.391s] Level 1:colcon.colcon_core.package_identification:_identify(src/RSPkg) by extension 'ignore'
[0.391s] Level 1:colcon.colcon_core.package_identification:_identify(src/RSPkg) by extension 'ignore_ament_install'
[0.391s] Level 1:colcon.colcon_core.package_identification:_identify(src/RSPkg) by extensions ['colcon_pkg']
[0.391s] Level 1:colcon.colcon_core.package_identification:_identify(src/RSPkg) by extension 'colcon_pkg'
[0.391s] Level 1:colcon.colcon_core.package_identification:_identify(src/RSPkg) by extensions ['colcon_meta']
[0.391s] Level 1:colcon.colcon_core.package_identification:_identify(src/RSPkg) by extension 'colcon_meta'
[0.391s] Level 1:colcon.colcon_core.package_identification:_identify(src/RSPkg) by extensions ['ros']
[0.391s] Level 1:colcon.colcon_core.package_identification:_identify(src/RSPkg) by extension 'ros'
[0.392s] DEBUG:colcon.colcon_core.package_identification:Package 'src/RSPkg' with type 'ros.ament_python' and name 'RSPkg'
[0.392s] Level 1:colcon.colcon_core.package_identification:_identify(src/SerialPkg) by extensions ['ignore', 'ignore_ament_install']
[0.392s] Level 1:colcon.colcon_core.package_identification:_identify(src/SerialPkg) by extension 'ignore'
[0.392s] Level 1:colcon.colcon_core.package_identification:_identify(src/SerialPkg) by extension 'ignore_ament_install'
[0.392s] Level 1:colcon.colcon_core.package_identification:_identify(src/SerialPkg) by extensions ['colcon_pkg']
[0.392s] Level 1:colcon.colcon_core.package_identification:_identify(src/SerialPkg) by extension 'colcon_pkg'
[0.393s] Level 1:colcon.colcon_core.package_identification:_identify(src/SerialPkg) by extensions ['colcon_meta']
[0.393s] Level 1:colcon.colcon_core.package_identification:_identify(src/SerialPkg) by extension 'colcon_meta'
[0.393s] Level 1:colcon.colcon_core.package_identification:_identify(src/SerialPkg) by extensions ['ros']
[0.393s] Level 1:colcon.colcon_core.package_identification:_identify(src/SerialPkg) by extension 'ros'
[0.393s] DEBUG:colcon.colcon_core.package_identification:Package 'src/SerialPkg' with type 'ros.ament_python' and name 'SerialPkg'
[0.393s] Level 1:colcon.colcon_core.package_discovery:discover_packages(recursive) using defaults
[0.393s] Level 1:colcon.colcon_core.package_discovery:discover_packages(ignore) discover
[0.393s] Level 1:colcon.colcon_core.package_discovery:discover_packages(ignore) using defaults
[0.393s] Level 1:colcon.colcon_core.package_discovery:discover_packages(path) discover
[0.393s] Level 1:colcon.colcon_core.package_discovery:discover_packages(path) using defaults
[0.431s] Level 1:colcon.colcon_core.package_discovery:discover_packages(prefix_path) check parameters
[0.431s] Level 1:colcon.colcon_core.package_discovery:discover_packages(prefix_path) discover
[0.433s] DEBUG:colcon.colcon_installed_package_information.package_discovery:Found 5 installed packages in /home/hotaka/R1_ros_ws/install
[0.435s] DEBUG:colcon.colcon_installed_package_information.package_discovery:Found 351 installed packages in /opt/ros/humble
[0.437s] Level 1:colcon.colcon_core.package_discovery:discover_packages(prefix_path) using defaults
[0.491s] Level 5:colcon.colcon_core.verb:set package 'CalcuPkg' build argument 'cmake_args' from command line to 'None'
[0.491s] Level 5:colcon.colcon_core.verb:set package 'CalcuPkg' build argument 'cmake_target' from command line to 'None'
[0.491s] Level 5:colcon.colcon_core.verb:set package 'CalcuPkg' build argument 'cmake_target_skip_unavailable' from command line to 'False'
[0.491s] Level 5:colcon.colcon_core.verb:set package 'CalcuPkg' build argument 'cmake_clean_cache' from command line to 'False'
[0.491s] Level 5:colcon.colcon_core.verb:set package 'CalcuPkg' build argument 'cmake_clean_first' from command line to 'False'
[0.491s] Level 5:colcon.colcon_core.verb:set package 'CalcuPkg' build argument 'cmake_force_configure' from command line to 'False'
[0.491s] Level 5:colcon.colcon_core.verb:set package 'CalcuPkg' build argument 'ament_cmake_args' from command line to 'None'
[0.491s] Level 5:colcon.colcon_core.verb:set package 'CalcuPkg' build argument 'catkin_cmake_args' from command line to 'None'
[0.491s] Level 5:colcon.colcon_core.verb:set package 'CalcuPkg' build argument 'catkin_skip_building_tests' from command line to 'False'
[0.491s] DEBUG:colcon.colcon_core.verb:Building package 'CalcuPkg' with the following arguments: {'ament_cmake_args': None, 'build_base': '/home/hotaka/R1_ros_ws/build/CalcuPkg', 'catkin_cmake_args': None, 'catkin_skip_building_tests': False, 'cmake_args': None, 'cmake_clean_cache': False, 'cmake_clean_first': False, 'cmake_force_configure': False, 'cmake_target': None, 'cmake_target_skip_unavailable': False, 'install_base': '/home/hotaka/R1_ros_ws/install/CalcuPkg', 'merge_install': False, 'path': '/home/hotaka/R1_ros_ws/src/CalcuPkg', 'symlink_install': False, 'test_result_base': None}
[0.492s] Level 5:colcon.colcon_core.verb:set package 'DebugPkg' build argument 'cmake_args' from command line to 'None'
[0.492s] Level 5:colcon.colcon_core.verb:set package 'DebugPkg' build argument 'cmake_target' from command line to 'None'
[0.492s] Level 5:colcon.colcon_core.verb:set package 'DebugPkg' build argument 'cmake_target_skip_unavailable' from command line to 'False'
[0.492s] Level 5:colcon.colcon_core.verb:set package 'DebugPkg' build argument 'cmake_clean_cache' from command line to 'False'
[0.492s] Level 5:colcon.colcon_core.verb:set package 'DebugPkg' build argument 'cmake_clean_first' from command line to 'False'
[0.492s] Level 5:colcon.colcon_core.verb:set package 'DebugPkg' build argument 'cmake_force_configure' from command line to 'False'
[0.492s] Level 5:colcon.colcon_core.verb:set package 'DebugPkg' build argument 'ament_cmake_args' from command line to 'None'
[0.492s] Level 5:colcon.colcon_core.verb:set package 'DebugPkg' build argument 'catkin_cmake_args' from command line to 'None'
[0.492s] Level 5:colcon.colcon_core.verb:set package 'DebugPkg' build argument 'catkin_skip_building_tests' from command line to 'False'
[0.492s] DEBUG:colcon.colcon_core.verb:Building package 'DebugPkg' with the following arguments: {'ament_cmake_args': None, 'build_base': '/home/hotaka/R1_ros_ws/build/DebugPkg', 'catkin_cmake_args': None, 'catkin_skip_building_tests': False, 'cmake_args': None, 'cmake_clean_cache': False, 'cmake_clean_first': False, 'cmake_force_configure': False, 'cmake_target': None, 'cmake_target_skip_unavailable': False, 'install_base': '/home/hotaka/R1_ros_ws/install/DebugPkg', 'merge_install': False, 'path': '/home/hotaka/R1_ros_ws/src/DebugPkg', 'symlink_install': False, 'test_result_base': None}
[0.493s] Level 5:colcon.colcon_core.verb:set package 'RSPkg' build argument 'cmake_args' from command line to 'None'
[0.493s] Level 5:colcon.colcon_core.verb:set package 'RSPkg' build argument 'cmake_target' from command line to 'None'
[0.493s] Level 5:colcon.colcon_core.verb:set package 'RSPkg' build argument 'cmake_target_skip_unavailable' from command line to 'False'
[0.493s] Level 5:colcon.colcon_core.verb:set package 'RSPkg' build argument 'cmake_clean_cache' from command line to 'False'
[0.493s] Level 5:colcon.colcon_core.verb:set package 'RSPkg' build argument 'cmake_clean_first' from command line to 'False'
[0.493s] Level 5:colcon.colcon_core.verb:set package 'RSPkg' build argument 'cmake_force_configure' from command line to 'False'
[0.493s] Level 5:colcon.colcon_core.verb:set package 'RSPkg' build argument 'ament_cmake_args' from command line to 'None'
[0.493s] Level 5:colcon.colcon_core.verb:set package 'RSPkg' build argument 'catkin_cmake_args' from command line to 'None'
[0.493s] Level 5:colcon.colcon_core.verb:set package 'RSPkg' build argument 'catkin_skip_building_tests' from command line to 'False'
[0.493s] DEBUG:colcon.colcon_core.verb:Building package 'RSPkg' with the following arguments: {'ament_cmake_args': None, 'build_base': '/home/hotaka/R1_ros_ws/build/RSPkg', 'catkin_cmake_args': None, 'catkin_skip_building_tests': False, 'cmake_args': None, 'cmake_clean_cache': False, 'cmake_clean_first': False, 'cmake_force_configure': False, 'cmake_target': None, 'cmake_target_skip_unavailable': False, 'install_base': '/home/hotaka/R1_ros_ws/install/RSPkg', 'merge_install': False, 'path': '/home/hotaka/R1_ros_ws/src/RSPkg', 'symlink_install': False, 'test_result_base': None}
[0.493s] Level 5:colcon.colcon_core.verb:set package 'SerialPkg' build argument 'cmake_args' from command line to 'None'
[0.494s] Level 5:colcon.colcon_core.verb:set package 'SerialPkg' build argument 'cmake_target' from command line to 'None'
[0.494s] Level 5:colcon.colcon_core.verb:set package 'SerialPkg' build argument 'cmake_target_skip_unavailable' from command line to 'False'
[0.494s] Level 5:colcon.colcon_core.verb:set package 'SerialPkg' build argument 'cmake_clean_cache' from command line to 'False'
[0.494s] Level 5:colcon.colcon_core.verb:set package 'SerialPkg' build argument 'cmake_clean_first' from command line to 'False'
[0.494s] Level 5:colcon.colcon_core.verb:set package 'SerialPkg' build argument 'cmake_force_configure' from command line to 'False'
[0.494s] Level 5:colcon.colcon_core.verb:set package 'SerialPkg' build argument 'ament_cmake_args' from command line to 'None'
[0.494s] Level 5:colcon.colcon_core.verb:set package 'SerialPkg' build argument 'catkin_cmake_args' from command line to 'None'
[0.494s] Level 5:colcon.colcon_core.verb:set package 'SerialPkg' build argument 'catkin_skip_building_tests' from command line to 'False'
[0.494s] DEBUG:colcon.colcon_core.verb:Building package 'SerialPkg' with the following arguments: {'ament_cmake_args': None, 'build_base': '/home/hotaka/R1_ros_ws/build/SerialPkg', 'catkin_cmake_args': None, 'catkin_skip_building_tests': False, 'cmake_args': None, 'cmake_clean_cache': False, 'cmake_clean_first': False, 'cmake_force_configure': False, 'cmake_target': None, 'cmake_target_skip_unavailable': False, 'install_base': '/home/hotaka/R1_ros_ws/install/SerialPkg', 'merge_install': False, 'path': '/home/hotaka/R1_ros_ws/src/SerialPkg', 'symlink_install': False, 'test_result_base': None}
[0.494s] INFO:colcon.colcon_core.executor:Executing jobs using 'parallel' executor
[0.495s] DEBUG:colcon.colcon_parallel_executor.executor.parallel:run_until_complete
[0.495s] INFO:colcon.colcon_ros.task.ament_python.build:Building ROS package in '/home/hotaka/R1_ros_ws/src/CalcuPkg' with build type 'ament_python'
[0.496s] Level 1:colcon.colcon_core.shell:create_environment_hook('CalcuPkg', 'ament_prefix_path')
[0.498s] INFO:colcon.colcon_core.plugin_system:Skipping extension 'colcon_core.shell.bat': Not used on non-Windows systems
[0.499s] INFO:colcon.colcon_core.shell:Creating environment hook '/home/hotaka/R1_ros_ws/install/CalcuPkg/share/CalcuPkg/hook/ament_prefix_path.ps1'
[0.500s] INFO:colcon.colcon_core.shell:Creating environment descriptor '/home/hotaka/R1_ros_ws/install/CalcuPkg/share/CalcuPkg/hook/ament_prefix_path.dsv'
[0.500s] INFO:colcon.colcon_core.shell:Creating environment hook '/home/hotaka/R1_ros_ws/install/CalcuPkg/share/CalcuPkg/hook/ament_prefix_path.sh'
[0.501s] INFO:colcon.colcon_core.shell:Skip shell extension 'powershell' for command environment: Not usable outside of PowerShell
[0.501s] DEBUG:colcon.colcon_core.shell:Skip shell extension 'dsv' for command environment
[0.505s] INFO:colcon.colcon_ros.task.ament_python.build:Building ROS package in '/home/hotaka/R1_ros_ws/src/DebugPkg' with build type 'ament_python'
[0.506s] Level 1:colcon.colcon_core.shell:create_environment_hook('DebugPkg', 'ament_prefix_path')
[0.506s] INFO:colcon.colcon_core.shell:Creating environment hook '/home/hotaka/R1_ros_ws/install/DebugPkg/share/DebugPkg/hook/ament_prefix_path.ps1'
[0.507s] INFO:colcon.colcon_core.shell:Creating environment descriptor '/home/hotaka/R1_ros_ws/install/DebugPkg/share/DebugPkg/hook/ament_prefix_path.dsv'
[0.507s] INFO:colcon.colcon_core.shell:Creating environment hook '/home/hotaka/R1_ros_ws/install/DebugPkg/share/DebugPkg/hook/ament_prefix_path.sh'
[0.508s] INFO:colcon.colcon_core.shell:Skip shell extension 'powershell' for command environment: Not usable outside of PowerShell
[0.508s] DEBUG:colcon.colcon_core.shell:Skip shell extension 'dsv' for command environment
[0.512s] INFO:colcon.colcon_ros.task.ament_python.build:Building ROS package in '/home/hotaka/R1_ros_ws/src/RSPkg' with build type 'ament_python'
[0.512s] Level 1:colcon.colcon_core.shell:create_environment_hook('RSPkg', 'ament_prefix_path')
[0.513s] INFO:colcon.colcon_core.shell:Creating environment hook '/home/hotaka/R1_ros_ws/install/RSPkg/share/RSPkg/hook/ament_prefix_path.ps1'
[0.513s] INFO:colcon.colcon_core.shell:Creating environment descriptor '/home/hotaka/R1_ros_ws/install/RSPkg/share/RSPkg/hook/ament_prefix_path.dsv'
[0.513s] INFO:colcon.colcon_core.shell:Creating environment hook '/home/hotaka/R1_ros_ws/install/RSPkg/share/RSPkg/hook/ament_prefix_path.sh'
[0.514s] INFO:colcon.colcon_core.shell:Skip shell extension 'powershell' for command environment: Not usable outside of PowerShell
[0.514s] DEBUG:colcon.colcon_core.shell:Skip shell extension 'dsv' for command environment
[0.518s] INFO:colcon.colcon_ros.task.ament_python.build:Building ROS package in '/home/hotaka/R1_ros_ws/src/SerialPkg' with build type 'ament_python'
[0.518s] Level 1:colcon.colcon_core.shell:create_environment_hook('SerialPkg', 'ament_prefix_path')
[0.519s] INFO:colcon.colcon_core.shell:Creating environment hook '/home/hotaka/R1_ros_ws/install/SerialPkg/share/SerialPkg/hook/ament_prefix_path.ps1'
[0.519s] INFO:colcon.colcon_core.shell:Creating environment descriptor '/home/hotaka/R1_ros_ws/install/SerialPkg/share/SerialPkg/hook/ament_prefix_path.dsv'
[0.520s] INFO:colcon.colcon_core.shell:Creating environment hook '/home/hotaka/R1_ros_ws/install/SerialPkg/share/SerialPkg/hook/ament_prefix_path.sh'
[0.520s] INFO:colcon.colcon_core.shell:Skip shell extension 'powershell' for command environment: Not usable outside of PowerShell
[0.520s] DEBUG:colcon.colcon_core.shell:Skip shell extension 'dsv' for command environment
[0.887s] INFO:colcon.colcon_core.task.python.build:Building Python package in '/home/hotaka/R1_ros_ws/src/CalcuPkg'
[0.887s] INFO:colcon.colcon_core.shell:Skip shell extension 'powershell' for command environment: Not usable outside of PowerShell
[0.887s] DEBUG:colcon.colcon_core.shell:Skip shell extension 'dsv' for command environment
[1.278s] INFO:colcon.colcon_core.task.python.build:Building Python package in '/home/hotaka/R1_ros_ws/src/DebugPkg'
[1.278s] INFO:colcon.colcon_core.shell:Skip shell extension 'powershell' for command environment: Not usable outside of PowerShell
[1.278s] DEBUG:colcon.colcon_core.shell:Skip shell extension 'dsv' for command environment
[1.630s] INFO:colcon.colcon_core.task.python.build:Building Python package in '/home/hotaka/R1_ros_ws/src/RSPkg'
[1.630s] INFO:colcon.colcon_core.shell:Skip shell extension 'powershell' for command environment: Not usable outside of PowerShell
[1.631s] DEBUG:colcon.colcon_core.shell:Skip shell extension 'dsv' for command environment
[1.988s] INFO:colcon.colcon_core.task.python.build:Building Python package in '/home/hotaka/R1_ros_ws/src/SerialPkg'
[1.988s] INFO:colcon.colcon_core.shell:Skip shell extension 'powershell' for command environment: Not usable outside of PowerShell
[1.988s] DEBUG:colcon.colcon_core.shell:Skip shell extension 'dsv' for command environment
[2.561s] DEBUG:colcon.colcon_core.event_handler.log_command:Invoking command in '/home/hotaka/R1_ros_ws/src/DebugPkg': PYTHONPATH=/home/hotaka/R1_ros_ws/build/DebugPkg/prefix_override:/home/hotaka/R1_ros_ws/install/DebugPkg/lib/python3.10/site-packages:${PYTHONPATH} /usr/bin/python3 -W ignore:setup.py install is deprecated setup.py egg_info --egg-base ../../build/DebugPkg build --build-base /home/hotaka/R1_ros_ws/build/DebugPkg/build install --record /home/hotaka/R1_ros_ws/build/DebugPkg/install.log --single-version-externally-managed install_data
[2.636s] DEBUG:colcon.colcon_core.event_handler.log_command:Invoking command in '/home/hotaka/R1_ros_ws/src/CalcuPkg': PYTHONPATH=/home/hotaka/R1_ros_ws/build/CalcuPkg/prefix_override:/home/hotaka/R1_ros_ws/install/CalcuPkg/lib/python3.10/site-packages:${PYTHONPATH} /usr/bin/python3 -W ignore:setup.py install is deprecated setup.py egg_info --egg-base ../../build/CalcuPkg build --build-base /home/hotaka/R1_ros_ws/build/CalcuPkg/build install --record /home/hotaka/R1_ros_ws/build/CalcuPkg/install.log --single-version-externally-managed install_data
[2.641s] DEBUG:colcon.colcon_core.event_handler.log_command:Invoking command in '/home/hotaka/R1_ros_ws/src/RSPkg': PYTHONPATH=/home/hotaka/R1_ros_ws/build/RSPkg/prefix_override:/home/hotaka/R1_ros_ws/install/RSPkg/lib/python3.10/site-packages:${PYTHONPATH} /usr/bin/python3 -W ignore:setup.py install is deprecated setup.py egg_info --egg-base ../../build/RSPkg build --build-base /home/hotaka/R1_ros_ws/build/RSPkg/build install --record /home/hotaka/R1_ros_ws/build/RSPkg/install.log --single-version-externally-managed install_data
[2.697s] DEBUG:colcon.colcon_core.event_handler.log_command:Invoking command in '/home/hotaka/R1_ros_ws/src/SerialPkg': PYTHONPATH=/home/hotaka/R1_ros_ws/build/SerialPkg/prefix_override:/home/hotaka/R1_ros_ws/install/SerialPkg/lib/python3.10/site-packages:${PYTHONPATH} /usr/bin/python3 -W ignore:setup.py install is deprecated setup.py egg_info --egg-base ../../build/SerialPkg build --build-base /home/hotaka/R1_ros_ws/build/SerialPkg/build install --record /home/hotaka/R1_ros_ws/build/SerialPkg/install.log --single-version-externally-managed install_data
[3.140s] DEBUG:colcon.colcon_core.event_handler.log_command:Invoked command in '/home/hotaka/R1_ros_ws/src/DebugPkg' returned '0': PYTHONPATH=/home/hotaka/R1_ros_ws/build/DebugPkg/prefix_override:/home/hotaka/R1_ros_ws/install/DebugPkg/lib/python3.10/site-packages:${PYTHONPATH} /usr/bin/python3 -W ignore:setup.py install is deprecated setup.py egg_info --egg-base ../../build/DebugPkg build --build-base /home/hotaka/R1_ros_ws/build/DebugPkg/build install --record /home/hotaka/R1_ros_ws/build/DebugPkg/install.log --single-version-externally-managed install_data
[3.145s] Level 1:colcon.colcon_core.environment:checking '/home/hotaka/R1_ros_ws/install/DebugPkg' for CMake module files
[3.148s] Level 1:colcon.colcon_core.environment:checking '/home/hotaka/R1_ros_ws/install/DebugPkg' for CMake config files
[3.150s] Level 1:colcon.colcon_core.environment:checking '/home/hotaka/R1_ros_ws/install/DebugPkg/lib'
[3.150s] Level 1:colcon.colcon_core.environment:checking '/home/hotaka/R1_ros_ws/install/DebugPkg/bin'
[3.151s] Level 1:colcon.colcon_core.environment:checking '/home/hotaka/R1_ros_ws/install/DebugPkg/lib/pkgconfig/DebugPkg.pc'
[3.151s] Level 1:colcon.colcon_core.environment:checking '/home/hotaka/R1_ros_ws/install/DebugPkg/lib/python3.10/site-packages'
[3.152s] Level 1:colcon.colcon_core.shell:create_environment_hook('DebugPkg', 'pythonpath')
[3.152s] INFO:colcon.colcon_core.shell:Creating environment hook '/home/hotaka/R1_ros_ws/install/DebugPkg/share/DebugPkg/hook/pythonpath.ps1'
[3.153s] INFO:colcon.colcon_core.shell:Creating environment descriptor '/home/hotaka/R1_ros_ws/install/DebugPkg/share/DebugPkg/hook/pythonpath.dsv'
[3.154s] INFO:colcon.colcon_core.shell:Creating environment hook '/home/hotaka/R1_ros_ws/install/DebugPkg/share/DebugPkg/hook/pythonpath.sh'
[3.156s] Level 1:colcon.colcon_core.environment:checking '/home/hotaka/R1_ros_ws/install/DebugPkg/bin'
[3.157s] Level 1:colcon.colcon_core.environment:create_environment_scripts_only(DebugPkg)
[3.159s] INFO:colcon.colcon_core.shell:Creating package script '/home/hotaka/R1_ros_ws/install/DebugPkg/share/DebugPkg/package.ps1'
[3.161s] INFO:colcon.colcon_core.shell:Creating package descriptor '/home/hotaka/R1_ros_ws/install/DebugPkg/share/DebugPkg/package.dsv'
[3.162s] INFO:colcon.colcon_core.shell:Creating package script '/home/hotaka/R1_ros_ws/install/DebugPkg/share/DebugPkg/package.sh'
[3.164s] INFO:colcon.colcon_core.shell:Creating package script '/home/hotaka/R1_ros_ws/install/DebugPkg/share/DebugPkg/package.bash'
[3.167s] INFO:colcon.colcon_core.shell:Creating package script '/home/hotaka/R1_ros_ws/install/DebugPkg/share/DebugPkg/package.zsh'
[3.170s] Level 1:colcon.colcon_core.environment:create_file_with_runtime_dependencies(/home/hotaka/R1_ros_ws/install/DebugPkg/share/colcon-core/packages/DebugPkg)
[3.193s] Level 1:colcon.colcon_core.environment:checking '/home/hotaka/R1_ros_ws/install/CalcuPkg' for CMake module files
[3.194s] DEBUG:colcon.colcon_core.event_handler.log_command:Invoked command in '/home/hotaka/R1_ros_ws/src/CalcuPkg' returned '0': PYTHONPATH=/home/hotaka/R1_ros_ws/build/CalcuPkg/prefix_override:/home/hotaka/R1_ros_ws/install/CalcuPkg/lib/python3.10/site-packages:${PYTHONPATH} /usr/bin/python3 -W ignore:setup.py install is deprecated setup.py egg_info --egg-base ../../build/CalcuPkg build --build-base /home/hotaka/R1_ros_ws/build/CalcuPkg/build install --record /home/hotaka/R1_ros_ws/build/CalcuPkg/install.log --single-version-externally-managed install_data
[3.194s] Level 1:colcon.colcon_core.environment:checking '/home/hotaka/R1_ros_ws/install/CalcuPkg' for CMake config files
[3.195s] Level 1:colcon.colcon_core.environment:checking '/home/hotaka/R1_ros_ws/install/CalcuPkg/lib'
[3.195s] Level 1:colcon.colcon_core.environment:checking '/home/hotaka/R1_ros_ws/install/CalcuPkg/bin'
[3.195s] Level 1:colcon.colcon_core.environment:checking '/home/hotaka/R1_ros_ws/install/CalcuPkg/lib/pkgconfig/CalcuPkg.pc'
[3.196s] Level 1:colcon.colcon_core.environment:checking '/home/hotaka/R1_ros_ws/install/CalcuPkg/lib/python3.10/site-packages'
[3.196s] Level 1:colcon.colcon_core.shell:create_environment_hook('CalcuPkg', 'pythonpath')
[3.196s] INFO:colcon.colcon_core.shell:Creating environment hook '/home/hotaka/R1_ros_ws/install/CalcuPkg/share/CalcuPkg/hook/pythonpath.ps1'
[3.197s] INFO:colcon.colcon_core.shell:Creating environment descriptor '/home/hotaka/R1_ros_ws/install/CalcuPkg/share/CalcuPkg/hook/pythonpath.dsv'
[3.197s] INFO:colcon.colcon_core.shell:Creating environment hook '/home/hotaka/R1_ros_ws/install/CalcuPkg/share/CalcuPkg/hook/pythonpath.sh'
[3.198s] Level 1:colcon.colcon_core.environment:checking '/home/hotaka/R1_ros_ws/install/CalcuPkg/bin'
[3.198s] Level 1:colcon.colcon_core.environment:create_environment_scripts_only(CalcuPkg)
[3.199s] INFO:colcon.colcon_core.shell:Creating package script '/home/hotaka/R1_ros_ws/install/CalcuPkg/share/CalcuPkg/package.ps1'
[3.201s] INFO:colcon.colcon_core.shell:Creating package descriptor '/home/hotaka/R1_ros_ws/install/CalcuPkg/share/CalcuPkg/package.dsv'
[3.202s] INFO:colcon.colcon_core.shell:Creating package script '/home/hotaka/R1_ros_ws/install/CalcuPkg/share/CalcuPkg/package.sh'
[3.202s] INFO:colcon.colcon_core.shell:Creating package script '/home/hotaka/R1_ros_ws/install/CalcuPkg/share/CalcuPkg/package.bash'
[3.203s] INFO:colcon.colcon_core.shell:Creating package script '/home/hotaka/R1_ros_ws/install/CalcuPkg/share/CalcuPkg/package.zsh'
[3.205s] Level 1:colcon.colcon_core.environment:create_file_with_runtime_dependencies(/home/hotaka/R1_ros_ws/install/CalcuPkg/share/colcon-core/packages/CalcuPkg)
[3.277s] Level 1:colcon.colcon_core.environment:checking '/home/hotaka/R1_ros_ws/install/RSPkg' for CMake module files
[3.278s] DEBUG:colcon.colcon_core.event_handler.log_command:Invoked command in '/home/hotaka/R1_ros_ws/src/RSPkg' returned '0': PYTHONPATH=/home/hotaka/R1_ros_ws/build/RSPkg/prefix_override:/home/hotaka/R1_ros_ws/install/RSPkg/lib/python3.10/site-packages:${PYTHONPATH} /usr/bin/python3 -W ignore:setup.py install is deprecated setup.py egg_info --egg-base ../../build/RSPkg build --build-base /home/hotaka/R1_ros_ws/build/RSPkg/build install --record /home/hotaka/R1_ros_ws/build/RSPkg/install.log --single-version-externally-managed install_data
[3.278s] Level 1:colcon.colcon_core.environment:checking '/home/hotaka/R1_ros_ws/install/RSPkg' for CMake config files
[3.279s] Level 1:colcon.colcon_core.environment:checking '/home/hotaka/R1_ros_ws/install/RSPkg/lib'
[3.279s] Level 1:colcon.colcon_core.environment:checking '/home/hotaka/R1_ros_ws/install/RSPkg/bin'
[3.279s] Level 1:colcon.colcon_core.environment:checking '/home/hotaka/R1_ros_ws/install/RSPkg/lib/pkgconfig/RSPkg.pc'
[3.280s] Level 1:colcon.colcon_core.environment:checking '/home/hotaka/R1_ros_ws/install/RSPkg/lib/python3.10/site-packages'
[3.280s] Level 1:colcon.colcon_core.shell:create_environment_hook('RSPkg', 'pythonpath')
[3.280s] INFO:colcon.colcon_core.shell:Creating environment hook '/home/hotaka/R1_ros_ws/install/RSPkg/share/RSPkg/hook/pythonpath.ps1'
[3.281s] INFO:colcon.colcon_core.shell:Creating environment descriptor '/home/hotaka/R1_ros_ws/install/RSPkg/share/RSPkg/hook/pythonpath.dsv'
[3.281s] INFO:colcon.colcon_core.shell:Creating environment hook '/home/hotaka/R1_ros_ws/install/RSPkg/share/RSPkg/hook/pythonpath.sh'
[3.282s] Level 1:colcon.colcon_core.environment:checking '/home/hotaka/R1_ros_ws/install/RSPkg/bin'
[3.282s] Level 1:colcon.colcon_core.environment:create_environment_scripts_only(RSPkg)
[3.283s] INFO:colcon.colcon_core.shell:Creating package script '/home/hotaka/R1_ros_ws/install/RSPkg/share/RSPkg/package.ps1'
[3.284s] INFO:colcon.colcon_core.shell:Creating package descriptor '/home/hotaka/R1_ros_ws/install/RSPkg/share/RSPkg/package.dsv'
[3.284s] INFO:colcon.colcon_core.shell:Creating package script '/home/hotaka/R1_ros_ws/install/RSPkg/share/RSPkg/package.sh'
[3.285s] INFO:colcon.colcon_core.shell:Creating package script '/home/hotaka/R1_ros_ws/install/RSPkg/share/RSPkg/package.bash'
[3.285s] INFO:colcon.colcon_core.shell:Creating package script '/home/hotaka/R1_ros_ws/install/RSPkg/share/RSPkg/package.zsh'
[3.286s] Level 1:colcon.colcon_core.environment:create_file_with_runtime_dependencies(/home/hotaka/R1_ros_ws/install/RSPkg/share/colcon-core/packages/RSPkg)
[3.288s] Level 1:colcon.colcon_core.environment:checking '/home/hotaka/R1_ros_ws/install/SerialPkg' for CMake module files
[3.289s] DEBUG:colcon.colcon_core.event_handler.log_command:Invoked command in '/home/hotaka/R1_ros_ws/src/SerialPkg' returned '0': PYTHONPATH=/home/hotaka/R1_ros_ws/build/SerialPkg/prefix_override:/home/hotaka/R1_ros_ws/install/SerialPkg/lib/python3.10/site-packages:${PYTHONPATH} /usr/bin/python3 -W ignore:setup.py install is deprecated setup.py egg_info --egg-base ../../build/SerialPkg build --build-base /home/hotaka/R1_ros_ws/build/SerialPkg/build install --record /home/hotaka/R1_ros_ws/build/SerialPkg/install.log --single-version-externally-managed install_data
[3.289s] Level 1:colcon.colcon_core.environment:checking '/home/hotaka/R1_ros_ws/install/SerialPkg' for CMake config files
[3.290s] Level 1:colcon.colcon_core.environment:checking '/home/hotaka/R1_ros_ws/install/SerialPkg/lib'
[3.290s] Level 1:colcon.colcon_core.environment:checking '/home/hotaka/R1_ros_ws/install/SerialPkg/bin'
[3.290s] Level 1:colcon.colcon_core.environment:checking '/home/hotaka/R1_ros_ws/install/SerialPkg/lib/pkgconfig/SerialPkg.pc'
[3.291s] Level 1:colcon.colcon_core.environment:checking '/home/hotaka/R1_ros_ws/install/SerialPkg/lib/python3.10/site-packages'
[3.291s] Level 1:colcon.colcon_core.shell:create_environment_hook('SerialPkg', 'pythonpath')
[3.291s] INFO:colcon.colcon_core.shell:Creating environment hook '/home/hotaka/R1_ros_ws/install/SerialPkg/share/SerialPkg/hook/pythonpath.ps1'
[3.292s] INFO:colcon.colcon_core.shell:Creating environment descriptor '/home/hotaka/R1_ros_ws/install/SerialPkg/share/SerialPkg/hook/pythonpath.dsv'
[3.292s] INFO:colcon.colcon_core.shell:Creating environment hook '/home/hotaka/R1_ros_ws/install/SerialPkg/share/SerialPkg/hook/pythonpath.sh'
[3.293s] Level 1:colcon.colcon_core.environment:checking '/home/hotaka/R1_ros_ws/install/SerialPkg/bin'
[3.293s] Level 1:colcon.colcon_core.environment:create_environment_scripts_only(SerialPkg)
[3.294s] INFO:colcon.colcon_core.shell:Creating package script '/home/hotaka/R1_ros_ws/install/SerialPkg/share/SerialPkg/package.ps1'
[3.294s] INFO:colcon.colcon_core.shell:Creating package descriptor '/home/hotaka/R1_ros_ws/install/SerialPkg/share/SerialPkg/package.dsv'
[3.295s] INFO:colcon.colcon_core.shell:Creating package script '/home/hotaka/R1_ros_ws/install/SerialPkg/share/SerialPkg/package.sh'
[3.296s] INFO:colcon.colcon_core.shell:Creating package script '/home/hotaka/R1_ros_ws/install/SerialPkg/share/SerialPkg/package.bash'
[3.296s] INFO:colcon.colcon_core.shell:Creating package script '/home/hotaka/R1_ros_ws/install/SerialPkg/share/SerialPkg/package.zsh'
[3.296s] Level 1:colcon.colcon_core.environment:create_file_with_runtime_dependencies(/home/hotaka/R1_ros_ws/install/SerialPkg/share/colcon-core/packages/SerialPkg)
[3.297s] DEBUG:colcon.colcon_parallel_executor.executor.parallel:closing loop
[3.298s] DEBUG:colcon.colcon_parallel_executor.executor.parallel:loop closed
[3.298s] DEBUG:colcon.colcon_parallel_executor.executor.parallel:run_until_complete finished with '0'
[3.298s] DEBUG:colcon.colcon_core.event_reactor:joining thread
[3.306s] INFO:colcon.colcon_core.plugin_system:Skipping extension 'colcon_notification.desktop_notification.terminal_notifier': Not used on non-Darwin systems
[3.306s] INFO:colcon.colcon_core.plugin_system:Skipping extension 'colcon_notification.desktop_notification.win32': Not used on non-Windows systems
[3.306s] INFO:colcon.colcon_notification.desktop_notification:Sending desktop notification using 'notify2'
[3.319s] DEBUG:colcon.colcon_core.event_reactor:joined thread
[3.319s] INFO:colcon.colcon_core.shell:Creating prefix script '/home/hotaka/R1_ros_ws/install/local_setup.ps1'
[3.321s] INFO:colcon.colcon_core.shell:Creating prefix util module '/home/hotaka/R1_ros_ws/install/_local_setup_util_ps1.py'
[3.323s] INFO:colcon.colcon_core.shell:Creating prefix chain script '/home/hotaka/R1_ros_ws/install/setup.ps1'
[3.326s] INFO:colcon.colcon_core.shell:Creating prefix script '/home/hotaka/R1_ros_ws/install/local_setup.sh'
[3.327s] INFO:colcon.colcon_core.shell:Creating prefix util module '/home/hotaka/R1_ros_ws/install/_local_setup_util_sh.py'
[3.328s] INFO:colcon.colcon_core.shell:Creating prefix chain script '/home/hotaka/R1_ros_ws/install/setup.sh'
[3.330s] INFO:colcon.colcon_core.shell:Creating prefix script '/home/hotaka/R1_ros_ws/install/local_setup.bash'
[3.331s] INFO:colcon.colcon_core.shell:Creating prefix chain script '/home/hotaka/R1_ros_ws/install/setup.bash'
[3.333s] INFO:colcon.colcon_core.shell:Creating prefix script '/home/hotaka/R1_ros_ws/install/local_setup.zsh'
[3.334s] INFO:colcon.colcon_core.shell:Creating prefix chain script '/home/hotaka/R1_ros_ws/install/setup.zsh'
