[3.301s] Invoking command in '/home/hotaka/R1_ros_ws/src/RSPkg': PYTHONPATH=/home/hotaka/R1_ros_ws/build/RSPkg/prefix_override:/home/hotaka/R1_ros_ws/install/RSPkg/lib/python3.10/site-packages:${PYTHONPATH} /usr/bin/python3 -W ignore:setup.py install is deprecated setup.py egg_info --egg-base ../../build/RSPkg build --build-base /home/hotaka/R1_ros_ws/build/RSPkg/build install --record /home/hotaka/R1_ros_ws/build/RSPkg/install.log --single-version-externally-managed install_data
[4.034s] running egg_info
[4.039s] writing ../../build/RSPkg/RSPkg.egg-info/PKG-INFO
[4.039s] writing dependency_links to ../../build/RSPkg/RSPkg.egg-info/dependency_links.txt
[4.039s] writing entry points to ../../build/RSPkg/RSPkg.egg-info/entry_points.txt
[4.040s] writing requirements to ../../build/RSPkg/RSPkg.egg-info/requires.txt
[4.040s] writing top-level names to ../../build/RSPkg/RSPkg.egg-info/top_level.txt
[4.046s] reading manifest file '../../build/RSPkg/RSPkg.egg-info/SOURCES.txt'
[4.047s] writing manifest file '../../build/RSPkg/RSPkg.egg-info/SOURCES.txt'
[4.048s] running build
[4.048s] running build_py
[4.049s] running install
[4.049s] running install_lib
[4.053s] running install_data
[4.054s] running install_egg_info
[4.062s] removing '/home/hotaka/R1_ros_ws/install/RSPkg/lib/python3.10/site-packages/RSPkg-0.0.0-py3.10.egg-info' (and everything under it)
[4.063s] Copying ../../build/RSPkg/RSPkg.egg-info to /home/hotaka/R1_ros_ws/install/RSPkg/lib/python3.10/site-packages/RSPkg-0.0.0-py3.10.egg-info
[4.066s] running install_scripts
[4.144s] Installing RS_node script to /home/hotaka/R1_ros_ws/install/RSPkg/lib/RSPkg
[4.144s] writing list of installed files to '/home/hotaka/R1_ros_ws/build/RSPkg/install.log'
[4.238s] Invoked command in '/home/hotaka/R1_ros_ws/src/RSPkg' returned '0': PYTHONPATH=/home/hotaka/R1_ros_ws/build/RSPkg/prefix_override:/home/hotaka/R1_ros_ws/install/RSPkg/lib/python3.10/site-packages:${PYTHONPATH} /usr/bin/python3 -W ignore:setup.py install is deprecated setup.py egg_info --egg-base ../../build/RSPkg build --build-base /home/hotaka/R1_ros_ws/build/RSPkg/build install --record /home/hotaka/R1_ros_ws/build/RSPkg/install.log --single-version-externally-managed install_data
