[2.161s] Invoking command in '/home/hotaka/R1_ros_ws/src/RSPkg': PYTHONPATH=/home/hotaka/R1_ros_ws/build/RSPkg/prefix_override:/home/hotaka/R1_ros_ws/install/RSPkg/lib/python3.10/site-packages:${PYTHONPATH} /usr/bin/python3 -W ignore:setup.py install is deprecated setup.py egg_info --egg-base ../../build/RSPkg build --build-base /home/hotaka/R1_ros_ws/build/RSPkg/build install --record /home/hotaka/R1_ros_ws/build/RSPkg/install.log --single-version-externally-managed install_data
[2.705s] running egg_info
[2.706s] writing ../../build/RSPkg/RSPkg.egg-info/PKG-INFO
[2.707s] writing dependency_links to ../../build/RSPkg/RSPkg.egg-info/dependency_links.txt
[2.707s] writing entry points to ../../build/RSPkg/RSPkg.egg-info/entry_points.txt
[2.708s] writing requirements to ../../build/RSPkg/RSPkg.egg-info/requires.txt
[2.708s] writing top-level names to ../../build/RSPkg/RSPkg.egg-info/top_level.txt
[2.712s] reading manifest file '../../build/RSPkg/RSPkg.egg-info/SOURCES.txt'
[2.714s] writing manifest file '../../build/RSPkg/RSPkg.egg-info/SOURCES.txt'
[2.714s] running build
[2.714s] running build_py
[2.716s] running install
[2.717s] running install_lib
[2.719s] running install_data
[2.719s] running install_egg_info
[2.724s] removing '/home/hotaka/R1_ros_ws/install/RSPkg/lib/python3.10/site-packages/RSPkg-0.0.0-py3.10.egg-info' (and everything under it)
[2.725s] Copying ../../build/RSPkg/RSPkg.egg-info to /home/hotaka/R1_ros_ws/install/RSPkg/lib/python3.10/site-packages/RSPkg-0.0.0-py3.10.egg-info
[2.727s] running install_scripts
[2.774s] Installing RS_node script to /home/hotaka/R1_ros_ws/install/RSPkg/lib/RSPkg
[2.775s] writing list of installed files to '/home/hotaka/R1_ros_ws/build/RSPkg/install.log'
[2.851s] Invoked command in '/home/hotaka/R1_ros_ws/src/RSPkg' returned '0': PYTHONPATH=/home/hotaka/R1_ros_ws/build/RSPkg/prefix_override:/home/hotaka/R1_ros_ws/install/RSPkg/lib/python3.10/site-packages:${PYTHONPATH} /usr/bin/python3 -W ignore:setup.py install is deprecated setup.py egg_info --egg-base ../../build/RSPkg build --build-base /home/hotaka/R1_ros_ws/build/RSPkg/build install --record /home/hotaka/R1_ros_ws/build/RSPkg/install.log --single-version-externally-managed install_data
