[2.759s] Invoking command in '/home/hotaka/R1_ros_ws/src/CalcuPkg': PYTHONPATH=/home/hotaka/R1_ros_ws/build/CalcuPkg/prefix_override:/home/hotaka/R1_ros_ws/install/CalcuPkg/lib/python3.10/site-packages:${PYTHONPATH} /usr/bin/python3 -W ignore:setup.py install is deprecated setup.py egg_info --egg-base ../../build/CalcuPkg build --build-base /home/hotaka/R1_ros_ws/build/CalcuPkg/build install --record /home/hotaka/R1_ros_ws/build/CalcuPkg/install.log --single-version-externally-managed install_data
[3.467s] running egg_info
[3.469s] writing ../../build/CalcuPkg/CalcuPkg.egg-info/PKG-INFO
[3.470s] writing dependency_links to ../../build/CalcuPkg/CalcuPkg.egg-info/dependency_links.txt
[3.470s] writing entry points to ../../build/CalcuPkg/CalcuPkg.egg-info/entry_points.txt
[3.471s] writing requirements to ../../build/CalcuPkg/CalcuPkg.egg-info/requires.txt
[3.471s] writing top-level names to ../../build/CalcuPkg/CalcuPkg.egg-info/top_level.txt
[3.478s] reading manifest file '../../build/CalcuPkg/CalcuPkg.egg-info/SOURCES.txt'
[3.481s] writing manifest file '../../build/CalcuPkg/CalcuPkg.egg-info/SOURCES.txt'
[3.481s] running build
[3.481s] running build_py
[3.482s] copying CalcuPkg/calcu_node.py -> /home/hotaka/R1_ros_ws/build/CalcuPkg/build/lib/CalcuPkg
[3.483s] running install
[3.484s] running install_lib
[3.486s] copying /home/hotaka/R1_ros_ws/build/CalcuPkg/build/lib/CalcuPkg/calcu_node.py -> /home/hotaka/R1_ros_ws/install/CalcuPkg/lib/python3.10/site-packages/CalcuPkg
[3.488s] byte-compiling /home/hotaka/R1_ros_ws/install/CalcuPkg/lib/python3.10/site-packages/CalcuPkg/calcu_node.py to calcu_node.cpython-310.pyc
[3.491s] running install_data
[3.492s] running install_egg_info
[3.497s] removing '/home/hotaka/R1_ros_ws/install/CalcuPkg/lib/python3.10/site-packages/CalcuPkg-0.0.0-py3.10.egg-info' (and everything under it)
[3.497s] Copying ../../build/CalcuPkg/CalcuPkg.egg-info to /home/hotaka/R1_ros_ws/install/CalcuPkg/lib/python3.10/site-packages/CalcuPkg-0.0.0-py3.10.egg-info
[3.502s] running install_scripts
[3.551s] Installing calcu_node script to /home/hotaka/R1_ros_ws/install/CalcuPkg/lib/CalcuPkg
[3.551s] Installing debug_node script to /home/hotaka/R1_ros_ws/install/CalcuPkg/lib/CalcuPkg
[3.551s] Installing pos_node script to /home/hotaka/R1_ros_ws/install/CalcuPkg/lib/CalcuPkg
[3.551s] writing list of installed files to '/home/hotaka/R1_ros_ws/build/CalcuPkg/install.log'
[3.606s] Invoked command in '/home/hotaka/R1_ros_ws/src/CalcuPkg' returned '0': PYTHONPATH=/home/hotaka/R1_ros_ws/build/CalcuPkg/prefix_override:/home/hotaka/R1_ros_ws/install/CalcuPkg/lib/python3.10/site-packages:${PYTHONPATH} /usr/bin/python3 -W ignore:setup.py install is deprecated setup.py egg_info --egg-base ../../build/CalcuPkg build --build-base /home/hotaka/R1_ros_ws/build/CalcuPkg/build install --record /home/hotaka/R1_ros_ws/build/CalcuPkg/install.log --single-version-externally-managed install_data
