[2.298s] Invoking command in '/home/hotaka/R1_ros_ws/src/RSPkg': PYTHONPATH=/home/hotaka/R1_ros_ws/build/RSPkg/prefix_override:/home/hotaka/R1_ros_ws/install/RSPkg/lib/python3.10/site-packages:${PYTHONPATH} /usr/bin/python3 -W ignore:setup.py install is deprecated setup.py egg_info --egg-base ../../build/RSPkg build --build-base /home/hotaka/R1_ros_ws/build/RSPkg/build install --record /home/hotaka/R1_ros_ws/build/RSPkg/install.log --single-version-externally-managed install_data
[2.869s] running egg_info
[2.871s] writing ../../build/RSPkg/RSPkg.egg-info/PKG-INFO
[2.872s] writing dependency_links to ../../build/RSPkg/RSPkg.egg-info/dependency_links.txt
[2.872s] writing entry points to ../../build/RSPkg/RSPkg.egg-info/entry_points.txt
[2.873s] writing requirements to ../../build/RSPkg/RSPkg.egg-info/requires.txt
[2.873s] writing top-level names to ../../build/RSPkg/RSPkg.egg-info/top_level.txt
[2.877s] reading manifest file '../../build/RSPkg/RSPkg.egg-info/SOURCES.txt'
[2.879s] writing manifest file '../../build/RSPkg/RSPkg.egg-info/SOURCES.txt'
[2.880s] running build
[2.880s] running build_py
[2.881s] running install
[2.882s] running install_lib
[2.885s] running install_data
[2.885s] running install_egg_info
[2.892s] removing '/home/hotaka/R1_ros_ws/install/RSPkg/lib/python3.10/site-packages/RSPkg-0.0.0-py3.10.egg-info' (and everything under it)
[2.892s] Copying ../../build/RSPkg/RSPkg.egg-info to /home/hotaka/R1_ros_ws/install/RSPkg/lib/python3.10/site-packages/RSPkg-0.0.0-py3.10.egg-info
[2.894s] running install_scripts
[2.935s] Installing RS_node script to /home/hotaka/R1_ros_ws/install/RSPkg/lib/RSPkg
[2.936s] writing list of installed files to '/home/hotaka/R1_ros_ws/build/RSPkg/install.log'
[3.014s] Invoked command in '/home/hotaka/R1_ros_ws/src/RSPkg' returned '0': PYTHONPATH=/home/hotaka/R1_ros_ws/build/RSPkg/prefix_override:/home/hotaka/R1_ros_ws/install/RSPkg/lib/python3.10/site-packages:${PYTHONPATH} /usr/bin/python3 -W ignore:setup.py install is deprecated setup.py egg_info --egg-base ../../build/RSPkg build --build-base /home/hotaka/R1_ros_ws/build/RSPkg/build install --record /home/hotaka/R1_ros_ws/build/RSPkg/install.log --single-version-externally-managed install_data
