[0.861s] DEBUG:colcon:Command line arguments: ['/usr/bin/colcon', 'list', '-p', '--base-paths', '/home/hotaka/robocon2024']
[0.861s] DEBUG:colcon:Parsed command line arguments: Namespace(log_base=None, log_level=None, verb_name='list', build_base='build', ignore_user_meta=False, metas=['./colcon.meta'], base_paths=['/home/hotaka/robocon2024'], packages_ignore=None, packages_ignore_regex=None, paths=None, packages_up_to=None, packages_up_to_regex=None, packages_above=None, packages_above_and_dependencies=None, packages_above_depth=None, packages_select_by_dep=None, packages_skip_by_dep=None, packages_skip_up_to=None, packages_select_build_failed=False, packages_skip_build_finished=False, packages_select_test_failures=False, packages_skip_test_passed=False, packages_select=None, packages_skip=None, packages_select_regex=None, packages_skip_regex=None, packages_start=None, packages_end=None, allow_overriding=[], topological_order=False, names_only=False, paths_only=True, topological_graph=False, topological_graph_dot=False, topological_graph_density=False, topological_graph_legend=False, topological_graph_dot_cluster=False, topological_graph_dot_include_skipped=False, verb_parser=<colcon_defaults.argument_parser.defaults.DefaultArgumentsDecorator object at 0x70cbb25ccbb0>, verb_extension=<colcon_package_information.verb.list.ListVerb object at 0x70cbb2849780>, main=<bound method ListVerb.main of <colcon_package_information.verb.list.ListVerb object at 0x70cbb2849780>>)
[0.906s] Level 1:colcon.colcon_core.package_discovery:discover_packages(colcon_meta) check parameters
[0.906s] Level 1:colcon.colcon_core.package_discovery:discover_packages(recursive) check parameters
[0.906s] Level 1:colcon.colcon_core.package_discovery:discover_packages(ignore) check parameters
[0.906s] Level 1:colcon.colcon_core.package_discovery:discover_packages(path) check parameters
[0.906s] Level 1:colcon.colcon_core.package_discovery:discover_packages(recursive) discover
[0.906s] INFO:colcon.colcon_core.package_discovery:Crawling recursively for packages in '/home/hotaka/robocon2024'
[0.906s] Level 1:colcon.colcon_core.package_identification:_identify(/home/hotaka/robocon2024) by extensions ['ignore', 'ignore_ament_install']
[0.906s] Level 1:colcon.colcon_core.package_identification:_identify(/home/hotaka/robocon2024) by extension 'ignore'
[0.906s] Level 1:colcon.colcon_core.package_identification:_identify(/home/hotaka/robocon2024) by extension 'ignore_ament_install'
[0.906s] Level 1:colcon.colcon_core.package_identification:_identify(/home/hotaka/robocon2024) by extensions ['colcon_pkg']
[0.906s] Level 1:colcon.colcon_core.package_identification:_identify(/home/hotaka/robocon2024) by extension 'colcon_pkg'
[0.906s] Level 1:colcon.colcon_core.package_identification:_identify(/home/hotaka/robocon2024) by extensions ['colcon_meta']
[0.906s] Level 1:colcon.colcon_core.package_identification:_identify(/home/hotaka/robocon2024) by extension 'colcon_meta'
[0.906s] Level 1:colcon.colcon_core.package_identification:_identify(/home/hotaka/robocon2024) by extensions ['ros']
[0.906s] Level 1:colcon.colcon_core.package_identification:_identify(/home/hotaka/robocon2024) by extension 'ros'
[0.916s] Level 1:colcon.colcon_core.package_identification:_identify(/home/hotaka/robocon2024) by extensions ['cmake', 'python']
[0.916s] Level 1:colcon.colcon_core.package_identification:_identify(/home/hotaka/robocon2024) by extension 'cmake'
[0.916s] Level 1:colcon.colcon_core.package_identification:_identify(/home/hotaka/robocon2024) by extension 'python'
[0.916s] Level 1:colcon.colcon_core.package_identification:_identify(/home/hotaka/robocon2024) by extensions ['python_setup_py']
[0.916s] Level 1:colcon.colcon_core.package_identification:_identify(/home/hotaka/robocon2024) by extension 'python_setup_py'
[0.916s] Level 1:colcon.colcon_core.package_identification:_identify(/home/hotaka/robocon2024/log) by extensions ['ignore', 'ignore_ament_install']
[0.916s] Level 1:colcon.colcon_core.package_identification:_identify(/home/hotaka/robocon2024/log) by extension 'ignore'
[0.916s] Level 1:colcon.colcon_core.package_identification:_identify(/home/hotaka/robocon2024/log) ignored
[0.916s] Level 1:colcon.colcon_core.package_identification:_identify(/home/hotaka/robocon2024/src) by extensions ['ignore', 'ignore_ament_install']
[0.916s] Level 1:colcon.colcon_core.package_identification:_identify(/home/hotaka/robocon2024/src) by extension 'ignore'
[0.916s] Level 1:colcon.colcon_core.package_identification:_identify(/home/hotaka/robocon2024/src) by extension 'ignore_ament_install'
[0.916s] Level 1:colcon.colcon_core.package_identification:_identify(/home/hotaka/robocon2024/src) by extensions ['colcon_pkg']
[0.916s] Level 1:colcon.colcon_core.package_identification:_identify(/home/hotaka/robocon2024/src) by extension 'colcon_pkg'
[0.916s] Level 1:colcon.colcon_core.package_identification:_identify(/home/hotaka/robocon2024/src) by extensions ['colcon_meta']
[0.916s] Level 1:colcon.colcon_core.package_identification:_identify(/home/hotaka/robocon2024/src) by extension 'colcon_meta'
[0.916s] Level 1:colcon.colcon_core.package_identification:_identify(/home/hotaka/robocon2024/src) by extensions ['ros']
[0.916s] Level 1:colcon.colcon_core.package_identification:_identify(/home/hotaka/robocon2024/src) by extension 'ros'
[0.916s] Level 1:colcon.colcon_core.package_identification:_identify(/home/hotaka/robocon2024/src) by extensions ['cmake', 'python']
[0.916s] Level 1:colcon.colcon_core.package_identification:_identify(/home/hotaka/robocon2024/src) by extension 'cmake'
[0.917s] Level 1:colcon.colcon_core.package_identification:_identify(/home/hotaka/robocon2024/src) by extension 'python'
[0.917s] Level 1:colcon.colcon_core.package_identification:_identify(/home/hotaka/robocon2024/src) by extensions ['python_setup_py']
[0.917s] Level 1:colcon.colcon_core.package_identification:_identify(/home/hotaka/robocon2024/src) by extension 'python_setup_py'
[0.917s] Level 1:colcon.colcon_core.package_identification:_identify(/home/hotaka/robocon2024/src/R1_pkg) by extensions ['ignore', 'ignore_ament_install']
[0.917s] Level 1:colcon.colcon_core.package_identification:_identify(/home/hotaka/robocon2024/src/R1_pkg) by extension 'ignore'
[0.917s] Level 1:colcon.colcon_core.package_identification:_identify(/home/hotaka/robocon2024/src/R1_pkg) by extension 'ignore_ament_install'
[0.917s] Level 1:colcon.colcon_core.package_identification:_identify(/home/hotaka/robocon2024/src/R1_pkg) by extensions ['colcon_pkg']
[0.917s] Level 1:colcon.colcon_core.package_identification:_identify(/home/hotaka/robocon2024/src/R1_pkg) by extension 'colcon_pkg'
[0.917s] Level 1:colcon.colcon_core.package_identification:_identify(/home/hotaka/robocon2024/src/R1_pkg) by extensions ['colcon_meta']
[0.917s] Level 1:colcon.colcon_core.package_identification:_identify(/home/hotaka/robocon2024/src/R1_pkg) by extension 'colcon_meta'
[0.917s] Level 1:colcon.colcon_core.package_identification:_identify(/home/hotaka/robocon2024/src/R1_pkg) by extensions ['ros']
[0.917s] Level 1:colcon.colcon_core.package_identification:_identify(/home/hotaka/robocon2024/src/R1_pkg) by extension 'ros'
[0.919s] DEBUG:colcon.colcon_core.package_identification:Package '/home/hotaka/robocon2024/src/R1_pkg' with type 'ros.ament_python' and name 'R1_pkg'
[0.919s] Level 1:colcon.colcon_core.package_discovery:discover_packages(recursive) using defaults
