[0.169s] DEBUG:colcon:Command line arguments: ['/usr/bin/colcon', 'build']
[0.169s] DEBUG:colcon:Parsed command line arguments: Namespace(log_base=None, log_level=None, verb_name='build', build_base='build', install_base='install', merge_install=False, symlink_install=False, test_result_base=None, continue_on_error=False, executor='parallel', parallel_workers=8, event_handlers=None, ignore_user_meta=False, metas=['./colcon.meta'], base_paths=['.'], packages_ignore=None, packages_ignore_regex=None, paths=None, packages_up_to=None, packages_up_to_regex=None, packages_above=None, packages_above_and_dependencies=None, packages_above_depth=None, packages_select_by_dep=None, packages_skip_by_dep=None, packages_skip_up_to=None, packages_select_build_failed=False, packages_skip_build_finished=False, packages_select_test_failures=False, packages_skip_test_passed=False, packages_select=None, packages_skip=None, packages_select_regex=None, packages_skip_regex=None, packages_start=None, packages_end=None, allow_overriding=[], cmake_args=None, cmake_target=None, cmake_target_skip_unavailable=False, cmake_clean_cache=False, cmake_clean_first=False, cmake_force_configure=False, ament_cmake_args=None, catkin_cmake_args=None, catkin_skip_building_tests=False, mixin_files=None, mixin=None, verb_parser=<colcon_mixin.mixin.mixin_argument.MixinArgumentDecorator object at 0x7f11e402b2b0>, verb_extension=<colcon_core.verb.build.BuildVerb object at 0x7f11e411b8b0>, main=<bound method BuildVerb.main of <colcon_core.verb.build.BuildVerb object at 0x7f11e411b8b0>>, mixin_verb=('build',))
[0.426s] Level 1:colcon.colcon_core.package_discovery:discover_packages(colcon_meta) check parameters
[0.426s] Level 1:colcon.colcon_core.package_discovery:discover_packages(recursive) check parameters
[0.426s] Level 1:colcon.colcon_core.package_discovery:discover_packages(ignore) check parameters
[0.426s] Level 1:colcon.colcon_core.package_discovery:discover_packages(path) check parameters
[0.426s] Level 1:colcon.colcon_core.package_discovery:discover_packages(colcon_meta) discover
[0.426s] Level 1:colcon.colcon_core.package_discovery:discover_packages(recursive) discover
[0.426s] INFO:colcon.colcon_core.package_discovery:Crawling recursively for packages in '/home/hotaka/R1_ros_ws'
[0.426s] Level 1:colcon.colcon_core.package_identification:_identify(.) by extensions ['ignore', 'ignore_ament_install']
[0.426s] Level 1:colcon.colcon_core.package_identification:_identify(.) by extension 'ignore'
[0.427s] Level 1:colcon.colcon_core.package_identification:_identify(.) by extension 'ignore_ament_install'
[0.427s] Level 1:colcon.colcon_core.package_identification:_identify(.) by extensions ['colcon_pkg']
[0.427s] Level 1:colcon.colcon_core.package_identification:_identify(.) by extension 'colcon_pkg'
[0.427s] Level 1:colcon.colcon_core.package_identification:_identify(.) by extensions ['colcon_meta']
[0.427s] Level 1:colcon.colcon_core.package_identification:_identify(.) by extension 'colcon_meta'
[0.427s] Level 1:colcon.colcon_core.package_identification:_identify(.) by extensions ['ros']
[0.427s] Level 1:colcon.colcon_core.package_identification:_identify(.) by extension 'ros'
[0.444s] Level 1:colcon.colcon_core.package_identification:_identify(.) by extensions ['cmake', 'python']
[0.444s] Level 1:colcon.colcon_core.package_identification:_identify(.) by extension 'cmake'
[0.444s] Level 1:colcon.colcon_core.package_identification:_identify(.) by extension 'python'
[0.445s] Level 1:colcon.colcon_core.package_identification:_identify(.) by extensions ['python_setup_py']
[0.445s] Level 1:colcon.colcon_core.package_identification:_identify(.) by extension 'python_setup_py'
[0.445s] Level 1:colcon.colcon_core.package_identification:_identify(build) by extensions ['ignore', 'ignore_ament_install']
[0.445s] Level 1:colcon.colcon_core.package_identification:_identify(build) by extension 'ignore'
[0.445s] Level 1:colcon.colcon_core.package_identification:_identify(build) ignored
[0.445s] Level 1:colcon.colcon_core.package_identification:_identify(install) by extensions ['ignore', 'ignore_ament_install']
[0.445s] Level 1:colcon.colcon_core.package_identification:_identify(install) by extension 'ignore'
[0.446s] Level 1:colcon.colcon_core.package_identification:_identify(install) ignored
[0.447s] Level 1:colcon.colcon_core.package_identification:_identify(log) by extensions ['ignore', 'ignore_ament_install']
[0.447s] Level 1:colcon.colcon_core.package_identification:_identify(log) by extension 'ignore'
[0.447s] Level 1:colcon.colcon_core.package_identification:_identify(log) ignored
[0.447s] Level 1:colcon.colcon_core.package_identification:_identify(src) by extensions ['ignore', 'ignore_ament_install']
[0.447s] Level 1:colcon.colcon_core.package_identification:_identify(src) by extension 'ignore'
[0.447s] Level 1:colcon.colcon_core.package_identification:_identify(src) by extension 'ignore_ament_install'
[0.447s] Level 1:colcon.colcon_core.package_identification:_identify(src) by extensions ['colcon_pkg']
[0.448s] Level 1:colcon.colcon_core.package_identification:_identify(src) by extension 'colcon_pkg'
[0.448s] Level 1:colcon.colcon_core.package_identification:_identify(src) by extensions ['colcon_meta']
[0.448s] Level 1:colcon.colcon_core.package_identification:_identify(src) by extension 'colcon_meta'
[0.448s] Level 1:colcon.colcon_core.package_identification:_identify(src) by extensions ['ros']
[0.448s] Level 1:colcon.colcon_core.package_identification:_identify(src) by extension 'ros'
[0.448s] Level 1:colcon.colcon_core.package_identification:_identify(src) by extensions ['cmake', 'python']
[0.448s] Level 1:colcon.colcon_core.package_identification:_identify(src) by extension 'cmake'
[0.448s] Level 1:colcon.colcon_core.package_identification:_identify(src) by extension 'python'
[0.448s] Level 1:colcon.colcon_core.package_identification:_identify(src) by extensions ['python_setup_py']
[0.448s] Level 1:colcon.colcon_core.package_identification:_identify(src) by extension 'python_setup_py'
[0.448s] Level 1:colcon.colcon_core.package_identification:_identify(src/CalcuPkg) by extensions ['ignore', 'ignore_ament_install']
[0.448s] Level 1:colcon.colcon_core.package_identification:_identify(src/CalcuPkg) by extension 'ignore'
[0.448s] Level 1:colcon.colcon_core.package_identification:_identify(src/CalcuPkg) by extension 'ignore_ament_install'
[0.448s] Level 1:colcon.colcon_core.package_identification:_identify(src/CalcuPkg) by extensions ['colcon_pkg']
[0.449s] Level 1:colcon.colcon_core.package_identification:_identify(src/CalcuPkg) by extension 'colcon_pkg'
[0.449s] Level 1:colcon.colcon_core.package_identification:_identify(src/CalcuPkg) by extensions ['colcon_meta']
[0.449s] Level 1:colcon.colcon_core.package_identification:_identify(src/CalcuPkg) by extension 'colcon_meta'
[0.449s] Level 1:colcon.colcon_core.package_identification:_identify(src/CalcuPkg) by extensions ['ros']
[0.449s] Level 1:colcon.colcon_core.package_identification:_identify(src/CalcuPkg) by extension 'ros'
[0.452s] DEBUG:colcon.colcon_core.package_identification:Package 'src/CalcuPkg' with type 'ros.ament_python' and name 'CalcuPkg'
[0.453s] Level 1:colcon.colcon_core.package_identification:_identify(src/RSPkg) by extensions ['ignore', 'ignore_ament_install']
[0.453s] Level 1:colcon.colcon_core.package_identification:_identify(src/RSPkg) by extension 'ignore'
[0.453s] Level 1:colcon.colcon_core.package_identification:_identify(src/RSPkg) by extension 'ignore_ament_install'
[0.453s] Level 1:colcon.colcon_core.package_identification:_identify(src/RSPkg) by extensions ['colcon_pkg']
[0.453s] Level 1:colcon.colcon_core.package_identification:_identify(src/RSPkg) by extension 'colcon_pkg'
[0.453s] Level 1:colcon.colcon_core.package_identification:_identify(src/RSPkg) by extensions ['colcon_meta']
[0.453s] Level 1:colcon.colcon_core.package_identification:_identify(src/RSPkg) by extension 'colcon_meta'
[0.453s] Level 1:colcon.colcon_core.package_identification:_identify(src/RSPkg) by extensions ['ros']
[0.453s] Level 1:colcon.colcon_core.package_identification:_identify(src/RSPkg) by extension 'ros'
[0.454s] DEBUG:colcon.colcon_core.package_identification:Package 'src/RSPkg' with type 'ros.ament_python' and name 'RSPkg'
[0.454s] Level 1:colcon.colcon_core.package_identification:_identify(src/SerialPkg) by extensions ['ignore', 'ignore_ament_install']
[0.454s] Level 1:colcon.colcon_core.package_identification:_identify(src/SerialPkg) by extension 'ignore'
[0.454s] Level 1:colcon.colcon_core.package_identification:_identify(src/SerialPkg) by extension 'ignore_ament_install'
[0.454s] Level 1:colcon.colcon_core.package_identification:_identify(src/SerialPkg) by extensions ['colcon_pkg']
[0.455s] Level 1:colcon.colcon_core.package_identification:_identify(src/SerialPkg) by extension 'colcon_pkg'
[0.455s] Level 1:colcon.colcon_core.package_identification:_identify(src/SerialPkg) by extensions ['colcon_meta']
[0.455s] Level 1:colcon.colcon_core.package_identification:_identify(src/SerialPkg) by extension 'colcon_meta'
[0.455s] Level 1:colcon.colcon_core.package_identification:_identify(src/SerialPkg) by extensions ['ros']
[0.455s] Level 1:colcon.colcon_core.package_identification:_identify(src/SerialPkg) by extension 'ros'
[0.456s] DEBUG:colcon.colcon_core.package_identification:Package 'src/SerialPkg' with type 'ros.ament_python' and name 'SerialPkg'
[0.456s] Level 1:colcon.colcon_core.package_discovery:discover_packages(recursive) using defaults
[0.456s] Level 1:colcon.colcon_core.package_discovery:discover_packages(ignore) discover
[0.456s] Level 1:colcon.colcon_core.package_discovery:discover_packages(ignore) using defaults
[0.456s] Level 1:colcon.colcon_core.package_discovery:discover_packages(path) discover
[0.456s] Level 1:colcon.colcon_core.package_discovery:discover_packages(path) using defaults
[0.509s] Level 1:colcon.colcon_core.package_discovery:discover_packages(prefix_path) check parameters
[0.509s] Level 1:colcon.colcon_core.package_discovery:discover_packages(prefix_path) discover
[0.530s] DEBUG:colcon.colcon_installed_package_information.package_discovery:Found 5 installed packages in /home/hotaka/R1_ros_ws/install
[0.533s] DEBUG:colcon.colcon_installed_package_information.package_discovery:Found 351 installed packages in /opt/ros/humble
[0.536s] Level 1:colcon.colcon_core.package_discovery:discover_packages(prefix_path) using defaults
[0.609s] Level 5:colcon.colcon_core.verb:set package 'CalcuPkg' build argument 'cmake_args' from command line to 'None'
[0.609s] Level 5:colcon.colcon_core.verb:set package 'CalcuPkg' build argument 'cmake_target' from command line to 'None'
[0.609s] Level 5:colcon.colcon_core.verb:set package 'CalcuPkg' build argument 'cmake_target_skip_unavailable' from command line to 'False'
[0.609s] Level 5:colcon.colcon_core.verb:set package 'CalcuPkg' build argument 'cmake_clean_cache' from command line to 'False'
[0.609s] Level 5:colcon.colcon_core.verb:set package 'CalcuPkg' build argument 'cmake_clean_first' from command line to 'False'
[0.609s] Level 5:colcon.colcon_core.verb:set package 'CalcuPkg' build argument 'cmake_force_configure' from command line to 'False'
[0.609s] Level 5:colcon.colcon_core.verb:set package 'CalcuPkg' build argument 'ament_cmake_args' from command line to 'None'
[0.609s] Level 5:colcon.colcon_core.verb:set package 'CalcuPkg' build argument 'catkin_cmake_args' from command line to 'None'
[0.609s] Level 5:colcon.colcon_core.verb:set package 'CalcuPkg' build argument 'catkin_skip_building_tests' from command line to 'False'
[0.610s] DEBUG:colcon.colcon_core.verb:Building package 'CalcuPkg' with the following arguments: {'ament_cmake_args': None, 'build_base': '/home/hotaka/R1_ros_ws/build/CalcuPkg', 'catkin_cmake_args': None, 'catkin_skip_building_tests': False, 'cmake_args': None, 'cmake_clean_cache': False, 'cmake_clean_first': False, 'cmake_force_configure': False, 'cmake_target': None, 'cmake_target_skip_unavailable': False, 'install_base': '/home/hotaka/R1_ros_ws/install/CalcuPkg', 'merge_install': False, 'path': '/home/hotaka/R1_ros_ws/src/CalcuPkg', 'symlink_install': False, 'test_result_base': None}
[0.610s] Level 5:colcon.colcon_core.verb:set package 'RSPkg' build argument 'cmake_args' from command line to 'None'
[0.610s] Level 5:colcon.colcon_core.verb:set package 'RSPkg' build argument 'cmake_target' from command line to 'None'
[0.610s] Level 5:colcon.colcon_core.verb:set package 'RSPkg' build argument 'cmake_target_skip_unavailable' from command line to 'False'
[0.610s] Level 5:colcon.colcon_core.verb:set package 'RSPkg' build argument 'cmake_clean_cache' from command line to 'False'
[0.610s] Level 5:colcon.colcon_core.verb:set package 'RSPkg' build argument 'cmake_clean_first' from command line to 'False'
[0.610s] Level 5:colcon.colcon_core.verb:set package 'RSPkg' build argument 'cmake_force_configure' from command line to 'False'
[0.610s] Level 5:colcon.colcon_core.verb:set package 'RSPkg' build argument 'ament_cmake_args' from command line to 'None'
[0.610s] Level 5:colcon.colcon_core.verb:set package 'RSPkg' build argument 'catkin_cmake_args' from command line to 'None'
[0.610s] Level 5:colcon.colcon_core.verb:set package 'RSPkg' build argument 'catkin_skip_building_tests' from command line to 'False'
[0.611s] DEBUG:colcon.colcon_core.verb:Building package 'RSPkg' with the following arguments: {'ament_cmake_args': None, 'build_base': '/home/hotaka/R1_ros_ws/build/RSPkg', 'catkin_cmake_args': None, 'catkin_skip_building_tests': False, 'cmake_args': None, 'cmake_clean_cache': False, 'cmake_clean_first': False, 'cmake_force_configure': False, 'cmake_target': None, 'cmake_target_skip_unavailable': False, 'install_base': '/home/hotaka/R1_ros_ws/install/RSPkg', 'merge_install': False, 'path': '/home/hotaka/R1_ros_ws/src/RSPkg', 'symlink_install': False, 'test_result_base': None}
[0.611s] Level 5:colcon.colcon_core.verb:set package 'SerialPkg' build argument 'cmake_args' from command line to 'None'
[0.611s] Level 5:colcon.colcon_core.verb:set package 'SerialPkg' build argument 'cmake_target' from command line to 'None'
[0.611s] Level 5:colcon.colcon_core.verb:set package 'SerialPkg' build argument 'cmake_target_skip_unavailable' from command line to 'False'
[0.611s] Level 5:colcon.colcon_core.verb:set package 'SerialPkg' build argument 'cmake_clean_cache' from command line to 'False'
[0.611s] Level 5:colcon.colcon_core.verb:set package 'SerialPkg' build argument 'cmake_clean_first' from command line to 'False'
[0.611s] Level 5:colcon.colcon_core.verb:set package 'SerialPkg' build argument 'cmake_force_configure' from command line to 'False'
[0.611s] Level 5:colcon.colcon_core.verb:set package 'SerialPkg' build argument 'ament_cmake_args' from command line to 'None'
[0.611s] Level 5:colcon.colcon_core.verb:set package 'SerialPkg' build argument 'catkin_cmake_args' from command line to 'None'
[0.611s] Level 5:colcon.colcon_core.verb:set package 'SerialPkg' build argument 'catkin_skip_building_tests' from command line to 'False'
[0.611s] DEBUG:colcon.colcon_core.verb:Building package 'SerialPkg' with the following arguments: {'ament_cmake_args': None, 'build_base': '/home/hotaka/R1_ros_ws/build/SerialPkg', 'catkin_cmake_args': None, 'catkin_skip_building_tests': False, 'cmake_args': None, 'cmake_clean_cache': False, 'cmake_clean_first': False, 'cmake_force_configure': False, 'cmake_target': None, 'cmake_target_skip_unavailable': False, 'install_base': '/home/hotaka/R1_ros_ws/install/SerialPkg', 'merge_install': False, 'path': '/home/hotaka/R1_ros_ws/src/SerialPkg', 'symlink_install': False, 'test_result_base': None}
[0.612s] INFO:colcon.colcon_core.executor:Executing jobs using 'parallel' executor
[0.613s] DEBUG:colcon.colcon_parallel_executor.executor.parallel:run_until_complete
[0.614s] INFO:colcon.colcon_ros.task.ament_python.build:Building ROS package in '/home/hotaka/R1_ros_ws/src/CalcuPkg' with build type 'ament_python'
[0.614s] Level 1:colcon.colcon_core.shell:create_environment_hook('CalcuPkg', 'ament_prefix_path')
[0.617s] INFO:colcon.colcon_core.plugin_system:Skipping extension 'colcon_core.shell.bat': Not used on non-Windows systems
[0.617s] INFO:colcon.colcon_core.shell:Creating environment hook '/home/hotaka/R1_ros_ws/install/CalcuPkg/share/CalcuPkg/hook/ament_prefix_path.ps1'
[0.618s] INFO:colcon.colcon_core.shell:Creating environment descriptor '/home/hotaka/R1_ros_ws/install/CalcuPkg/share/CalcuPkg/hook/ament_prefix_path.dsv'
[0.619s] INFO:colcon.colcon_core.shell:Creating environment hook '/home/hotaka/R1_ros_ws/install/CalcuPkg/share/CalcuPkg/hook/ament_prefix_path.sh'
[0.620s] INFO:colcon.colcon_core.shell:Skip shell extension 'powershell' for command environment: Not usable outside of PowerShell
[0.620s] DEBUG:colcon.colcon_core.shell:Skip shell extension 'dsv' for command environment
[0.625s] INFO:colcon.colcon_ros.task.ament_python.build:Building ROS package in '/home/hotaka/R1_ros_ws/src/RSPkg' with build type 'ament_python'
[0.625s] Level 1:colcon.colcon_core.shell:create_environment_hook('RSPkg', 'ament_prefix_path')
[0.626s] INFO:colcon.colcon_core.shell:Creating environment hook '/home/hotaka/R1_ros_ws/install/RSPkg/share/RSPkg/hook/ament_prefix_path.ps1'
[0.626s] INFO:colcon.colcon_core.shell:Creating environment descriptor '/home/hotaka/R1_ros_ws/install/RSPkg/share/RSPkg/hook/ament_prefix_path.dsv'
[0.627s] INFO:colcon.colcon_core.shell:Creating environment hook '/home/hotaka/R1_ros_ws/install/RSPkg/share/RSPkg/hook/ament_prefix_path.sh'
[0.627s] INFO:colcon.colcon_core.shell:Skip shell extension 'powershell' for command environment: Not usable outside of PowerShell
[0.628s] DEBUG:colcon.colcon_core.shell:Skip shell extension 'dsv' for command environment
[0.632s] INFO:colcon.colcon_ros.task.ament_python.build:Building ROS package in '/home/hotaka/R1_ros_ws/src/SerialPkg' with build type 'ament_python'
[0.633s] Level 1:colcon.colcon_core.shell:create_environment_hook('SerialPkg', 'ament_prefix_path')
[0.633s] INFO:colcon.colcon_core.shell:Creating environment hook '/home/hotaka/R1_ros_ws/install/SerialPkg/share/SerialPkg/hook/ament_prefix_path.ps1'
[0.634s] INFO:colcon.colcon_core.shell:Creating environment descriptor '/home/hotaka/R1_ros_ws/install/SerialPkg/share/SerialPkg/hook/ament_prefix_path.dsv'
[0.634s] INFO:colcon.colcon_core.shell:Creating environment hook '/home/hotaka/R1_ros_ws/install/SerialPkg/share/SerialPkg/hook/ament_prefix_path.sh'
[0.635s] INFO:colcon.colcon_core.shell:Skip shell extension 'powershell' for command environment: Not usable outside of PowerShell
[0.635s] DEBUG:colcon.colcon_core.shell:Skip shell extension 'dsv' for command environment
[1.086s] INFO:colcon.colcon_core.task.python.build:Building Python package in '/home/hotaka/R1_ros_ws/src/CalcuPkg'
[1.086s] INFO:colcon.colcon_core.shell:Skip shell extension 'powershell' for command environment: Not usable outside of PowerShell
[1.086s] DEBUG:colcon.colcon_core.shell:Skip shell extension 'dsv' for command environment
[1.502s] INFO:colcon.colcon_core.task.python.build:Building Python package in '/home/hotaka/R1_ros_ws/src/RSPkg'
[1.503s] INFO:colcon.colcon_core.shell:Skip shell extension 'powershell' for command environment: Not usable outside of PowerShell
[1.503s] DEBUG:colcon.colcon_core.shell:Skip shell extension 'dsv' for command environment
[1.921s] INFO:colcon.colcon_core.task.python.build:Building Python package in '/home/hotaka/R1_ros_ws/src/SerialPkg'
[1.921s] INFO:colcon.colcon_core.shell:Skip shell extension 'powershell' for command environment: Not usable outside of PowerShell
[1.922s] DEBUG:colcon.colcon_core.shell:Skip shell extension 'dsv' for command environment
[2.525s] DEBUG:colcon.colcon_core.event_handler.log_command:Invoking command in '/home/hotaka/R1_ros_ws/src/CalcuPkg': PYTHONPATH=/home/hotaka/R1_ros_ws/build/CalcuPkg/prefix_override:/home/hotaka/R1_ros_ws/install/CalcuPkg/lib/python3.10/site-packages:${PYTHONPATH} /usr/bin/python3 -W ignore:setup.py install is deprecated setup.py egg_info --egg-base ../../build/CalcuPkg build --build-base /home/hotaka/R1_ros_ws/build/CalcuPkg/build install --record /home/hotaka/R1_ros_ws/build/CalcuPkg/install.log --single-version-externally-managed install_data
[2.537s] DEBUG:colcon.colcon_core.event_handler.log_command:Invoking command in '/home/hotaka/R1_ros_ws/src/SerialPkg': PYTHONPATH=/home/hotaka/R1_ros_ws/build/SerialPkg/prefix_override:/home/hotaka/R1_ros_ws/install/SerialPkg/lib/python3.10/site-packages:${PYTHONPATH} /usr/bin/python3 -W ignore:setup.py install is deprecated setup.py egg_info --egg-base ../../build/SerialPkg build --build-base /home/hotaka/R1_ros_ws/build/SerialPkg/build install --record /home/hotaka/R1_ros_ws/build/SerialPkg/install.log --single-version-externally-managed install_data
[2.540s] DEBUG:colcon.colcon_core.event_handler.log_command:Invoking command in '/home/hotaka/R1_ros_ws/src/RSPkg': PYTHONPATH=/home/hotaka/R1_ros_ws/build/RSPkg/prefix_override:/home/hotaka/R1_ros_ws/install/RSPkg/lib/python3.10/site-packages:${PYTHONPATH} /usr/bin/python3 -W ignore:setup.py install is deprecated setup.py egg_info --egg-base ../../build/RSPkg build --build-base /home/hotaka/R1_ros_ws/build/RSPkg/build install --record /home/hotaka/R1_ros_ws/build/RSPkg/install.log --single-version-externally-managed install_data
[3.036s] DEBUG:colcon.colcon_core.event_handler.log_command:Invoked command in '/home/hotaka/R1_ros_ws/src/RSPkg' returned '0': PYTHONPATH=/home/hotaka/R1_ros_ws/build/RSPkg/prefix_override:/home/hotaka/R1_ros_ws/install/RSPkg/lib/python3.10/site-packages:${PYTHONPATH} /usr/bin/python3 -W ignore:setup.py install is deprecated setup.py egg_info --egg-base ../../build/RSPkg build --build-base /home/hotaka/R1_ros_ws/build/RSPkg/build install --record /home/hotaka/R1_ros_ws/build/RSPkg/install.log --single-version-externally-managed install_data
[3.040s] Level 1:colcon.colcon_core.environment:checking '/home/hotaka/R1_ros_ws/install/RSPkg' for CMake module files
[3.041s] Level 1:colcon.colcon_core.environment:checking '/home/hotaka/R1_ros_ws/install/RSPkg' for CMake config files
[3.042s] Level 1:colcon.colcon_core.environment:checking '/home/hotaka/R1_ros_ws/install/RSPkg/lib'
[3.043s] Level 1:colcon.colcon_core.environment:checking '/home/hotaka/R1_ros_ws/install/RSPkg/bin'
[3.043s] Level 1:colcon.colcon_core.environment:checking '/home/hotaka/R1_ros_ws/install/RSPkg/lib/pkgconfig/RSPkg.pc'
[3.043s] Level 1:colcon.colcon_core.environment:checking '/home/hotaka/R1_ros_ws/install/RSPkg/lib/python3.10/site-packages'
[3.043s] Level 1:colcon.colcon_core.shell:create_environment_hook('RSPkg', 'pythonpath')
[3.044s] INFO:colcon.colcon_core.shell:Creating environment hook '/home/hotaka/R1_ros_ws/install/RSPkg/share/RSPkg/hook/pythonpath.ps1'
[3.045s] INFO:colcon.colcon_core.shell:Creating environment descriptor '/home/hotaka/R1_ros_ws/install/RSPkg/share/RSPkg/hook/pythonpath.dsv'
[3.046s] INFO:colcon.colcon_core.shell:Creating environment hook '/home/hotaka/R1_ros_ws/install/RSPkg/share/RSPkg/hook/pythonpath.sh'
[3.046s] Level 1:colcon.colcon_core.environment:checking '/home/hotaka/R1_ros_ws/install/RSPkg/bin'
[3.047s] Level 1:colcon.colcon_core.environment:create_environment_scripts_only(RSPkg)
[3.047s] INFO:colcon.colcon_core.shell:Creating package script '/home/hotaka/R1_ros_ws/install/RSPkg/share/RSPkg/package.ps1'
[3.049s] INFO:colcon.colcon_core.shell:Creating package descriptor '/home/hotaka/R1_ros_ws/install/RSPkg/share/RSPkg/package.dsv'
[3.050s] INFO:colcon.colcon_core.shell:Creating package script '/home/hotaka/R1_ros_ws/install/RSPkg/share/RSPkg/package.sh'
[3.051s] INFO:colcon.colcon_core.shell:Creating package script '/home/hotaka/R1_ros_ws/install/RSPkg/share/RSPkg/package.bash'
[3.053s] INFO:colcon.colcon_core.shell:Creating package script '/home/hotaka/R1_ros_ws/install/RSPkg/share/RSPkg/package.zsh'
[3.054s] Level 1:colcon.colcon_core.environment:create_file_with_runtime_dependencies(/home/hotaka/R1_ros_ws/install/RSPkg/share/colcon-core/packages/RSPkg)
[3.075s] Level 1:colcon.colcon_core.environment:checking '/home/hotaka/R1_ros_ws/install/SerialPkg' for CMake module files
[3.077s] DEBUG:colcon.colcon_core.event_handler.log_command:Invoked command in '/home/hotaka/R1_ros_ws/src/SerialPkg' returned '0': PYTHONPATH=/home/hotaka/R1_ros_ws/build/SerialPkg/prefix_override:/home/hotaka/R1_ros_ws/install/SerialPkg/lib/python3.10/site-packages:${PYTHONPATH} /usr/bin/python3 -W ignore:setup.py install is deprecated setup.py egg_info --egg-base ../../build/SerialPkg build --build-base /home/hotaka/R1_ros_ws/build/SerialPkg/build install --record /home/hotaka/R1_ros_ws/build/SerialPkg/install.log --single-version-externally-managed install_data
[3.077s] Level 1:colcon.colcon_core.environment:checking '/home/hotaka/R1_ros_ws/install/SerialPkg' for CMake config files
[3.078s] Level 1:colcon.colcon_core.environment:checking '/home/hotaka/R1_ros_ws/install/SerialPkg/lib'
[3.078s] Level 1:colcon.colcon_core.environment:checking '/home/hotaka/R1_ros_ws/install/SerialPkg/bin'
[3.078s] Level 1:colcon.colcon_core.environment:checking '/home/hotaka/R1_ros_ws/install/SerialPkg/lib/pkgconfig/SerialPkg.pc'
[3.079s] Level 1:colcon.colcon_core.environment:checking '/home/hotaka/R1_ros_ws/install/SerialPkg/lib/python3.10/site-packages'
[3.079s] Level 1:colcon.colcon_core.shell:create_environment_hook('SerialPkg', 'pythonpath')
[3.080s] INFO:colcon.colcon_core.shell:Creating environment hook '/home/hotaka/R1_ros_ws/install/SerialPkg/share/SerialPkg/hook/pythonpath.ps1'
[3.080s] INFO:colcon.colcon_core.shell:Creating environment descriptor '/home/hotaka/R1_ros_ws/install/SerialPkg/share/SerialPkg/hook/pythonpath.dsv'
[3.081s] INFO:colcon.colcon_core.shell:Creating environment hook '/home/hotaka/R1_ros_ws/install/SerialPkg/share/SerialPkg/hook/pythonpath.sh'
[3.082s] Level 1:colcon.colcon_core.environment:checking '/home/hotaka/R1_ros_ws/install/SerialPkg/bin'
[3.082s] Level 1:colcon.colcon_core.environment:create_environment_scripts_only(SerialPkg)
[3.083s] INFO:colcon.colcon_core.shell:Creating package script '/home/hotaka/R1_ros_ws/install/SerialPkg/share/SerialPkg/package.ps1'
[3.084s] INFO:colcon.colcon_core.shell:Creating package descriptor '/home/hotaka/R1_ros_ws/install/SerialPkg/share/SerialPkg/package.dsv'
[3.084s] INFO:colcon.colcon_core.shell:Creating package script '/home/hotaka/R1_ros_ws/install/SerialPkg/share/SerialPkg/package.sh'
[3.085s] INFO:colcon.colcon_core.shell:Creating package script '/home/hotaka/R1_ros_ws/install/SerialPkg/share/SerialPkg/package.bash'
[3.086s] INFO:colcon.colcon_core.shell:Creating package script '/home/hotaka/R1_ros_ws/install/SerialPkg/share/SerialPkg/package.zsh'
[3.086s] Level 1:colcon.colcon_core.environment:create_file_with_runtime_dependencies(/home/hotaka/R1_ros_ws/install/SerialPkg/share/colcon-core/packages/SerialPkg)
[3.088s] Level 1:colcon.colcon_core.environment:checking '/home/hotaka/R1_ros_ws/install/CalcuPkg' for CMake module files
[3.090s] DEBUG:colcon.colcon_core.event_handler.log_command:Invoked command in '/home/hotaka/R1_ros_ws/src/CalcuPkg' returned '0': PYTHONPATH=/home/hotaka/R1_ros_ws/build/CalcuPkg/prefix_override:/home/hotaka/R1_ros_ws/install/CalcuPkg/lib/python3.10/site-packages:${PYTHONPATH} /usr/bin/python3 -W ignore:setup.py install is deprecated setup.py egg_info --egg-base ../../build/CalcuPkg build --build-base /home/hotaka/R1_ros_ws/build/CalcuPkg/build install --record /home/hotaka/R1_ros_ws/build/CalcuPkg/install.log --single-version-externally-managed install_data
[3.090s] Level 1:colcon.colcon_core.environment:checking '/home/hotaka/R1_ros_ws/install/CalcuPkg' for CMake config files
[3.091s] Level 1:colcon.colcon_core.environment:checking '/home/hotaka/R1_ros_ws/install/CalcuPkg/lib'
[3.091s] Level 1:colcon.colcon_core.environment:checking '/home/hotaka/R1_ros_ws/install/CalcuPkg/bin'
[3.092s] Level 1:colcon.colcon_core.environment:checking '/home/hotaka/R1_ros_ws/install/CalcuPkg/lib/pkgconfig/CalcuPkg.pc'
[3.092s] Level 1:colcon.colcon_core.environment:checking '/home/hotaka/R1_ros_ws/install/CalcuPkg/lib/python3.10/site-packages'
[3.092s] Level 1:colcon.colcon_core.shell:create_environment_hook('CalcuPkg', 'pythonpath')
[3.092s] INFO:colcon.colcon_core.shell:Creating environment hook '/home/hotaka/R1_ros_ws/install/CalcuPkg/share/CalcuPkg/hook/pythonpath.ps1'
[3.093s] INFO:colcon.colcon_core.shell:Creating environment descriptor '/home/hotaka/R1_ros_ws/install/CalcuPkg/share/CalcuPkg/hook/pythonpath.dsv'
[3.094s] INFO:colcon.colcon_core.shell:Creating environment hook '/home/hotaka/R1_ros_ws/install/CalcuPkg/share/CalcuPkg/hook/pythonpath.sh'
[3.095s] Level 1:colcon.colcon_core.environment:checking '/home/hotaka/R1_ros_ws/install/CalcuPkg/bin'
[3.095s] Level 1:colcon.colcon_core.environment:create_environment_scripts_only(CalcuPkg)
[3.095s] INFO:colcon.colcon_core.shell:Creating package script '/home/hotaka/R1_ros_ws/install/CalcuPkg/share/CalcuPkg/package.ps1'
[3.096s] INFO:colcon.colcon_core.shell:Creating package descriptor '/home/hotaka/R1_ros_ws/install/CalcuPkg/share/CalcuPkg/package.dsv'
[3.097s] INFO:colcon.colcon_core.shell:Creating package script '/home/hotaka/R1_ros_ws/install/CalcuPkg/share/CalcuPkg/package.sh'
[3.098s] INFO:colcon.colcon_core.shell:Creating package script '/home/hotaka/R1_ros_ws/install/CalcuPkg/share/CalcuPkg/package.bash'
[3.098s] INFO:colcon.colcon_core.shell:Creating package script '/home/hotaka/R1_ros_ws/install/CalcuPkg/share/CalcuPkg/package.zsh'
[3.099s] Level 1:colcon.colcon_core.environment:create_file_with_runtime_dependencies(/home/hotaka/R1_ros_ws/install/CalcuPkg/share/colcon-core/packages/CalcuPkg)
[3.099s] DEBUG:colcon.colcon_parallel_executor.executor.parallel:closing loop
[3.100s] DEBUG:colcon.colcon_parallel_executor.executor.parallel:loop closed
[3.100s] DEBUG:colcon.colcon_parallel_executor.executor.parallel:run_until_complete finished with '0'
[3.100s] DEBUG:colcon.colcon_core.event_reactor:joining thread
[3.108s] INFO:colcon.colcon_core.plugin_system:Skipping extension 'colcon_notification.desktop_notification.terminal_notifier': Not used on non-Darwin systems
[3.109s] INFO:colcon.colcon_core.plugin_system:Skipping extension 'colcon_notification.desktop_notification.win32': Not used on non-Windows systems
[3.109s] INFO:colcon.colcon_notification.desktop_notification:Sending desktop notification using 'notify2'
[3.127s] DEBUG:colcon.colcon_core.event_reactor:joined thread
[3.128s] INFO:colcon.colcon_core.shell:Creating prefix script '/home/hotaka/R1_ros_ws/install/local_setup.ps1'
[3.129s] INFO:colcon.colcon_core.shell:Creating prefix util module '/home/hotaka/R1_ros_ws/install/_local_setup_util_ps1.py'
[3.132s] INFO:colcon.colcon_core.shell:Creating prefix chain script '/home/hotaka/R1_ros_ws/install/setup.ps1'
[3.133s] INFO:colcon.colcon_core.shell:Creating prefix script '/home/hotaka/R1_ros_ws/install/local_setup.sh'
[3.134s] INFO:colcon.colcon_core.shell:Creating prefix util module '/home/hotaka/R1_ros_ws/install/_local_setup_util_sh.py'
[3.135s] INFO:colcon.colcon_core.shell:Creating prefix chain script '/home/hotaka/R1_ros_ws/install/setup.sh'
[3.137s] INFO:colcon.colcon_core.shell:Creating prefix script '/home/hotaka/R1_ros_ws/install/local_setup.bash'
[3.138s] INFO:colcon.colcon_core.shell:Creating prefix chain script '/home/hotaka/R1_ros_ws/install/setup.bash'
[3.139s] INFO:colcon.colcon_core.shell:Creating prefix script '/home/hotaka/R1_ros_ws/install/local_setup.zsh'
[3.140s] INFO:colcon.colcon_core.shell:Creating prefix chain script '/home/hotaka/R1_ros_ws/install/setup.zsh'
