[0.627s] Invoking command in '/home/hotaka/R1_ros_ws/src/RSPkg': PYTHONPATH=/home/hotaka/R1_ros_ws/build/RSPkg/prefix_override:/usr/lib/python3/dist-packages/colcon_core/task/python/colcon_distutils_commands:/home/hotaka/R1_ros_ws/install/RSPkg/lib/python3.10/site-packages:${PYTHONPATH} /usr/bin/python3 -W ignore:setup.py install is deprecated setup.py egg_info --egg-base ../../build/RSPkg build --build-base /home/hotaka/R1_ros_ws/build/RSPkg/build install --record /home/hotaka/R1_ros_ws/build/RSPkg/install.log --single-version-externally-managed install_data
[0.768s] running egg_info
[0.769s] writing ../../build/RSPkg/RSPkg.egg-info/PKG-INFO
[0.769s] writing dependency_links to ../../build/RSPkg/RSPkg.egg-info/dependency_links.txt
[0.769s] writing entry points to ../../build/RSPkg/RSPkg.egg-info/entry_points.txt
[0.769s] writing requirements to ../../build/RSPkg/RSPkg.egg-info/requires.txt
[0.769s] writing top-level names to ../../build/RSPkg/RSPkg.egg-info/top_level.txt
[0.770s] reading manifest file '../../build/RSPkg/RSPkg.egg-info/SOURCES.txt'
[0.770s] writing manifest file '../../build/RSPkg/RSPkg.egg-info/SOURCES.txt'
[0.770s] running build
[0.770s] running build_py
[0.771s] copying RSPkg/RS_node.py -> /home/hotaka/R1_ros_ws/build/RSPkg/build/lib/RSPkg
[0.771s] copying RSPkg/__init__.py -> /home/hotaka/R1_ros_ws/build/RSPkg/build/lib/RSPkg
[0.771s] running install
[0.771s] running install_lib
[0.771s] copying /home/hotaka/R1_ros_ws/build/RSPkg/build/lib/RSPkg/RS_node.py -> /home/hotaka/R1_ros_ws/install/RSPkg/lib/python3.10/site-packages/RSPkg
[0.771s] copying /home/hotaka/R1_ros_ws/build/RSPkg/build/lib/RSPkg/__init__.py -> /home/hotaka/R1_ros_ws/install/RSPkg/lib/python3.10/site-packages/RSPkg
[0.771s] byte-compiling /home/hotaka/R1_ros_ws/install/RSPkg/lib/python3.10/site-packages/RSPkg/RS_node.py to RS_node.cpython-310.pyc
[0.772s] byte-compiling /home/hotaka/R1_ros_ws/install/RSPkg/lib/python3.10/site-packages/RSPkg/__init__.py to __init__.cpython-310.pyc
[0.772s] running install_data
[0.772s] copying resource/RSPkg -> /home/hotaka/R1_ros_ws/install/RSPkg/share/ament_index/resource_index/packages
[0.772s] copying package.xml -> /home/hotaka/R1_ros_ws/install/RSPkg/share/RSPkg
[0.772s] running install_egg_info
[0.773s] removing '/home/hotaka/R1_ros_ws/install/RSPkg/lib/python3.10/site-packages/RSPkg-0.0.0-py3.10.egg-info' (and everything under it)
[0.773s] Copying ../../build/RSPkg/RSPkg.egg-info to /home/hotaka/R1_ros_ws/install/RSPkg/lib/python3.10/site-packages/RSPkg-0.0.0-py3.10.egg-info
[0.773s] running install_scripts
[0.787s] Installing RS_node script to /home/hotaka/R1_ros_ws/install/RSPkg/lib/RSPkg
[0.787s] writing list of installed files to '/home/hotaka/R1_ros_ws/build/RSPkg/install.log'
[0.803s] Invoked command in '/home/hotaka/R1_ros_ws/src/RSPkg' returned '0': PYTHONPATH=/home/hotaka/R1_ros_ws/build/RSPkg/prefix_override:/usr/lib/python3/dist-packages/colcon_core/task/python/colcon_distutils_commands:/home/hotaka/R1_ros_ws/install/RSPkg/lib/python3.10/site-packages:${PYTHONPATH} /usr/bin/python3 -W ignore:setup.py install is deprecated setup.py egg_info --egg-base ../../build/RSPkg build --build-base /home/hotaka/R1_ros_ws/build/RSPkg/build install --record /home/hotaka/R1_ros_ws/build/RSPkg/install.log --single-version-externally-managed install_data
