[1.117s] Invoking command in '/home/hotaka/R1_ros_ws/src/DebugPkg': PYTHONPATH=/home/hotaka/R1_ros_ws/build/DebugPkg/prefix_override:/home/hotaka/R1_ros_ws/install/DebugPkg/lib/python3.10/site-packages:${PYTHONPATH} /usr/bin/python3 -W ignore:setup.py install is deprecated setup.py egg_info --egg-base ../../build/DebugPkg build --build-base /home/hotaka/R1_ros_ws/build/DebugPkg/build install --record /home/hotaka/R1_ros_ws/build/DebugPkg/install.log --single-version-externally-managed install_data
[1.316s] running egg_info
[1.316s] writing ../../build/DebugPkg/DebugPkg.egg-info/PKG-INFO
[1.317s] writing dependency_links to ../../build/DebugPkg/DebugPkg.egg-info/dependency_links.txt
[1.317s] writing entry points to ../../build/DebugPkg/DebugPkg.egg-info/entry_points.txt
[1.317s] writing requirements to ../../build/DebugPkg/DebugPkg.egg-info/requires.txt
[1.317s] writing top-level names to ../../build/DebugPkg/DebugPkg.egg-info/top_level.txt
[1.319s] reading manifest file '../../build/DebugPkg/DebugPkg.egg-info/SOURCES.txt'
[1.320s] writing manifest file '../../build/DebugPkg/DebugPkg.egg-info/SOURCES.txt'
[1.321s] running build
[1.321s] running build_py
[1.321s] running install
[1.322s] running install_lib
[1.323s] running install_data
[1.323s] running install_egg_info
[1.325s] removing '/home/hotaka/R1_ros_ws/install/DebugPkg/lib/python3.10/site-packages/DebugPkg-0.0.0-py3.10.egg-info' (and everything under it)
[1.325s] Copying ../../build/DebugPkg/DebugPkg.egg-info to /home/hotaka/R1_ros_ws/install/DebugPkg/lib/python3.10/site-packages/DebugPkg-0.0.0-py3.10.egg-info
[1.326s] running install_scripts
[1.344s] Installing debug_node script to /home/hotaka/R1_ros_ws/install/DebugPkg/lib/DebugPkg
[1.345s] writing list of installed files to '/home/hotaka/R1_ros_ws/build/DebugPkg/install.log'
[1.389s] Invoked command in '/home/hotaka/R1_ros_ws/src/DebugPkg' returned '0': PYTHONPATH=/home/hotaka/R1_ros_ws/build/DebugPkg/prefix_override:/home/hotaka/R1_ros_ws/install/DebugPkg/lib/python3.10/site-packages:${PYTHONPATH} /usr/bin/python3 -W ignore:setup.py install is deprecated setup.py egg_info --egg-base ../../build/DebugPkg build --build-base /home/hotaka/R1_ros_ws/build/DebugPkg/build install --record /home/hotaka/R1_ros_ws/build/DebugPkg/install.log --single-version-externally-managed install_data
