[0.912s] Invoking command in '/home/hotaka/2024_RoboconB_Repository/program/R1_ros_ws/src/RSPkg': PYTHONPATH=/home/hotaka/2024_RoboconB_Repository/program/R1_ros_ws/build/RSPkg/prefix_override:/home/hotaka/2024_RoboconB_Repository/program/R1_ros_ws/install/RSPkg/lib/python3.10/site-packages:${PYTHONPATH} /usr/bin/python3 -W ignore:setup.py install is deprecated setup.py egg_info --egg-base ../../build/RSPkg build --build-base /home/hotaka/2024_RoboconB_Repository/program/R1_ros_ws/build/RSPkg/build install --record /home/hotaka/2024_RoboconB_Repository/program/R1_ros_ws/build/RSPkg/install.log --single-version-externally-managed install_data
[1.102s] running egg_info
[1.103s] writing ../../build/RSPkg/RSPkg.egg-info/PKG-INFO
[1.103s] writing dependency_links to ../../build/RSPkg/RSPkg.egg-info/dependency_links.txt
[1.103s] writing entry points to ../../build/RSPkg/RSPkg.egg-info/entry_points.txt
[1.104s] writing requirements to ../../build/RSPkg/RSPkg.egg-info/requires.txt
[1.104s] writing top-level names to ../../build/RSPkg/RSPkg.egg-info/top_level.txt
[1.106s] reading manifest file '../../build/RSPkg/RSPkg.egg-info/SOURCES.txt'
[1.106s] adding license file 'LICENSE'
[1.107s] writing manifest file '../../build/RSPkg/RSPkg.egg-info/SOURCES.txt'
[1.107s] running build
[1.107s] running build_py
[1.107s] running install
[1.108s] running install_lib
[1.110s] running install_data
[1.110s] running install_egg_info
[1.112s] removing '/home/hotaka/2024_RoboconB_Repository/program/R1_ros_ws/install/RSPkg/lib/python3.10/site-packages/RSPkg-0.0.0-py3.10.egg-info' (and everything under it)
[1.112s] Copying ../../build/RSPkg/RSPkg.egg-info to /home/hotaka/2024_RoboconB_Repository/program/R1_ros_ws/install/RSPkg/lib/python3.10/site-packages/RSPkg-0.0.0-py3.10.egg-info
[1.112s] running install_scripts
[1.139s] Installing RS_node script to /home/hotaka/2024_RoboconB_Repository/program/R1_ros_ws/install/RSPkg/lib/RSPkg
[1.140s] writing list of installed files to '/home/hotaka/2024_RoboconB_Repository/program/R1_ros_ws/build/RSPkg/install.log'
[1.173s] Invoked command in '/home/hotaka/2024_RoboconB_Repository/program/R1_ros_ws/src/RSPkg' returned '0': PYTHONPATH=/home/hotaka/2024_RoboconB_Repository/program/R1_ros_ws/build/RSPkg/prefix_override:/home/hotaka/2024_RoboconB_Repository/program/R1_ros_ws/install/RSPkg/lib/python3.10/site-packages:${PYTHONPATH} /usr/bin/python3 -W ignore:setup.py install is deprecated setup.py egg_info --egg-base ../../build/RSPkg build --build-base /home/hotaka/2024_RoboconB_Repository/program/R1_ros_ws/build/RSPkg/build install --record /home/hotaka/2024_RoboconB_Repository/program/R1_ros_ws/build/RSPkg/install.log --single-version-externally-managed install_data
