[0.661s] Invoking command in '/home/hotaka/R1_ros_ws/src/SerialPkg': PYTHONPATH=/home/hotaka/R1_ros_ws/build/SerialPkg/prefix_override:/usr/lib/python3/dist-packages/colcon_core/task/python/colcon_distutils_commands:/home/hotaka/R1_ros_ws/install/SerialPkg/lib/python3.10/site-packages:${PYTHONPATH} /usr/bin/python3 -W ignore:setup.py install is deprecated setup.py egg_info --egg-base ../../build/SerialPkg build --build-base /home/hotaka/R1_ros_ws/build/SerialPkg/build install --record /home/hotaka/R1_ros_ws/build/SerialPkg/install.log --single-version-externally-managed install_data
[0.833s] running egg_info
[0.833s] writing ../../build/SerialPkg/SerialPkg.egg-info/PKG-INFO
[0.833s] writing dependency_links to ../../build/SerialPkg/SerialPkg.egg-info/dependency_links.txt
[0.833s] writing entry points to ../../build/SerialPkg/SerialPkg.egg-info/entry_points.txt
[0.833s] writing requirements to ../../build/SerialPkg/SerialPkg.egg-info/requires.txt
[0.833s] writing top-level names to ../../build/SerialPkg/SerialPkg.egg-info/top_level.txt
[0.834s] reading manifest file '../../build/SerialPkg/SerialPkg.egg-info/SOURCES.txt'
[0.834s] writing manifest file '../../build/SerialPkg/SerialPkg.egg-info/SOURCES.txt'
[0.835s] running build
[0.835s] running build_py
[0.835s] copying SerialPkg/my_serial.py -> /home/hotaka/R1_ros_ws/build/SerialPkg/build/lib/SerialPkg
[0.835s] copying SerialPkg/IM920sL.py -> /home/hotaka/R1_ros_ws/build/SerialPkg/build/lib/SerialPkg
[0.835s] copying SerialPkg/IM920_node.py -> /home/hotaka/R1_ros_ws/build/SerialPkg/build/lib/SerialPkg
[0.835s] copying SerialPkg/__init__.py -> /home/hotaka/R1_ros_ws/build/SerialPkg/build/lib/SerialPkg
[0.835s] copying SerialPkg/serial_node.py -> /home/hotaka/R1_ros_ws/build/SerialPkg/build/lib/SerialPkg
[0.835s] running install
[0.835s] running install_lib
[0.835s] copying /home/hotaka/R1_ros_ws/build/SerialPkg/build/lib/SerialPkg/my_serial.py -> /home/hotaka/R1_ros_ws/install/SerialPkg/lib/python3.10/site-packages/SerialPkg
[0.836s] copying /home/hotaka/R1_ros_ws/build/SerialPkg/build/lib/SerialPkg/IM920sL.py -> /home/hotaka/R1_ros_ws/install/SerialPkg/lib/python3.10/site-packages/SerialPkg
[0.836s] copying /home/hotaka/R1_ros_ws/build/SerialPkg/build/lib/SerialPkg/IM920_node.py -> /home/hotaka/R1_ros_ws/install/SerialPkg/lib/python3.10/site-packages/SerialPkg
[0.836s] copying /home/hotaka/R1_ros_ws/build/SerialPkg/build/lib/SerialPkg/__init__.py -> /home/hotaka/R1_ros_ws/install/SerialPkg/lib/python3.10/site-packages/SerialPkg
[0.836s] copying /home/hotaka/R1_ros_ws/build/SerialPkg/build/lib/SerialPkg/serial_node.py -> /home/hotaka/R1_ros_ws/install/SerialPkg/lib/python3.10/site-packages/SerialPkg
[0.836s] byte-compiling /home/hotaka/R1_ros_ws/install/SerialPkg/lib/python3.10/site-packages/SerialPkg/my_serial.py to my_serial.cpython-310.pyc
[0.836s] byte-compiling /home/hotaka/R1_ros_ws/install/SerialPkg/lib/python3.10/site-packages/SerialPkg/IM920sL.py to IM920sL.cpython-310.pyc
[0.837s] byte-compiling /home/hotaka/R1_ros_ws/install/SerialPkg/lib/python3.10/site-packages/SerialPkg/IM920_node.py to IM920_node.cpython-310.pyc
[0.837s] byte-compiling /home/hotaka/R1_ros_ws/install/SerialPkg/lib/python3.10/site-packages/SerialPkg/__init__.py to __init__.cpython-310.pyc
[0.837s] byte-compiling /home/hotaka/R1_ros_ws/install/SerialPkg/lib/python3.10/site-packages/SerialPkg/serial_node.py to serial_node.cpython-310.pyc
[0.838s] running install_data
[0.838s] copying resource/SerialPkg -> /home/hotaka/R1_ros_ws/install/SerialPkg/share/ament_index/resource_index/packages
[0.838s] copying package.xml -> /home/hotaka/R1_ros_ws/install/SerialPkg/share/SerialPkg
[0.838s] running install_egg_info
[0.839s] removing '/home/hotaka/R1_ros_ws/install/SerialPkg/lib/python3.10/site-packages/SerialPkg-0.0.0-py3.10.egg-info' (and everything under it)
[0.839s] Copying ../../build/SerialPkg/SerialPkg.egg-info to /home/hotaka/R1_ros_ws/install/SerialPkg/lib/python3.10/site-packages/SerialPkg-0.0.0-py3.10.egg-info
[0.839s] running install_scripts
[0.851s] Installing IM920_node script to /home/hotaka/R1_ros_ws/install/SerialPkg/lib/SerialPkg
[0.851s] Installing serial_node script to /home/hotaka/R1_ros_ws/install/SerialPkg/lib/SerialPkg
[0.851s] writing list of installed files to '/home/hotaka/R1_ros_ws/build/SerialPkg/install.log'
[0.866s] Invoked command in '/home/hotaka/R1_ros_ws/src/SerialPkg' returned '0': PYTHONPATH=/home/hotaka/R1_ros_ws/build/SerialPkg/prefix_override:/usr/lib/python3/dist-packages/colcon_core/task/python/colcon_distutils_commands:/home/hotaka/R1_ros_ws/install/SerialPkg/lib/python3.10/site-packages:${PYTHONPATH} /usr/bin/python3 -W ignore:setup.py install is deprecated setup.py egg_info --egg-base ../../build/SerialPkg build --build-base /home/hotaka/R1_ros_ws/build/SerialPkg/build install --record /home/hotaka/R1_ros_ws/build/SerialPkg/install.log --single-version-externally-managed install_data
