[1.898s] Invoking command in '/home/hotaka/R1_ros_ws/src/RSPkg': PYTHONPATH=/home/hotaka/R1_ros_ws/build/RSPkg/prefix_override:/home/hotaka/R1_ros_ws/install/RSPkg/lib/python3.10/site-packages:${PYTHONPATH} /usr/bin/python3 -W ignore:setup.py install is deprecated setup.py egg_info --egg-base ../../build/RSPkg build --build-base /home/hotaka/R1_ros_ws/build/RSPkg/build install --record /home/hotaka/R1_ros_ws/build/RSPkg/install.log --single-version-externally-managed install_data
[2.324s] running egg_info
[2.326s] writing ../../build/RSPkg/RSPkg.egg-info/PKG-INFO
[2.326s] writing dependency_links to ../../build/RSPkg/RSPkg.egg-info/dependency_links.txt
[2.326s] writing entry points to ../../build/RSPkg/RSPkg.egg-info/entry_points.txt
[2.327s] writing requirements to ../../build/RSPkg/RSPkg.egg-info/requires.txt
[2.327s] writing top-level names to ../../build/RSPkg/RSPkg.egg-info/top_level.txt
[2.331s] reading manifest file '../../build/RSPkg/RSPkg.egg-info/SOURCES.txt'
[2.333s] writing manifest file '../../build/RSPkg/RSPkg.egg-info/SOURCES.txt'
[2.334s] running build
[2.334s] running build_py
[2.335s] running install
[2.335s] running install_lib
[2.338s] running install_data
[2.338s] running install_egg_info
[2.344s] removing '/home/hotaka/R1_ros_ws/install/RSPkg/lib/python3.10/site-packages/RSPkg-0.0.0-py3.10.egg-info' (and everything under it)
[2.345s] Copying ../../build/RSPkg/RSPkg.egg-info to /home/hotaka/R1_ros_ws/install/RSPkg/lib/python3.10/site-packages/RSPkg-0.0.0-py3.10.egg-info
[2.347s] running install_scripts
[2.398s] Installing RS_node script to /home/hotaka/R1_ros_ws/install/RSPkg/lib/RSPkg
[2.399s] writing list of installed files to '/home/hotaka/R1_ros_ws/build/RSPkg/install.log'
[2.442s] Invoked command in '/home/hotaka/R1_ros_ws/src/RSPkg' returned '0': PYTHONPATH=/home/hotaka/R1_ros_ws/build/RSPkg/prefix_override:/home/hotaka/R1_ros_ws/install/RSPkg/lib/python3.10/site-packages:${PYTHONPATH} /usr/bin/python3 -W ignore:setup.py install is deprecated setup.py egg_info --egg-base ../../build/RSPkg build --build-base /home/hotaka/R1_ros_ws/build/RSPkg/build install --record /home/hotaka/R1_ros_ws/build/RSPkg/install.log --single-version-externally-managed install_data
