[2.487s] Invoking command in '/home/hotaka/R1_ros_ws/src/DebugPkg': PYTHONPATH=/home/hotaka/R1_ros_ws/build/DebugPkg/prefix_override:/home/hotaka/R1_ros_ws/install/DebugPkg/lib/python3.10/site-packages:${PYTHONPATH} /usr/bin/python3 -W ignore:setup.py install is deprecated setup.py egg_info --egg-base ../../build/DebugPkg build --build-base /home/hotaka/R1_ros_ws/build/DebugPkg/build install --record /home/hotaka/R1_ros_ws/build/DebugPkg/install.log --single-version-externally-managed install_data
[2.999s] running egg_info
[3.002s] writing ../../build/DebugPkg/DebugPkg.egg-info/PKG-INFO
[3.003s] writing dependency_links to ../../build/DebugPkg/DebugPkg.egg-info/dependency_links.txt
[3.004s] writing entry points to ../../build/DebugPkg/DebugPkg.egg-info/entry_points.txt
[3.004s] writing requirements to ../../build/DebugPkg/DebugPkg.egg-info/requires.txt
[3.004s] writing top-level names to ../../build/DebugPkg/DebugPkg.egg-info/top_level.txt
[3.009s] reading manifest file '../../build/DebugPkg/DebugPkg.egg-info/SOURCES.txt'
[3.013s] writing manifest file '../../build/DebugPkg/DebugPkg.egg-info/SOURCES.txt'
[3.013s] running build
[3.013s] running build_py
[3.019s] running install
[3.019s] running install_lib
[3.019s] running install_data
[3.020s] running install_egg_info
[3.026s] removing '/home/hotaka/R1_ros_ws/install/DebugPkg/lib/python3.10/site-packages/DebugPkg-0.0.0-py3.10.egg-info' (and everything under it)
[3.027s] Copying ../../build/DebugPkg/DebugPkg.egg-info to /home/hotaka/R1_ros_ws/install/DebugPkg/lib/python3.10/site-packages/DebugPkg-0.0.0-py3.10.egg-info
[3.028s] running install_scripts
[3.074s] Installing debug_node script to /home/hotaka/R1_ros_ws/install/DebugPkg/lib/DebugPkg
[3.074s] writing list of installed files to '/home/hotaka/R1_ros_ws/build/DebugPkg/install.log'
[3.177s] Invoked command in '/home/hotaka/R1_ros_ws/src/DebugPkg' returned '0': PYTHONPATH=/home/hotaka/R1_ros_ws/build/DebugPkg/prefix_override:/home/hotaka/R1_ros_ws/install/DebugPkg/lib/python3.10/site-packages:${PYTHONPATH} /usr/bin/python3 -W ignore:setup.py install is deprecated setup.py egg_info --egg-base ../../build/DebugPkg build --build-base /home/hotaka/R1_ros_ws/build/DebugPkg/build install --record /home/hotaka/R1_ros_ws/build/DebugPkg/install.log --single-version-externally-managed install_data
